<?xml version="1.0" encoding="UTF-8"?>
<coverage generated="1605627705452" clover="3.2.0">
  <project timestamp="1605627705452" name="All files">
    <metrics statements="944" coveredstatements="935" conditionals="547" coveredconditionals="503" methods="233" coveredmethods="231" elements="1724" coveredelements="1669" complexity="0" loc="944" ncloc="944" packages="5" files="35" classes="35"/>
    <package name="src">
      <metrics statements="33" coveredstatements="33" conditionals="20" coveredconditionals="20" methods="7" coveredmethods="7"/>
      <file name="declarations.d.ts" path="/work/hflabs-suggestions/src/declarations.d.ts">
        <metrics statements="0" coveredstatements="0" conditionals="0" coveredconditionals="0" methods="0" coveredmethods="0"/>
      </file>
      <file name="defaultOption.ts" path="/work/hflabs-suggestions/src/defaultOption.ts">
        <metrics statements="2" coveredstatements="2" conditionals="0" coveredconditionals="0" methods="0" coveredmethods="0"/>
        <line num="3" count="9" type="stmt"/>
        <line num="26" count="9" type="stmt"/>
      </file>
      <file name="errors.ts" path="/work/hflabs-suggestions/src/errors.ts">
        <metrics statements="7" coveredstatements="7" conditionals="0" coveredconditionals="0" methods="0" coveredmethods="0"/>
        <line num="1" count="10" type="stmt"/>
        <line num="2" count="10" type="stmt"/>
        <line num="4" count="10" type="stmt"/>
        <line num="5" count="10" type="stmt"/>
        <line num="6" count="10" type="stmt"/>
        <line num="7" count="10" type="stmt"/>
        <line num="8" count="10" type="stmt"/>
      </file>
      <file name="instances.ts" path="/work/hflabs-suggestions/src/instances.ts">
        <metrics statements="24" coveredstatements="24" conditionals="20" coveredconditionals="20" methods="7" coveredmethods="7"/>
        <line num="7" count="3" type="stmt"/>
        <line num="16" count="3" type="stmt"/>
        <line num="17" count="3" type="stmt"/>
        <line num="19" count="3" type="stmt"/>
        <line num="21" count="5" type="cond" truecount="2" falsecount="0"/>
        <line num="26" count="3" type="stmt"/>
        <line num="32" count="3" type="stmt"/>
        <line num="35" count="10" type="stmt"/>
        <line num="36" count="100" type="stmt"/>
        <line num="37" count="100" type="stmt"/>
        <line num="50" count="3" type="stmt"/>
        <line num="51" count="3" type="cond" truecount="4" falsecount="0"/>
        <line num="52" count="3" type="stmt"/>
        <line num="63" count="3" type="stmt"/>
        <line num="68" count="11" type="cond" truecount="6" falsecount="0"/>
        <line num="69" count="2" type="stmt"/>
        <line num="72" count="9" type="cond" truecount="4" falsecount="0"/>
        <line num="74" count="9" type="stmt"/>
        <line num="83" count="9" type="stmt"/>
        <line num="88" count="9" type="stmt"/>
        <line num="98" count="3" type="stmt"/>
        <line num="105" count="10" type="stmt"/>
        <line num="107" count="4" type="stmt"/>
        <line num="109" count="4" type="stmt"/>
      </file>
      <file name="types.d.ts" path="/work/hflabs-suggestions/src/types.d.ts">
        <metrics statements="0" coveredstatements="0" conditionals="0" coveredconditionals="0" methods="0" coveredmethods="0"/>
      </file>
    </package>
    <package name="src.classes">
      <metrics statements="322" coveredstatements="322" conditionals="108" coveredconditionals="100" methods="88" coveredmethods="88"/>
      <file name="Api.ts" path="/work/hflabs-suggestions/src/classes/Api.ts">
        <metrics statements="53" coveredstatements="53" conditionals="26" coveredconditionals="21" methods="11" coveredmethods="11"/>
        <line num="8" count="9" type="stmt"/>
        <line num="9" count="9" type="stmt"/>
        <line num="10" count="9" type="stmt"/>
        <line num="11" count="9" type="stmt"/>
        <line num="33" count="9" type="stmt"/>
        <line num="34" count="9" type="stmt"/>
        <line num="38" count="9" type="stmt"/>
        <line num="39" count="8" type="stmt"/>
        <line num="42" count="117" type="stmt"/>
        <line num="43" count="117" type="stmt"/>
        <line num="45" count="117" type="stmt"/>
        <line num="47" count="9" type="stmt"/>
        <line num="52" count="91" type="stmt"/>
        <line num="53" count="91" type="stmt"/>
        <line num="54" count="91" type="stmt"/>
        <line num="55" count="91" type="stmt"/>
        <line num="56" count="91" type="stmt"/>
        <line num="57" count="91" type="stmt"/>
        <line num="58" count="91" type="cond" truecount="1" falsecount="1"/>
        <line num="59" count="91" type="stmt"/>
        <line num="62" count="91" type="cond" truecount="2" falsecount="0"/>
        <line num="63" count="1" type="stmt"/>
        <line num="65" count="90" type="stmt"/>
        <line num="68" count="91" type="cond" truecount="3" falsecount="1"/>
        <line num="69" count="91" type="stmt"/>
        <line num="77" count="91" type="cond" truecount="1" falsecount="1"/>
        <line num="78" count="91" type="cond" truecount="2" falsecount="0"/>
        <line num="80" count="91" type="stmt"/>
        <line num="81" count="91" type="stmt"/>
        <line num="87" count="91" type="cond" truecount="2" falsecount="0"/>
        <line num="89" count="12" type="stmt"/>
        <line num="90" count="12" type="stmt"/>
        <line num="94" count="12" type="cond" truecount="1" falsecount="1"/>
        <line num="96" count="12" type="stmt"/>
        <line num="98" count="12" type="stmt"/>
        <line num="99" count="12" type="stmt"/>
        <line num="101" count="10" type="stmt"/>
        <line num="105" count="12" type="stmt"/>
        <line num="108" count="9" type="stmt"/>
        <line num="109" count="12" type="stmt"/>
        <line num="110" count="18" type="stmt"/>
        <line num="112" count="9" type="cond" truecount="2" falsecount="0"/>
        <line num="114" count="6" type="stmt"/>
        <line num="116" count="6" type="cond" truecount="2" falsecount="0"/>
        <line num="118" count="6" type="stmt"/>
        <line num="122" count="9" type="stmt"/>
        <line num="127" count="79" type="stmt"/>
        <line num="129" count="79" type="stmt"/>
        <line num="138" count="55" type="stmt"/>
        <line num="141" count="9" type="stmt"/>
        <line num="142" count="117" type="stmt"/>
        <line num="144" count="117" type="cond" truecount="1" falsecount="1"/>
        <line num="146" count="9" type="stmt"/>
      </file>
      <file name="Disposable.ts" path="/work/hflabs-suggestions/src/classes/Disposable.ts">
        <metrics statements="23" coveredstatements="23" conditionals="0" coveredconditionals="0" methods="10" coveredmethods="10"/>
        <line num="4" count="12" type="stmt"/>
        <line num="5" count="338" type="stmt"/>
        <line num="7" count="12" type="stmt"/>
        <line num="8" count="1017" type="stmt"/>
        <line num="9" count="247" type="stmt"/>
        <line num="18" count="12" type="stmt"/>
        <line num="19" count="1701" type="stmt"/>
        <line num="30" count="12" type="stmt"/>
        <line num="33" count="2" type="stmt"/>
        <line num="35" count="1" type="stmt"/>
        <line num="36" count="1" type="stmt"/>
        <line num="37" count="1" type="stmt"/>
        <line num="48" count="12" type="stmt"/>
        <line num="51" count="4" type="stmt"/>
        <line num="53" count="2" type="stmt"/>
        <line num="54" count="2" type="stmt"/>
        <line num="55" count="2" type="stmt"/>
        <line num="66" count="12" type="stmt"/>
        <line num="71" count="1080" type="stmt"/>
        <line num="72" count="1080" type="stmt"/>
        <line num="73" count="660" type="stmt"/>
        <line num="76" count="12" type="stmt"/>
        <line num="78" count="12" type="stmt"/>
      </file>
      <file name="Input.ts" path="/work/hflabs-suggestions/src/classes/Input.ts">
        <metrics statements="86" coveredstatements="86" conditionals="32" coveredconditionals="30" methods="24" coveredmethods="24"/>
        <line num="2" count="9" type="stmt"/>
        <line num="3" count="9" type="stmt"/>
        <line num="4" count="9" type="stmt"/>
        <line num="5" count="9" type="stmt"/>
        <line num="6" count="9" type="stmt"/>
        <line num="8" count="9" type="stmt"/>
        <line num="9" count="9" type="stmt"/>
        <line num="13" count="9" type="stmt"/>
        <line num="31" count="9" type="stmt"/>
        <line num="32" count="126" type="stmt"/>
        <line num="33" count="126" type="stmt"/>
        <line num="35" count="126" type="stmt"/>
        <line num="36" count="126" type="cond" truecount="2" falsecount="0"/>
        <line num="37" count="126" type="stmt"/>
        <line num="38" count="126" type="stmt"/>
        <line num="39" count="126" type="stmt"/>
        <line num="40" count="126" type="stmt"/>
        <line num="43" count="9" type="stmt"/>
        <line num="44" count="128" type="stmt"/>
        <line num="47" count="9" type="stmt"/>
        <line num="48" count="66" type="stmt"/>
        <line num="49" count="66" type="stmt"/>
        <line num="55" count="9" type="stmt"/>
        <line num="56" count="69" type="stmt"/>
        <line num="58" count="69" type="cond" truecount="2" falsecount="0"/>
        <line num="59" count="52" type="stmt"/>
        <line num="61" count="17" type="stmt"/>
        <line num="62" count="17" type="stmt"/>
        <line num="66" count="126" type="stmt"/>
        <line num="67" count="126" type="cond" truecount="4" falsecount="0"/>
        <line num="69" count="126" type="stmt"/>
        <line num="71" count="126" type="stmt"/>
        <line num="74" count="126" type="stmt"/>
        <line num="75" count="126" type="stmt"/>
        <line num="78" count="504" type="stmt"/>
        <line num="85" count="126" type="stmt"/>
        <line num="87" count="504" type="stmt"/>
        <line num="88" count="504" type="stmt"/>
        <line num="91" count="126" type="stmt"/>
        <line num="92" count="42" type="stmt"/>
        <line num="93" count="168" type="stmt"/>
        <line num="94" count="168" type="cond" truecount="2" falsecount="0"/>
        <line num="95" count="167" type="stmt"/>
        <line num="97" count="1" type="stmt"/>
        <line num="104" count="126" type="stmt"/>
        <line num="105" count="126" type="stmt"/>
        <line num="106" count="126" type="stmt"/>
        <line num="107" count="3" type="stmt"/>
        <line num="108" count="3" type="stmt"/>
        <line num="112" count="126" type="cond" truecount="2" falsecount="0"/>
        <line num="113" count="2" type="stmt"/>
        <line num="114" count="2" type="stmt"/>
        <line num="116" count="2" type="cond" truecount="2" falsecount="0"/>
        <line num="117" count="1" type="stmt"/>
        <line num="118" count="1" type="stmt"/>
        <line num="122" count="2" type="stmt"/>
        <line num="124" count="2" type="stmt"/>
        <line num="125" count="2" type="cond" truecount="2" falsecount="0"/>
        <line num="130" count="124" type="stmt"/>
        <line num="132" count="124" type="stmt"/>
        <line num="133" count="130" type="stmt"/>
        <line num="135" count="130" type="cond" truecount="2" falsecount="0"/>
        <line num="136" count="2" type="stmt"/>
        <line num="137" count="2" type="cond" truecount="2" falsecount="0"/>
        <line num="141" count="124" type="stmt"/>
        <line num="143" count="124" type="cond" truecount="2" falsecount="0"/>
        <line num="144" count="123" type="stmt"/>
        <line num="146" count="123" type="stmt"/>
        <line num="147" count="39" type="cond" truecount="4" falsecount="0"/>
        <line num="153" count="126" type="stmt"/>
        <line num="154" count="8" type="stmt"/>
        <line num="158" count="9" type="stmt"/>
        <line num="159" count="29" type="stmt"/>
        <line num="161" count="29" type="cond" truecount="2" falsecount="2"/>
        <line num="163" count="29" type="cond" truecount="2" falsecount="0"/>
        <line num="164" count="13" type="stmt"/>
        <line num="165" count="13" type="stmt"/>
        <line num="169" count="126" type="stmt"/>
        <line num="170" count="126" type="stmt"/>
        <line num="173" count="126" type="stmt"/>
        <line num="174" count="126" type="stmt"/>
        <line num="175" count="126" type="stmt"/>
        <line num="176" count="126" type="stmt"/>
        <line num="178" count="126" type="stmt"/>
        <line num="180" count="22" type="stmt"/>
        <line num="183" count="9" type="stmt"/>
      </file>
      <file name="Popover.ts" path="/work/hflabs-suggestions/src/classes/Popover.ts">
        <metrics statements="85" coveredstatements="85" conditionals="32" coveredconditionals="31" methods="20" coveredmethods="20"/>
        <line num="1" count="3" type="stmt"/>
        <line num="2" count="3" type="stmt"/>
        <line num="3" count="3" type="stmt"/>
        <line num="4" count="3" type="stmt"/>
        <line num="6" count="3" type="stmt"/>
        <line num="7" count="3" type="stmt"/>
        <line num="8" count="3" type="stmt"/>
        <line num="9" count="3" type="stmt"/>
        <line num="10" count="3" type="stmt"/>
        <line num="13" count="3" type="stmt"/>
        <line num="30" count="3" type="stmt"/>
        <line num="31" count="40" type="stmt"/>
        <line num="32" count="40" type="stmt"/>
        <line num="35" count="40" type="stmt"/>
        <line num="36" count="40" type="stmt"/>
        <line num="39" count="40" type="stmt"/>
        <line num="40" count="40" type="stmt"/>
        <line num="42" count="40" type="cond" truecount="2" falsecount="0"/>
        <line num="43" count="40" type="stmt"/>
        <line num="44" count="40" type="stmt"/>
        <line num="45" count="40" type="stmt"/>
        <line num="46" count="40" type="stmt"/>
        <line num="47" count="40" type="stmt"/>
        <line num="48" count="40" type="stmt"/>
        <line num="51" count="3" type="stmt"/>
        <line num="52" count="3" type="stmt"/>
        <line num="53" count="3" type="stmt"/>
        <line num="56" count="3" type="stmt"/>
        <line num="57" count="21" type="stmt"/>
        <line num="58" count="101" type="cond" truecount="2" falsecount="0"/>
        <line num="59" count="21" type="stmt"/>
        <line num="61" count="80" type="stmt"/>
        <line num="66" count="40" type="stmt"/>
        <line num="67" count="40" type="stmt"/>
        <line num="68" count="40" type="stmt"/>
        <line num="71" count="3" type="stmt"/>
        <line num="72" count="96" type="stmt"/>
        <line num="73" count="96" type="stmt"/>
        <line num="75" count="96" type="stmt"/>
        <line num="76" count="96" type="stmt"/>
        <line num="77" count="96" type="stmt"/>
        <line num="80" count="40" type="stmt"/>
        <line num="81" count="40" type="stmt"/>
        <line num="83" count="56" type="stmt"/>
        <line num="86" count="40" type="stmt"/>
        <line num="89" count="3" type="stmt"/>
        <line num="90" count="43" type="stmt"/>
        <line num="91" count="43" type="stmt"/>
        <line num="92" count="43" type="stmt"/>
        <line num="94" count="43" type="cond" truecount="2" falsecount="0"/>
        <line num="95" count="43" type="cond" truecount="2" falsecount="0"/>
        <line num="96" count="42" type="stmt"/>
        <line num="101" count="42" type="stmt"/>
        <line num="104" count="43" type="stmt"/>
        <line num="107" count="43" type="stmt"/>
        <line num="108" count="43" type="stmt"/>
        <line num="110" count="43" type="cond" truecount="2" falsecount="0"/>
        <line num="111" count="2" type="stmt"/>
        <line num="122" count="43" type="stmt"/>
        <line num="123" count="43" type="stmt"/>
        <line num="126" count="3" type="stmt"/>
        <line num="127" count="43" type="stmt"/>
        <line num="128" count="43" type="stmt"/>
        <line num="129" count="156" type="stmt"/>
        <line num="136" count="43" type="stmt"/>
        <line num="137" count="156" type="stmt"/>
        <line num="140" count="43" type="stmt"/>
        <line num="143" count="3" type="stmt"/>
        <line num="144" count="40" type="stmt"/>
        <line num="151" count="40" type="stmt"/>
        <line num="153" count="40" type="stmt"/>
        <line num="155" count="40" type="cond" truecount="1" falsecount="1"/>
        <line num="156" count="40" type="stmt"/>
        <line num="157" count="40" type="stmt"/>
        <line num="158" count="42" type="stmt"/>
        <line num="160" count="42" type="cond" truecount="2" falsecount="0"/>
        <line num="161" count="2" type="cond" truecount="2" falsecount="0"/>
        <line num="162" count="1" type="stmt"/>
        <line num="164" count="1" type="stmt"/>
        <line num="166" count="2" type="stmt"/>
        <line num="170" count="40" type="stmt"/>
        <line num="172" count="40" type="stmt"/>
        <line num="173" count="2" type="stmt"/>
        <line num="174" count="2" type="stmt"/>
        <line num="178" count="3" type="stmt"/>
      </file>
      <file name="PositionObserver.ts" path="/work/hflabs-suggestions/src/classes/PositionObserver.ts">
        <metrics statements="23" coveredstatements="23" conditionals="4" coveredconditionals="4" methods="6" coveredmethods="6"/>
        <line num="1" count="4" type="stmt"/>
        <line num="6" count="4" type="stmt"/>
        <line num="7" count="45" type="stmt"/>
        <line num="8" count="45" type="cond" truecount="2" falsecount="0"/>
        <line num="9" count="45" type="stmt"/>
        <line num="10" count="45" type="stmt"/>
        <line num="11" count="45" type="stmt"/>
        <line num="12" count="45" type="stmt"/>
        <line num="23" count="45" type="stmt"/>
        <line num="24" count="45" type="stmt"/>
        <line num="25" count="45" type="stmt"/>
        <line num="27" count="45" type="stmt"/>
        <line num="28" count="95" type="stmt"/>
        <line num="29" count="95" type="stmt"/>
        <line num="32" count="45" type="stmt"/>
        <line num="33" count="95" type="stmt"/>
        <line num="40" count="4" type="stmt"/>
        <line num="41" count="45" type="cond" truecount="2" falsecount="0"/>
        <line num="42" count="44" type="stmt"/>
        <line num="44" count="44" type="stmt"/>
        <line num="50" count="44" type="stmt"/>
        <line num="52" count="1" type="stmt"/>
        <line num="55" count="4" type="stmt"/>
      </file>
      <file name="Suggestions.ts" path="/work/hflabs-suggestions/src/classes/Suggestions.ts">
        <metrics statements="52" coveredstatements="52" conditionals="14" coveredconditionals="14" methods="17" coveredmethods="17"/>
        <line num="2" count="4" type="stmt"/>
        <line num="3" count="4" type="stmt"/>
        <line num="4" count="4" type="stmt"/>
        <line num="5" count="4" type="stmt"/>
        <line num="9" count="4" type="stmt"/>
        <line num="24" count="4" type="stmt"/>
        <line num="27" count="4" type="stmt"/>
        <line num="28" count="4" type="stmt"/>
        <line num="29" count="4" type="stmt"/>
        <line num="30" count="1" type="stmt"/>
        <line num="33" count="29" type="stmt"/>
        <line num="34" count="29" type="stmt"/>
        <line num="35" count="29" type="stmt"/>
        <line num="39" count="29" type="stmt"/>
        <line num="40" count="29" type="stmt"/>
        <line num="41" count="29" type="stmt"/>
        <line num="43" count="29" type="cond" truecount="2" falsecount="0"/>
        <line num="44" count="29" type="stmt"/>
        <line num="45" count="29" type="stmt"/>
        <line num="51" count="5" type="stmt"/>
        <line num="55" count="15" type="stmt"/>
        <line num="57" count="5" type="stmt"/>
        <line num="58" count="5" type="cond" truecount="2" falsecount="0"/>
        <line num="59" count="1" type="stmt"/>
        <line num="61" count="4" type="stmt"/>
        <line num="62" count="4" type="stmt"/>
        <line num="63" count="4" type="stmt"/>
        <line num="73" count="29" type="stmt"/>
        <line num="74" count="29" type="stmt"/>
        <line num="75" count="17" type="stmt"/>
        <line num="76" count="14" type="stmt"/>
        <line num="80" count="29" type="stmt"/>
        <line num="81" count="29" type="stmt"/>
        <line num="82" count="23" type="stmt"/>
        <line num="86" count="17" type="stmt"/>
        <line num="87" count="17" type="stmt"/>
        <line num="88" count="17" type="stmt"/>
        <line num="90" count="17" type="cond" truecount="4" falsecount="0"/>
        <line num="92" count="8" type="stmt"/>
        <line num="94" count="8" type="stmt"/>
        <line num="96" count="5" type="stmt"/>
        <line num="98" count="2" type="cond" truecount="4" falsecount="0"/>
        <line num="101" count="8" type="stmt"/>
        <line num="104" count="4" type="stmt"/>
        <line num="105" count="14" type="stmt"/>
        <line num="115" count="14" type="stmt"/>
        <line num="117" count="14" type="stmt"/>
        <line num="118" count="2" type="stmt"/>
        <line num="119" count="2" type="stmt"/>
        <line num="121" count="1" type="stmt"/>
        <line num="125" count="14" type="stmt"/>
        <line num="127" count="4" type="stmt"/>
      </file>
    </package>
    <package name="src.classes.Implementations">
      <metrics statements="311" coveredstatements="311" conditionals="245" coveredconditionals="219" methods="62" coveredmethods="62"/>
      <file name="ImplementationBase.ts" path="/work/hflabs-suggestions/src/classes/Implementations/ImplementationBase.ts">
        <metrics statements="58" coveredstatements="58" conditionals="50" coveredconditionals="48" methods="16" coveredmethods="16"/>
        <line num="1" count="8" type="stmt"/>
        <line num="11" count="8" type="stmt"/>
        <line num="12" count="8" type="stmt"/>
        <line num="13" count="8" type="stmt"/>
        <line num="14" count="8" type="stmt"/>
        <line num="29" count="8" type="stmt"/>
        <line num="30" count="92" type="stmt"/>
        <line num="31" count="92" type="stmt"/>
        <line num="34" count="92" type="stmt"/>
        <line num="35" count="92" type="stmt"/>
        <line num="37" count="92" type="cond" truecount="2" falsecount="0"/>
        <line num="43" count="10" type="stmt"/>
        <line num="44" count="10" type="stmt"/>
        <line num="45" count="10" type="stmt"/>
        <line num="47" count="10" type="stmt"/>
        <line num="48" count="10" type="stmt"/>
        <line num="50" count="10" type="stmt"/>
        <line num="53" count="6" type="cond" truecount="2" falsecount="0"/>
        <line num="54" count="6" type="stmt"/>
        <line num="59" count="8" type="stmt"/>
        <line num="60" count="8" type="stmt"/>
        <line num="66" count="8" type="stmt"/>
        <line num="67" count="69" type="stmt"/>
        <line num="69" count="69" type="cond" truecount="2" falsecount="0"/>
        <line num="70" count="4" type="stmt"/>
        <line num="73" count="65" type="cond" truecount="2" falsecount="0"/>
        <line num="81" count="8" type="stmt"/>
        <line num="83" count="34" type="stmt"/>
        <line num="84" count="34" type="stmt"/>
        <line num="85" count="34" type="stmt"/>
        <line num="86" count="34" type="stmt"/>
        <line num="87" count="34" type="stmt"/>
        <line num="89" count="34" type="cond" truecount="2" falsecount="0"/>
        <line num="90" count="21" type="cond" truecount="2" falsecount="0"/>
        <line num="91" count="19" type="cond" truecount="4" falsecount="0"/>
        <line num="94" count="13" type="cond" truecount="2" falsecount="0"/>
        <line num="95" count="3" type="cond" truecount="4" falsecount="0"/>
        <line num="97" count="10" type="cond" truecount="4" falsecount="0"/>
        <line num="101" count="34" type="stmt"/>
        <line num="104" count="8" type="stmt"/>
        <line num="105" count="74" type="stmt"/>
        <line num="112" count="8" type="stmt"/>
        <line num="116" count="20" type="stmt"/>
        <line num="118" count="20" type="stmt"/>
        <line num="123" count="12" type="cond" truecount="2" falsecount="0"/>
        <line num="126" count="78" type="stmt"/>
        <line num="135" count="78" type="stmt"/>
        <line num="137" count="78" type="stmt"/>
        <line num="138" count="62" type="cond" truecount="4" falsecount="0"/>
        <line num="139" count="62" type="stmt"/>
        <line num="143" count="62" type="stmt"/>
        <line num="145" count="62" type="stmt"/>
        <line num="147" count="43" type="cond" truecount="4" falsecount="0"/>
        <line num="158" count="9" type="cond" truecount="2" falsecount="0"/>
        <line num="159" count="7" type="cond" truecount="4" falsecount="0"/>
        <line num="164" count="62" type="stmt"/>
        <line num="167" count="8" type="stmt"/>
        <line num="169" count="8" type="stmt"/>
      </file>
      <file name="ImplementationFindById.ts" path="/work/hflabs-suggestions/src/classes/Implementations/ImplementationFindById.ts">
        <metrics statements="21" coveredstatements="21" conditionals="6" coveredconditionals="5" methods="6" coveredmethods="6"/>
        <line num="1" count="2" type="stmt"/>
        <line num="2" count="2" type="stmt"/>
        <line num="5" count="2" type="stmt"/>
        <line num="6" count="2" type="stmt"/>
        <line num="8" count="2" type="stmt"/>
        <line num="9" count="4" type="stmt"/>
        <line num="14" count="4" type="stmt"/>
        <line num="15" count="4" type="stmt"/>
        <line num="17" count="4" type="cond" truecount="1" falsecount="1"/>
        <line num="18" count="4" type="stmt"/>
        <line num="21" count="4" type="stmt"/>
        <line num="22" count="4" type="stmt"/>
        <line num="23" count="5" type="stmt"/>
        <line num="27" count="5" type="stmt"/>
        <line num="28" count="5" type="stmt"/>
        <line num="30" count="5" type="stmt"/>
        <line num="32" count="5" type="cond" truecount="2" falsecount="0"/>
        <line num="33" count="4" type="stmt"/>
        <line num="36" count="2" type="cond" truecount="2" falsecount="0"/>
        <line num="38" count="1" type="stmt"/>
        <line num="43" count="2" type="stmt"/>
      </file>
      <file name="ImplementationSuggest.ts" path="/work/hflabs-suggestions/src/classes/Implementations/ImplementationSuggest.ts">
        <metrics statements="203" coveredstatements="203" conditionals="172" coveredconditionals="150" methods="34" coveredmethods="34"/>
        <line num="1" count="2" type="stmt"/>
        <line num="2" count="2" type="stmt"/>
        <line num="4" count="2" type="stmt"/>
        <line num="5" count="2" type="stmt"/>
        <line num="6" count="2" type="stmt"/>
        <line num="7" count="2" type="stmt"/>
        <line num="8" count="2" type="stmt"/>
        <line num="9" count="2" type="stmt"/>
        <line num="11" count="2" type="stmt"/>
        <line num="12" count="2" type="stmt"/>
        <line num="14" count="2" type="cond" truecount="2" falsecount="0"/>
        <line num="15" count="2" type="stmt"/>
        <line num="16" count="2" type="stmt"/>
        <line num="17" count="2" type="stmt"/>
        <line num="18" count="2" type="stmt"/>
        <line num="21" count="2" type="stmt"/>
        <line num="23" count="2" type="stmt"/>
        <line num="24" count="36" type="stmt"/>
        <line num="25" count="36" type="stmt"/>
        <line num="26" count="36" type="stmt"/>
        <line num="27" count="36" type="stmt"/>
        <line num="28" count="36" type="stmt"/>
        <line num="31" count="36" type="cond" truecount="1" falsecount="1"/>
        <line num="32" count="36" type="stmt"/>
        <line num="33" count="36" type="stmt"/>
        <line num="34" count="36" type="stmt"/>
        <line num="37" count="2" type="stmt"/>
        <line num="38" count="10" type="stmt"/>
        <line num="40" count="10" type="cond" truecount="1" falsecount="1"/>
        <line num="41" count="10" type="stmt"/>
        <line num="42" count="10" type="cond" truecount="1" falsecount="1"/>
        <line num="46" count="2" type="stmt"/>
        <line num="47" count="3" type="stmt"/>
        <line num="49" count="3" type="cond" truecount="1" falsecount="1"/>
        <line num="50" count="3" type="stmt"/>
        <line num="51" count="3" type="cond" truecount="2" falsecount="0"/>
        <line num="55" count="2" type="stmt"/>
        <line num="56" count="71" type="stmt"/>
        <line num="58" count="71" type="stmt"/>
        <line num="60" count="71" type="cond" truecount="2" falsecount="0"/>
        <line num="61" count="20" type="stmt"/>
        <line num="63" count="20" type="cond" truecount="2" falsecount="0"/>
        <line num="64" count="15" type="stmt"/>
        <line num="67" count="20" type="cond" truecount="3" falsecount="1"/>
        <line num="69" count="51" type="stmt"/>
        <line num="73" count="2" type="stmt"/>
        <line num="74" count="30" type="cond" truecount="2" falsecount="0"/>
        <line num="75" count="29" type="stmt"/>
        <line num="77" count="29" type="cond" truecount="2" falsecount="0"/>
        <line num="78" count="3" type="stmt"/>
        <line num="79" count="5" type="stmt"/>
        <line num="82" count="3" type="cond" truecount="1" falsecount="1"/>
        <line num="83" count="3" type="stmt"/>
        <line num="87" count="26" type="stmt"/>
        <line num="88" count="26" type="stmt"/>
        <line num="89" count="116" type="stmt"/>
        <line num="92" count="26" type="cond" truecount="2" falsecount="0"/>
        <line num="93" count="3" type="stmt"/>
        <line num="96" count="23" type="cond" truecount="2" falsecount="0"/>
        <line num="99" count="23" type="stmt"/>
        <line num="102" count="36" type="stmt"/>
        <line num="104" count="36" type="stmt"/>
        <line num="105" count="36" type="stmt"/>
        <line num="106" count="36" type="stmt"/>
        <line num="107" count="36" type="stmt"/>
        <line num="108" count="36" type="stmt"/>
        <line num="109" count="36" type="stmt"/>
        <line num="110" count="36" type="stmt"/>
        <line num="111" count="36" type="stmt"/>
        <line num="113" count="36" type="stmt"/>
        <line num="115" count="31" type="cond" truecount="2" falsecount="0"/>
        <line num="116" count="1" type="stmt"/>
        <line num="119" count="31" type="stmt"/>
        <line num="122" count="36" type="stmt"/>
        <line num="123" count="29" type="stmt"/>
        <line num="125" count="11" type="stmt"/>
        <line num="126" count="11" type="stmt"/>
        <line num="128" count="1" type="stmt"/>
        <line num="129" count="1" type="stmt"/>
        <line num="131" count="10" type="stmt"/>
        <line num="132" count="10" type="stmt"/>
        <line num="134" count="11" type="stmt"/>
        <line num="137" count="3" type="stmt"/>
        <line num="138" count="3" type="cond" truecount="1" falsecount="1"/>
        <line num="139" count="3" type="stmt"/>
        <line num="141" count="3" type="stmt"/>
        <line num="144" count="1" type="cond" truecount="1" falsecount="1"/>
        <line num="145" count="1" type="stmt"/>
        <line num="147" count="1" type="stmt"/>
        <line num="150" count="6" type="cond" truecount="4" falsecount="0"/>
        <line num="151" count="4" type="stmt"/>
        <line num="152" count="4" type="stmt"/>
        <line num="154" count="6" type="stmt"/>
        <line num="157" count="8" type="cond" truecount="2" falsecount="0"/>
        <line num="162" count="6" type="stmt"/>
        <line num="163" count="6" type="stmt"/>
        <line num="165" count="8" type="stmt"/>
        <line num="169" count="36" type="stmt"/>
        <line num="170" count="16" type="cond" truecount="2" falsecount="0"/>
        <line num="171" count="6" type="stmt"/>
        <line num="174" count="16" type="cond" truecount="2" falsecount="0"/>
        <line num="175" count="1" type="stmt"/>
        <line num="176" count="1" type="cond" truecount="1" falsecount="1"/>
        <line num="180" count="36" type="stmt"/>
        <line num="181" count="7" type="stmt"/>
        <line num="183" count="7" type="cond" truecount="4" falsecount="0"/>
        <line num="189" count="1" type="cond" truecount="1" falsecount="1"/>
        <line num="193" count="7" type="cond" truecount="2" falsecount="0"/>
        <line num="194" count="4" type="cond" truecount="2" falsecount="0"/>
        <line num="200" count="2" type="stmt"/>
        <line num="203" count="4" type="stmt"/>
        <line num="206" count="7" type="stmt"/>
        <line num="209" count="36" type="stmt"/>
        <line num="210" count="36" type="stmt"/>
        <line num="211" count="36" type="stmt"/>
        <line num="212" count="36" type="stmt"/>
        <line num="215" count="36" type="stmt"/>
        <line num="216" count="36" type="stmt"/>
        <line num="218" count="36" type="cond" truecount="1" falsecount="1"/>
        <line num="220" count="36" type="stmt"/>
        <line num="224" count="2" type="stmt"/>
        <line num="226" count="2" type="cond" truecount="2" falsecount="0"/>
        <line num="230" count="1" type="cond" truecount="1" falsecount="1"/>
        <line num="233" count="1" type="stmt"/>
        <line num="240" count="2" type="stmt"/>
        <line num="241" count="107" type="stmt"/>
        <line num="244" count="2" type="stmt"/>
        <line num="245" count="43" type="stmt"/>
        <line num="247" count="43" type="cond" truecount="2" falsecount="0"/>
        <line num="248" count="39" type="stmt"/>
        <line num="250" count="4" type="stmt"/>
        <line num="254" count="28" type="stmt"/>
        <line num="255" count="28" type="stmt"/>
        <line num="259" count="1" type="stmt"/>
        <line num="262" count="2" type="stmt"/>
        <line num="264" count="2" type="cond" truecount="1" falsecount="1"/>
        <line num="265" count="2" type="stmt"/>
        <line num="269" count="28" type="stmt"/>
        <line num="270" count="28" type="stmt"/>
        <line num="271" count="28" type="stmt"/>
        <line num="274" count="2" type="stmt"/>
        <line num="275" count="44" type="cond" truecount="2" falsecount="0"/>
        <line num="276" count="28" type="stmt"/>
        <line num="277" count="28" type="stmt"/>
        <line num="278" count="28" type="stmt"/>
        <line num="280" count="28" type="stmt"/>
        <line num="284" count="2" type="stmt"/>
        <line num="285" count="2" type="stmt"/>
        <line num="291" count="39" type="stmt"/>
        <line num="292" count="39" type="stmt"/>
        <line num="294" count="39" type="cond" truecount="2" falsecount="0"/>
        <line num="295" count="34" type="stmt"/>
        <line num="298" count="39" type="stmt"/>
        <line num="300" count="31" type="stmt"/>
        <line num="303" count="31" type="cond" truecount="2" falsecount="0"/>
        <line num="308" count="1" type="stmt"/>
        <line num="309" count="1" type="stmt"/>
        <line num="312" count="30" type="stmt"/>
        <line num="313" count="137" type="stmt"/>
        <line num="315" count="137" type="stmt"/>
        <line num="323" count="30" type="cond" truecount="2" falsecount="0"/>
        <line num="324" count="2" type="stmt"/>
        <line num="325" count="2" type="stmt"/>
        <line num="327" count="28" type="stmt"/>
        <line num="339" count="14" type="stmt"/>
        <line num="341" count="14" type="stmt"/>
        <line num="342" count="14" type="stmt"/>
        <line num="343" count="14" type="stmt"/>
        <line num="344" count="14" type="stmt"/>
        <line num="345" count="14" type="stmt"/>
        <line num="348" count="14" type="cond" truecount="2" falsecount="0"/>
        <line num="352" count="14" type="cond" truecount="2" falsecount="0"/>
        <line num="356" count="2" type="cond" truecount="6" falsecount="0"/>
        <line num="357" count="1" type="stmt"/>
        <line num="359" count="1" type="cond" truecount="1" falsecount="1"/>
        <line num="360" count="1" type="stmt"/>
        <line num="363" count="2" type="stmt"/>
        <line num="367" count="12" type="cond" truecount="1" falsecount="1"/>
        <line num="368" count="12" type="stmt"/>
        <line num="372" count="12" type="cond" truecount="3" falsecount="0"/>
        <line num="376" count="12" type="cond" truecount="2" falsecount="0"/>
        <line num="377" count="9" type="stmt"/>
        <line num="380" count="12" type="stmt"/>
        <line num="381" count="12" type="cond" truecount="2" falsecount="0"/>
        <line num="387" count="1" type="stmt"/>
        <line num="389" count="11" type="stmt"/>
        <line num="393" count="11" type="stmt"/>
        <line num="395" count="12" type="cond" truecount="2" falsecount="0"/>
        <line num="397" count="12" type="stmt"/>
        <line num="400" count="12" type="cond" truecount="2" falsecount="0"/>
        <line num="401" count="9" type="stmt"/>
        <line num="405" count="12" type="cond" truecount="6" falsecount="0"/>
        <line num="413" count="12" type="stmt"/>
        <line num="415" count="12" type="cond" truecount="1" falsecount="1"/>
        <line num="419" count="12" type="stmt"/>
        <line num="423" count="12" type="cond" truecount="2" falsecount="0"/>
        <line num="426" count="12" type="cond" truecount="2" falsecount="0"/>
        <line num="428" count="5" type="cond" truecount="1" falsecount="1"/>
        <line num="429" count="5" type="stmt"/>
        <line num="432" count="5" type="stmt"/>
        <line num="435" count="7" type="cond" truecount="2" falsecount="0"/>
        <line num="436" count="5" type="stmt"/>
        <line num="441" count="2" type="stmt"/>
      </file>
      <file name="ImplementationSuggestionsBase.ts" path="/work/hflabs-suggestions/src/classes/Implementations/ImplementationSuggestionsBase.ts">
        <metrics statements="29" coveredstatements="29" conditionals="17" coveredconditionals="16" methods="6" coveredmethods="6"/>
        <line num="2" count="3" type="stmt"/>
        <line num="3" count="3" type="stmt"/>
        <line num="4" count="3" type="stmt"/>
        <line num="6" count="44" type="cond" truecount="2" falsecount="1"/>
        <line num="7" count="44" type="stmt"/>
        <line num="9" count="44" type="stmt"/>
        <line num="14" count="44" type="stmt"/>
        <line num="17" count="53" type="stmt"/>
        <line num="22" count="2" type="stmt"/>
        <line num="29" count="55" type="stmt"/>
        <line num="33" count="55" type="stmt"/>
        <line num="35" count="55" type="cond" truecount="2" falsecount="0"/>
        <line num="36" count="42" type="stmt"/>
        <line num="39" count="13" type="stmt"/>
        <line num="40" count="13" type="stmt"/>
        <line num="42" count="13" type="cond" truecount="2" falsecount="0"/>
        <line num="43" count="4" type="stmt"/>
        <line num="45" count="4" type="cond" truecount="2" falsecount="0"/>
        <line num="46" count="1" type="stmt"/>
        <line num="49" count="3" type="cond" truecount="2" falsecount="0"/>
        <line num="50" count="2" type="stmt"/>
        <line num="52" count="2" type="cond" truecount="2" falsecount="0"/>
        <line num="55" count="2" type="cond" truecount="2" falsecount="0"/>
        <line num="56" count="1" type="stmt"/>
        <line num="61" count="11" type="stmt"/>
        <line num="62" count="6" type="cond" truecount="2" falsecount="0"/>
        <line num="65" count="6" type="stmt"/>
        <line num="68" count="3" type="stmt"/>
        <line num="70" count="3" type="stmt"/>
      </file>
    </package>
    <package name="src.entrypoints">
      <metrics statements="16" coveredstatements="16" conditionals="0" coveredconditionals="0" methods="4" coveredmethods="4"/>
      <file name="findById.ts" path="/work/hflabs-suggestions/src/entrypoints/findById.ts">
        <metrics statements="8" coveredstatements="8" conditionals="0" coveredconditionals="0" methods="2" coveredmethods="2"/>
        <line num="8" count="1" type="stmt"/>
        <line num="9" count="1" type="stmt"/>
        <line num="21" count="1" type="stmt"/>
        <line num="24" count="1" type="stmt"/>
        <line num="33" count="1" type="stmt"/>
        <line num="41" count="2" type="stmt"/>
        <line num="43" count="1" type="stmt"/>
        <line num="53" count="1" type="stmt"/>
      </file>
      <file name="suggest.ts" path="/work/hflabs-suggestions/src/entrypoints/suggest.ts">
        <metrics statements="8" coveredstatements="8" conditionals="0" coveredconditionals="0" methods="2" coveredmethods="2"/>
        <line num="8" count="1" type="stmt"/>
        <line num="13" count="1" type="stmt"/>
        <line num="21" count="1" type="stmt"/>
        <line num="25" count="1" type="stmt"/>
        <line num="34" count="1" type="stmt"/>
        <line num="42" count="2" type="stmt"/>
        <line num="44" count="1" type="stmt"/>
        <line num="54" count="1" type="stmt"/>
      </file>
    </package>
    <package name="src.utils">
      <metrics statements="262" coveredstatements="253" conditionals="174" coveredconditionals="164" methods="72" coveredmethods="70"/>
      <file name="IntersectionObserverMock.ts" path="/work/hflabs-suggestions/src/utils/IntersectionObserverMock.ts">
        <metrics statements="33" coveredstatements="33" conditionals="18" coveredconditionals="18" methods="10" coveredmethods="10"/>
        <line num="1" count="2" type="stmt"/>
        <line num="3" count="2" type="stmt"/>
        <line num="7" count="18" type="stmt"/>
        <line num="8" count="18" type="stmt"/>
        <line num="9" count="18" type="stmt"/>
        <line num="18" count="2" type="stmt"/>
        <line num="19" count="2" type="stmt"/>
        <line num="20" count="2" type="stmt"/>
        <line num="24" count="8" type="stmt"/>
        <line num="25" count="41" type="stmt"/>
        <line num="28" count="11" type="stmt"/>
        <line num="35" count="11" type="stmt"/>
        <line num="38" count="11" type="stmt"/>
        <line num="39" count="11" type="cond" truecount="6" falsecount="0"/>
        <line num="40" count="11" type="cond" truecount="6" falsecount="0"/>
        <line num="41" count="11" type="cond" truecount="4" falsecount="0"/>
        <line num="44" count="2" type="stmt"/>
        <line num="45" count="7" type="stmt"/>
        <line num="47" count="7" type="stmt"/>
        <line num="58" count="2" type="stmt"/>
        <line num="59" count="2" type="stmt"/>
        <line num="62" count="2" type="stmt"/>
        <line num="63" count="4" type="stmt"/>
        <line num="66" count="2" type="stmt"/>
        <line num="67" count="1" type="stmt"/>
        <line num="70" count="2" type="stmt"/>
        <line num="74" count="41" type="stmt"/>
        <line num="76" count="41" type="cond" truecount="2" falsecount="0"/>
        <line num="77" count="11" type="stmt"/>
        <line num="79" count="11" type="stmt"/>
        <line num="92" count="11" type="stmt"/>
        <line num="94" count="11" type="stmt"/>
        <line num="97" count="2" type="stmt"/>
      </file>
      <file name="ajax.ts" path="/work/hflabs-suggestions/src/utils/ajax.ts">
        <metrics statements="35" coveredstatements="35" conditionals="28" coveredconditionals="28" methods="8" coveredmethods="8"/>
        <line num="1" count="10" type="stmt"/>
        <line num="2" count="10" type="stmt"/>
        <line num="20" count="10" type="stmt"/>
        <line num="21" count="90" type="stmt"/>
        <line num="25" count="73" type="stmt"/>
        <line num="26" count="73" type="stmt"/>
        <line num="38" count="10" type="stmt"/>
        <line num="40" count="115" type="cond" truecount="2" falsecount="0"/>
        <line num="42" count="106" type="stmt"/>
        <line num="43" count="106" type="cond" truecount="2" falsecount="0"/>
        <line num="44" count="1" type="stmt"/>
        <line num="47" count="105" type="stmt"/>
        <line num="48" count="315" type="stmt"/>
        <line num="49" count="105" type="stmt"/>
        <line num="51" count="105" type="cond" truecount="2" falsecount="0"/>
        <line num="55" count="105" type="stmt"/>
        <line num="58" count="105" type="cond" truecount="2" falsecount="0"/>
        <line num="59" count="92" type="stmt"/>
        <line num="60" count="203" type="stmt"/>
        <line num="65" count="105" type="cond" truecount="2" falsecount="0"/>
        <line num="66" count="80" type="stmt"/>
        <line num="67" count="80" type="stmt"/>
        <line num="70" count="105" type="stmt"/>
        <line num="71" count="2" type="cond" truecount="2" falsecount="0"/>
        <line num="74" count="105" type="stmt"/>
        <line num="76" count="105" type="stmt"/>
        <line num="77" count="90" type="stmt"/>
        <line num="78" count="90" type="cond" truecount="2" falsecount="0"/>
        <line num="80" count="270" type="stmt"/>
        <line num="82" count="90" type="cond" truecount="4" falsecount="0"/>
        <line num="83" count="15" type="stmt"/>
        <line num="86" count="90" type="stmt"/>
        <line num="90" count="90" type="stmt"/>
        <line num="99" count="1" type="stmt"/>
        <line num="103" count="105" type="cond" truecount="4" falsecount="0"/>
      </file>
      <file name="as.ts" path="/work/hflabs-suggestions/src/utils/as.ts">
        <metrics statements="1" coveredstatements="1" conditionals="0" coveredconditionals="0" methods="1" coveredmethods="1"/>
        <line num="5" count="29" type="stmt"/>
      </file>
      <file name="className.ts" path="/work/hflabs-suggestions/src/utils/className.ts">
        <metrics statements="11" coveredstatements="11" conditionals="0" coveredconditionals="0" methods="7" coveredmethods="7"/>
        <line num="5" count="11" type="stmt"/>
        <line num="6" count="11" type="stmt"/>
        <line num="11" count="11" type="stmt"/>
        <line num="12" count="564" type="stmt"/>
        <line num="14" count="577" type="stmt"/>
        <line num="16" count="589" type="stmt"/>
        <line num="18" count="156" type="stmt"/>
        <line num="20" count="424" type="stmt"/>
        <line num="22" count="130" type="stmt"/>
        <line num="27" count="1132" type="stmt"/>
        <line num="28" count="283" type="stmt"/>
      </file>
      <file name="createElement.ts" path="/work/hflabs-suggestions/src/utils/createElement.ts">
        <metrics statements="5" coveredstatements="5" conditionals="2" coveredconditionals="2" methods="1" coveredmethods="1"/>
        <line num="6" count="4" type="stmt"/>
        <line num="10" count="285" type="stmt"/>
        <line num="12" count="285" type="cond" truecount="2" falsecount="0"/>
        <line num="13" count="284" type="stmt"/>
        <line num="16" count="285" type="stmt"/>
      </file>
      <file name="cursor.ts" path="/work/hflabs-suggestions/src/utils/cursor.ts">
        <metrics statements="14" coveredstatements="14" conditionals="4" coveredconditionals="4" methods="2" coveredmethods="2"/>
        <line num="1" count="3" type="stmt"/>
        <line num="5" count="12" type="cond" truecount="2" falsecount="0"/>
        <line num="8" count="11" type="stmt"/>
        <line num="9" count="11" type="stmt"/>
        <line num="11" count="11" type="cond" truecount="2" falsecount="0"/>
        <line num="12" count="9" type="stmt"/>
        <line num="13" count="9" type="stmt"/>
        <line num="19" count="2" type="stmt"/>
        <line num="22" count="3" type="stmt"/>
        <line num="23" count="8" type="stmt"/>
        <line num="26" count="8" type="stmt"/>
        <line num="27" count="8" type="stmt"/>
        <line num="28" count="7" type="stmt"/>
        <line num="31" count="1" type="stmt"/>
      </file>
      <file name="debounce.ts" path="/work/hflabs-suggestions/src/utils/debounce.ts">
        <metrics statements="11" coveredstatements="11" conditionals="4" coveredconditionals="4" methods="4" coveredmethods="4"/>
        <line num="15" count="10" type="stmt"/>
        <line num="22" count="255" type="stmt"/>
        <line num="23" count="32" type="stmt"/>
        <line num="24" count="32" type="cond" truecount="2" falsecount="0"/>
        <line num="26" count="32" type="stmt"/>
        <line num="27" count="16" type="stmt"/>
        <line num="28" count="16" type="stmt"/>
        <line num="32" count="255" type="stmt"/>
        <line num="33" count="2" type="cond" truecount="2" falsecount="0"/>
        <line num="34" count="1" type="stmt"/>
        <line num="38" count="255" type="stmt"/>
      </file>
      <file name="deepEqual.ts" path="/work/hflabs-suggestions/src/utils/deepEqual.ts">
        <metrics statements="16" coveredstatements="16" conditionals="23" coveredconditionals="23" methods="2" coveredmethods="2"/>
        <line num="4" count="10" type="stmt"/>
        <line num="5" count="159" type="cond" truecount="2" falsecount="0"/>
        <line num="7" count="149" type="stmt"/>
        <line num="9" count="78" type="cond" truecount="4" falsecount="0"/>
        <line num="10" count="67" type="cond" truecount="4" falsecount="0"/>
        <line num="12" count="38" type="cond" truecount="2" falsecount="0"/>
        <line num="13" count="21" type="cond" truecount="4" falsecount="0"/>
        <line num="14" count="18" type="stmt"/>
        <line num="15" count="29" type="cond" truecount="2" falsecount="0"/>
        <line num="17" count="10" type="stmt"/>
        <line num="20" count="17" type="stmt"/>
        <line num="21" count="46" type="stmt"/>
        <line num="28" count="26" type="cond" truecount="2" falsecount="0"/>
        <line num="29" count="25" type="stmt"/>
        <line num="31" count="3" type="stmt"/>
        <line num="34" count="67" type="stmt"/>
      </file>
      <file name="escape.ts" path="/work/hflabs-suggestions/src/utils/escape.ts">
        <metrics statements="6" coveredstatements="6" conditionals="0" coveredconditionals="0" methods="3" coveredmethods="3"/>
        <line num="1" count="12" type="stmt"/>
        <line num="13" count="12" type="stmt"/>
        <line num="14" count="755" type="stmt"/>
        <line num="15" count="4530" type="stmt"/>
        <line num="22" count="12" type="stmt"/>
        <line num="23" count="290" type="stmt"/>
      </file>
      <file name="highlightMatches.ts" path="/work/hflabs-suggestions/src/utils/highlightMatches.ts">
        <metrics statements="76" coveredstatements="76" conditionals="60" coveredconditionals="60" methods="15" coveredmethods="15"/>
        <line num="1" count="3" type="stmt"/>
        <line num="2" count="3" type="stmt"/>
        <line num="4" count="3" type="stmt"/>
        <line num="5" count="3" type="stmt"/>
        <line num="6" count="3" type="stmt"/>
        <line num="7" count="3" type="stmt"/>
        <line num="8" count="3" type="stmt"/>
        <line num="17" count="3" type="stmt"/>
        <line num="18" count="610" type="stmt"/>
        <line num="24" count="3" type="stmt"/>
        <line num="28" count="150" type="stmt"/>
        <line num="34" count="150" type="stmt"/>
        <line num="35" count="294" type="stmt"/>
        <line num="36" count="294" type="cond" truecount="2" falsecount="0"/>
        <line num="41" count="150" type="cond" truecount="2" falsecount="0"/>
        <line num="42" count="2" type="stmt"/>
        <line num="43" count="5" type="stmt"/>
        <line num="44" count="5" type="stmt"/>
        <line num="45" count="5" type="cond" truecount="2" falsecount="0"/>
        <line num="46" count="3" type="cond" truecount="2" falsecount="0"/>
        <line num="50" count="150" type="stmt"/>
        <line num="53" count="3" type="stmt"/>
        <line num="61" count="3" type="stmt"/>
        <line num="62" count="152" type="stmt"/>
        <line num="65" count="152" type="stmt"/>
        <line num="66" count="152" type="cond" truecount="2" falsecount="0"/>
        <line num="67" count="634" type="stmt"/>
        <line num="69" count="317" type="cond" truecount="2" falsecount="0"/>
        <line num="70" count="316" type="stmt"/>
        <line num="77" count="317" type="cond" truecount="2" falsecount="0"/>
        <line num="78" count="171" type="stmt"/>
        <line num="86" count="152" type="stmt"/>
        <line num="89" count="3" type="stmt"/>
        <line num="90" count="149" type="stmt"/>
        <line num="92" count="462" type="stmt"/>
        <line num="93" count="462" type="cond" truecount="4" falsecount="0"/>
        <line num="109" count="3" type="stmt"/>
        <line num="115" count="183" type="stmt"/>
        <line num="116" count="593" type="cond" truecount="2" falsecount="0"/>
        <line num="124" count="340" type="stmt"/>
        <line num="125" count="637" type="stmt"/>
        <line num="128" count="340" type="cond" truecount="2" falsecount="0"/>
        <line num="129" count="44" type="stmt"/>
        <line num="132" count="44" type="stmt"/>
        <line num="133" count="44" type="cond" truecount="6" falsecount="0"/>
        <line num="134" count="44" type="stmt"/>
        <line num="135" count="44" type="stmt"/>
        <line num="137" count="44" type="stmt"/>
        <line num="139" count="44" type="cond" truecount="2" falsecount="0"/>
        <line num="141" count="2" type="cond" truecount="2" falsecount="0"/>
        <line num="142" count="1" type="stmt"/>
        <line num="150" count="2" type="stmt"/>
        <line num="157" count="44" type="stmt"/>
        <line num="163" count="44" type="cond" truecount="2" falsecount="0"/>
        <line num="164" count="4" type="stmt"/>
        <line num="171" count="44" type="stmt"/>
        <line num="175" count="549" type="stmt"/>
        <line num="177" count="600" type="stmt"/>
        <line num="179" count="183" type="stmt"/>
        <line num="190" count="3" type="stmt"/>
        <line num="198" count="147" type="cond" truecount="4" falsecount="0"/>
        <line num="199" count="147" type="stmt"/>
        <line num="201" count="290" type="stmt"/>
        <line num="209" count="147" type="stmt"/>
        <line num="216" count="147" type="cond" truecount="4" falsecount="0"/>
        <line num="217" count="2" type="stmt"/>
        <line num="219" count="2" type="stmt"/>
        <line num="221" count="24" type="cond" truecount="2" falsecount="0"/>
        <line num="223" count="13" type="stmt"/>
        <line num="225" count="13" type="cond" truecount="2" falsecount="0"/>
        <line num="226" count="12" type="stmt"/>
        <line num="227" count="12" type="stmt"/>
        <line num="230" count="1" type="stmt"/>
        <line num="238" count="1" type="stmt"/>
        <line num="240" count="1" type="stmt"/>
        <line num="245" count="145" type="stmt"/>
      </file>
      <file name="isMobileViewport.ts" path="/work/hflabs-suggestions/src/utils/isMobileViewport.ts">
        <metrics statements="3" coveredstatements="3" conditionals="2" coveredconditionals="2" methods="1" coveredmethods="1"/>
        <line num="1" count="4" type="stmt"/>
        <line num="3" count="4" type="stmt"/>
        <line num="7" count="61" type="cond" truecount="2" falsecount="0"/>
      </file>
      <file name="isNumber.ts" path="/work/hflabs-suggestions/src/utils/isNumber.ts">
        <metrics statements="5" coveredstatements="5" conditionals="4" coveredconditionals="4" methods="3" coveredmethods="3"/>
        <line num="1" count="559" type="stmt"/>
        <line num="3" count="16" type="stmt"/>
        <line num="4" count="539" type="cond" truecount="2" falsecount="0"/>
        <line num="6" count="16" type="stmt"/>
        <line num="7" count="535" type="cond" truecount="2" falsecount="0"/>
      </file>
      <file name="isString.ts" path="/work/hflabs-suggestions/src/utils/isString.ts">
        <metrics statements="1" coveredstatements="1" conditionals="0" coveredconditionals="0" methods="1" coveredmethods="1"/>
        <line num="1" count="1111" type="stmt"/>
      </file>
      <file name="noop.ts" path="/work/hflabs-suggestions/src/utils/noop.ts">
        <metrics statements="1" coveredstatements="1" conditionals="0" coveredconditionals="0" methods="1" coveredmethods="1"/>
        <line num="1" count="14" type="stmt"/>
      </file>
      <file name="queuedPromiseFactory.ts" path="/work/hflabs-suggestions/src/utils/queuedPromiseFactory.ts">
        <metrics statements="16" coveredstatements="16" conditionals="8" coveredconditionals="8" methods="6" coveredmethods="5"/>
        <line num="5" count="6" type="stmt"/>
        <line num="12" count="6" type="stmt"/>
        <line num="17" count="56" type="cond" truecount="2" falsecount="0"/>
        <line num="19" count="51" type="stmt"/>
        <line num="20" count="51" type="stmt"/>
        <line num="22" count="273" type="stmt"/>
        <line num="23" count="72" type="cond" truecount="2" falsecount="0"/>
        <line num="24" count="11" type="cond" truecount="2" falsecount="0"/>
        <line num="25" count="5" type="stmt"/>
        <line num="29" count="67" type="cond" truecount="2" falsecount="0"/>
        <line num="31" count="67" type="stmt"/>
        <line num="35" count="67" type="stmt"/>
        <line num="37" count="67" type="stmt"/>
        <line num="39" count="57" type="stmt"/>
        <line num="40" count="57" type="stmt"/>
        <line num="46" count="67" type="stmt"/>
      </file>
      <file name="scrollToTop.ts" path="/work/hflabs-suggestions/src/utils/scrollToTop.ts">
        <metrics statements="10" coveredstatements="1" conditionals="10" coveredconditionals="0" methods="1" coveredmethods="0"/>
        <line num="1" count="2" type="stmt"/>
        <line num="2" count="0" type="stmt"/>
        <line num="3" count="0" type="stmt"/>
        <line num="5" count="0" type="cond" truecount="0" falsecount="2"/>
        <line num="7" count="0" type="cond" truecount="0" falsecount="2"/>
        <line num="13" count="0" type="cond" truecount="0" falsecount="2"/>
        <line num="14" count="0" type="stmt"/>
        <line num="19" count="0" type="stmt"/>
        <line num="20" count="0" type="stmt"/>
        <line num="23" count="0" type="stmt"/>
      </file>
      <file name="suggestion.ts" path="/work/hflabs-suggestions/src/utils/suggestion.ts">
        <metrics statements="4" coveredstatements="4" conditionals="5" coveredconditionals="5" methods="2" coveredmethods="2"/>
        <line num="5" count="3" type="stmt"/>
        <line num="6" count="21" type="cond" truecount="3" falsecount="0"/>
        <line num="8" count="3" type="stmt"/>
        <line num="9" count="16" type="cond" truecount="2" falsecount="0"/>
      </file>
      <file name="throttle.ts" path="/work/hflabs-suggestions/src/utils/throttle.ts">
        <metrics statements="14" coveredstatements="14" conditionals="6" coveredconditionals="6" methods="4" coveredmethods="4"/>
        <line num="6" count="4" type="stmt"/>
        <line num="11" count="86" type="stmt"/>
        <line num="13" count="395" type="stmt"/>
        <line num="14" count="123" type="cond" truecount="2" falsecount="0"/>
        <line num="15" count="46" type="stmt"/>
        <line num="17" count="77" type="stmt"/>
        <line num="18" count="59" type="stmt"/>
        <line num="19" count="59" type="cond" truecount="2" falsecount="0"/>
        <line num="20" count="59" type="stmt"/>
        <line num="22" count="77" type="stmt"/>
        <line num="26" count="86" type="stmt"/>
        <line num="27" count="2" type="cond" truecount="2" falsecount="0"/>
        <line num="28" count="1" type="stmt"/>
        <line num="32" count="86" type="stmt"/>
      </file>
    </package>
  </project>
</coverage>
