{"/work/hflabs-suggestions/src/declarations.d.ts": {"path":"/work/hflabs-suggestions/src/declarations.d.ts","statementMap":{},"fnMap":{},"branchMap":{},"s":{},"f":{},"b":{},"inputSourceMap":null}
,"/work/hflabs-suggestions/src/defaultOption.ts": {"path":"/work/hflabs-suggestions/src/defaultOption.ts","statementMap":{"0":{"start":{"line":3,"column":13},"end":{"line":22,"column":2}},"1":{"start":{"line":26,"column":13},"end":{"line":40,"column":2}}},"fnMap":{},"branchMap":{},"s":{"0":9,"1":9},"f":{},"b":{}}
,"/work/hflabs-suggestions/src/errors.ts": {"path":"/work/hflabs-suggestions/src/errors.ts","statementMap":{"0":{"start":{"line":1,"column":13},"end":{"line":1,"column":74}},"1":{"start":{"line":2,"column":13},"end":{"line":3,"column":51}},"2":{"start":{"line":4,"column":13},"end":{"line":4,"column":78}},"3":{"start":{"line":5,"column":13},"end":{"line":5,"column":73}},"4":{"start":{"line":6,"column":13},"end":{"line":6,"column":62}},"5":{"start":{"line":7,"column":13},"end":{"line":7,"column":76}},"6":{"start":{"line":8,"column":13},"end":{"line":8,"column":66}}},"fnMap":{},"branchMap":{},"s":{"0":10,"1":10,"2":10,"3":10,"4":10,"5":10,"6":10},"f":{},"b":{}}
,"/work/hflabs-suggestions/src/instances.ts": {"path":"/work/hflabs-suggestions/src/instances.ts","statementMap":{"0":{"start":{"line":7,"column":0},"end":{"line":7,"column":48}},"1":{"start":{"line":16,"column":0},"end":{"line":16,"column":73}},"2":{"start":{"line":17,"column":0},"end":{"line":17,"column":80}},"3":{"start":{"line":19,"column":13},"end":{"line":21,"column":46}},"4":{"start":{"line":21,"column":17},"end":{"line":21,"column":46}},"5":{"start":{"line":26,"column":13},"end":{"line":29,"column":4}},"6":{"start":{"line":32,"column":13},"end":{"line":44,"column":14}},"7":{"start":{"line":35,"column":2},"end":{"line":44,"column":14}},"8":{"start":{"line":36,"column":18},"end":{"line":36,"column":62}},"9":{"start":{"line":37,"column":4},"end":{"line":43,"column":10}},"10":{"start":{"line":50,"column":13},"end":{"line":53,"column":2}},"11":{"start":{"line":51,"column":2},"end":{"line":51,"column":31}},"12":{"start":{"line":52,"column":2},"end":{"line":52,"column":23}},"13":{"start":{"line":63,"column":13},"end":{"line":89,"column":2}},"14":{"start":{"line":68,"column":2},"end":{"line":70,"column":null}},"15":{"start":{"line":69,"column":4},"end":{"line":69,"column":51}},"16":{"start":{"line":72,"column":2},"end":{"line":72,"column":31}},"17":{"start":{"line":74,"column":19},"end":{"line":80,"column":null}},"18":{"start":{"line":83,"column":2},"end":{"line":86,"column":4}},"19":{"start":{"line":88,"column":2},"end":{"line":88,"column":35}},"20":{"start":{"line":88,"column":15},"end":{"line":88,"column":35}},"21":{"start":{"line":98,"column":13},"end":{"line":114,"column":2}},"22":{"start":{"line":105,"column":2},"end":{"line":105,"column":27}},"23":{"start":{"line":107,"column":19},"end":{"line":107,"column":36}},"24":{"start":{"line":109,"column":2},"end":{"line":113,"column":55}}},"fnMap":{"0":{"name":"(anonymous_4)","decl":{"start":{"line":19,"column":36},"end":{"line":19,"column":null}},"loc":{"start":{"line":19,"column":36},"end":{"line":21,"column":21}}},"1":{"name":"(anonymous_5)","decl":{"start":{"line":32,"column":36},"end":{"line":32,"column":null}},"loc":{"start":{"line":33,"column":34},"end":{"line":35,"column":8}}},"2":{"name":"(anonymous_6)","decl":{"start":{"line":35,"column":45},"end":{"line":35,"column":46}},"loc":{"start":{"line":35,"column":56},"end":{"line":44,"column":3}}},"3":{"name":"(anonymous_7)","decl":{"start":{"line":50,"column":31},"end":{"line":50,"column":32}},"loc":{"start":{"line":50,"column":52},"end":{"line":53,"column":1}}},"4":{"name":"(anonymous_8)","decl":{"start":{"line":63,"column":28},"end":{"line":63,"column":null}},"loc":{"start":{"line":66,"column":55},"end":{"line":89,"column":1}}},"5":{"name":"(anonymous_9)","decl":{"start":{"line":88,"column":9},"end":{"line":88,"column":15}},"loc":{"start":{"line":88,"column":9},"end":{"line":88,"column":30}}},"6":{"name":"(anonymous_10)","decl":{"start":{"line":98,"column":34},"end":{"line":98,"column":null}},"loc":{"start":{"line":104,"column":11},"end":{"line":114,"column":1}}}},"branchMap":{"0":{"loc":{"start":{"line":21,"column":22},"end":{"line":21,"column":29}},"type":"binary-expr","locations":[{"start":{"line":21,"column":22},"end":{"line":21,"column":29}},{"start":{"line":21,"column":33},"end":{"line":21,"column":36}}]},"1":{"loc":{"start":{"line":38,"column":8},"end":{"line":38,"column":12}},"type":"cond-expr","locations":[{"start":{"line":38,"column":8},"end":{"line":38,"column":12}},{"start":{"line":39,"column":7},"end":{"line":42,"column":null}}]},"2":{"loc":{"start":{"line":51,"column":19},"end":{"line":51,"column":21}},"type":"cond-expr","locations":[{"start":{"line":51,"column":19},"end":{"line":51,"column":21}},{"start":{"line":51,"column":19},"end":{"line":51,"column":31}}]},"3":{"loc":{"start":{"line":51,"column":2},"end":{"line":51,"column":21}},"type":"binary-expr","locations":[{"start":{"line":51,"column":2},"end":{"line":51,"column":21}},{"start":{"line":51,"column":19},"end":{"line":51,"column":21}}]},"4":{"loc":{"start":{"line":68,"column":2},"end":{"line":70,"column":null}},"type":"if","locations":[{"start":{"line":68,"column":2},"end":{"line":70,"column":null}},{"start":{"line":68,"column":2},"end":{"line":70,"column":null}}]},"5":{"loc":{"start":{"line":68,"column":14},"end":{"line":68,"column":16}},"type":"cond-expr","locations":[{"start":{"line":68,"column":14},"end":{"line":68,"column":16}},{"start":{"line":68,"column":7},"end":{"line":68,"column":20}}]},"6":{"loc":{"start":{"line":68,"column":7},"end":{"line":68,"column":16}},"type":"binary-expr","locations":[{"start":{"line":68,"column":7},"end":{"line":68,"column":16}},{"start":{"line":68,"column":7},"end":{"line":68,"column":16}}]},"7":{"loc":{"start":{"line":72,"column":19},"end":{"line":72,"column":21}},"type":"cond-expr","locations":[{"start":{"line":72,"column":19},"end":{"line":72,"column":21}},{"start":{"line":72,"column":19},"end":{"line":72,"column":31}}]},"8":{"loc":{"start":{"line":72,"column":2},"end":{"line":72,"column":21}},"type":"binary-expr","locations":[{"start":{"line":72,"column":2},"end":{"line":72,"column":21}},{"start":{"line":72,"column":19},"end":{"line":72,"column":21}}]},"9":{"loc":{"start":{"line":110,"column":6},"end":{"line":112,"column":null}},"type":"cond-expr","locations":[{"start":{"line":110,"column":6},"end":{"line":112,"column":null}},{"start":{"line":113,"column":6},"end":{"line":113,"column":54}}]}},"s":{"0":3,"1":3,"2":3,"3":3,"4":5,"5":3,"6":3,"7":10,"8":100,"9":100,"10":3,"11":3,"12":3,"13":3,"14":11,"15":2,"16":9,"17":9,"18":9,"19":9,"20":1,"21":3,"22":10,"23":4,"24":4},"f":{"0":5,"1":10,"2":100,"3":3,"4":11,"5":1,"6":4},"b":{"0":[5,1],"1":[1,99],"2":[1,2],"3":[3,3],"4":[2,9],"5":[1,10],"6":[11,11],"7":[8,1],"8":[9,9],"9":[1,3]}}
,"/work/hflabs-suggestions/src/types.d.ts": {"path":"/work/hflabs-suggestions/src/types.d.ts","statementMap":{},"fnMap":{},"branchMap":{},"s":{},"f":{},"b":{},"inputSourceMap":null}
,"/work/hflabs-suggestions/src/classes/Api.ts": {"path":"/work/hflabs-suggestions/src/classes/Api.ts","statementMap":{"0":{"start":{"line":8,"column":0},"end":{"line":8,"column":61}},"1":{"start":{"line":9,"column":0},"end":{"line":9,"column":53}},"2":{"start":{"line":10,"column":0},"end":{"line":10,"column":37}},"3":{"start":{"line":11,"column":0},"end":{"line":11,"column":54}},"4":{"start":{"line":33,"column":0},"end":{"line":33,"column":21}},"5":{"start":{"line":45,"column":22},"end":{"line":45,"column":47}},"6":{"start":{"line":42,"column":10},"end":{"line":42,"column":48}},"7":{"start":{"line":43,"column":10},"end":{"line":43,"column":60}},"8":{"start":{"line":47,"column":10},"end":{"line":106,"column":null}},"9":{"start":{"line":59,"column":8},"end":{"line":59,"column":20}},"10":{"start":{"line":52,"column":13},"end":{"line":52,"column":null}},"11":{"start":{"line":53,"column":13},"end":{"line":53,"column":null}},"12":{"start":{"line":54,"column":20},"end":{"line":54,"column":null}},"13":{"start":{"line":55,"column":20},"end":{"line":55,"column":null}},"14":{"start":{"line":56,"column":18},"end":{"line":56,"column":null}},"15":{"start":{"line":57,"column":16},"end":{"line":57,"column":null}},"16":{"start":{"line":58,"column":6},"end":{"line":58,"column":16}},"17":{"start":{"line":58,"column":16},"end":{"line":58,"column":null}},"18":{"start":{"line":62,"column":4},"end":{"line":66,"column":null}},"19":{"start":{"line":63,"column":6},"end":{"line":63,"column":23}},"20":{"start":{"line":65,"column":6},"end":{"line":65,"column":61}},"21":{"start":{"line":68,"column":18},"end":{"line":68,"column":38}},"22":{"start":{"line":69,"column":17},"end":{"line":74,"column":null}},"23":{"start":{"line":77,"column":4},"end":{"line":77,"column":59}},"24":{"start":{"line":77,"column":15},"end":{"line":77,"column":59}},"25":{"start":{"line":78,"column":4},"end":{"line":78,"column":48}},"26":{"start":{"line":78,"column":17},"end":{"line":78,"column":48}},"27":{"start":{"line":80,"column":22},"end":{"line":81,"column":10}},"28":{"start":{"line":81,"column":6},"end":{"line":85,"column":9}},"29":{"start":{"line":87,"column":4},"end":{"line":87,"column":36}},"30":{"start":{"line":87,"column":17},"end":{"line":87,"column":36}},"31":{"start":{"line":89,"column":23},"end":{"line":89,"column":50}},"32":{"start":{"line":90,"column":27},"end":{"line":90,"column":null}},"33":{"start":{"line":94,"column":4},"end":{"line":94,"column":46}},"34":{"start":{"line":94,"column":24},"end":{"line":94,"column":46}},"35":{"start":{"line":96,"column":20},"end":{"line":96,"column":31}},"36":{"start":{"line":98,"column":4},"end":{"line":98,"column":45}},"37":{"start":{"line":99,"column":4},"end":{"line":103,"column":19}},"38":{"start":{"line":101,"column":8},"end":{"line":101,"column":46}},"39":{"start":{"line":105,"column":4},"end":{"line":105,"column":19}},"40":{"start":{"line":108,"column":9},"end":{"line":120,"column":null}},"41":{"start":{"line":109,"column":4},"end":{"line":119,"column":7}},"42":{"start":{"line":110,"column":40},"end":{"line":110,"column":49}},"43":{"start":{"line":112,"column":6},"end":{"line":112,"column":69}},"44":{"start":{"line":112,"column":26},"end":{"line":112,"column":69}},"45":{"start":{"line":114,"column":20},"end":{"line":114,"column":37}},"46":{"start":{"line":116,"column":6},"end":{"line":116,"column":51}},"47":{"start":{"line":116,"column":17},"end":{"line":116,"column":51}},"48":{"start":{"line":118,"column":6},"end":{"line":118,"column":20}},"49":{"start":{"line":122,"column":9},"end":{"line":139,"column":null}},"50":{"start":{"line":127,"column":58},"end":{"line":127,"column":70}},"51":{"start":{"line":127,"column":20},"end":{"line":127,"column":22}},"52":{"start":{"line":127,"column":38},"end":{"line":127,"column":40}},"53":{"start":{"line":127,"column":53},"end":{"line":127,"column":58}},"54":{"start":{"line":129,"column":4},"end":{"line":138,"column":53}},"55":{"start":{"line":138,"column":26},"end":{"line":138,"column":52}},"56":{"start":{"line":141,"column":10},"end":{"line":145,"column":null}},"57":{"start":{"line":142,"column":22},"end":{"line":142,"column":35}},"58":{"start":{"line":144,"column":4},"end":{"line":144,"column":55}},"59":{"start":{"line":34,"column":17},"end":{"line":37,"column":9}},"60":{"start":{"line":38,"column":16},"end":{"line":40,"column":4}},"61":{"start":{"line":39,"column":4},"end":{"line":39,"column":28}},"62":{"start":{"line":146,"column":0},"end":{"line":146,"column":null}},"63":{"start":{"line":33,"column":21},"end":{"line":33,"column":null}}},"fnMap":{"0":{"name":"(anonymous_2)","decl":{"start":{"line":33,"column":0},"end":{"line":33,"column":21}},"loc":{"start":{"line":33,"column":0},"end":{"line":33,"column":21}}},"1":{"name":"Api","decl":{"start":{"line":45,"column":2},"end":{"line":45,"column":22}},"loc":{"start":{"line":45,"column":47},"end":{"line":45,"column":51}}},"2":{"name":"(anonymous_4)","decl":{"start":{"line":47,"column":2},"end":{"line":47,"column":10}},"loc":{"start":{"line":49,"column":19},"end":{"line":106,"column":3}}},"3":{"name":"(anonymous_5)","decl":{"start":{"line":80,"column":22},"end":{"line":80,"column":null}},"loc":{"start":{"line":80,"column":22},"end":{"line":81,"column":10}}},"4":{"name":"(anonymous_6)","decl":{"start":{"line":100,"column":15},"end":{"line":100,"column":null}},"loc":{"start":{"line":100,"column":15},"end":{"line":102,"column":7}}},"5":{"name":"(anonymous_7)","decl":{"start":{"line":108,"column":2},"end":{"line":108,"column":9}},"loc":{"start":{"line":108,"column":2},"end":{"line":120,"column":3}}},"6":{"name":"(anonymous_8)","decl":{"start":{"line":109,"column":61},"end":{"line":109,"column":62}},"loc":{"start":{"line":109,"column":70},"end":{"line":119,"column":5}}},"7":{"name":"(anonymous_9)","decl":{"start":{"line":122,"column":2},"end":{"line":122,"column":9}},"loc":{"start":{"line":125,"column":36},"end":{"line":139,"column":3}}},"8":{"name":"(anonymous_10)","decl":{"start":{"line":138,"column":12},"end":{"line":138,"column":13}},"loc":{"start":{"line":138,"column":21},"end":{"line":138,"column":34}}},"9":{"name":"(anonymous_11)","decl":{"start":{"line":141,"column":2},"end":{"line":141,"column":10}},"loc":{"start":{"line":141,"column":2},"end":{"line":145,"column":3}}},"10":{"name":"(anonymous_12)","decl":{"start":{"line":38,"column":38},"end":{"line":38,"column":null}},"loc":{"start":{"line":38,"column":38},"end":{"line":40,"column":3}}}},"branchMap":{"0":{"loc":{"start":{"line":58,"column":19},"end":{"line":58,"column":73}},"type":"cond-expr","locations":[{"start":{"line":58,"column":19},"end":{"line":58,"column":73}},{"start":{"line":58,"column":73},"end":{"line":58,"column":null}}]},"1":{"loc":{"start":{"line":62,"column":4},"end":{"line":66,"column":null}},"type":"if","locations":[{"start":{"line":62,"column":4},"end":{"line":66,"column":null}},{"start":{"line":62,"column":4},"end":{"line":66,"column":null}}]},"2":{"loc":{"start":{"line":68,"column":30},"end":{"line":68,"column":32}},"type":"cond-expr","locations":[{"start":{"line":68,"column":30},"end":{"line":68,"column":32}},{"start":{"line":68,"column":18},"end":{"line":68,"column":38}}]},"3":{"loc":{"start":{"line":68,"column":18},"end":{"line":68,"column":32}},"type":"binary-expr","locations":[{"start":{"line":68,"column":18},"end":{"line":68,"column":32}},{"start":{"line":68,"column":18},"end":{"line":68,"column":32}}]},"4":{"loc":{"start":{"line":77,"column":4},"end":{"line":77,"column":59}},"type":"if","locations":[{"start":{"line":77,"column":4},"end":{"line":77,"column":59}},{"start":{"line":77,"column":4},"end":{"line":77,"column":59}}]},"5":{"loc":{"start":{"line":78,"column":4},"end":{"line":78,"column":48}},"type":"if","locations":[{"start":{"line":78,"column":4},"end":{"line":78,"column":48}},{"start":{"line":78,"column":4},"end":{"line":78,"column":48}}]},"6":{"loc":{"start":{"line":83,"column":38},"end":{"line":83,"column":40}},"type":"cond-expr","locations":[{"start":{"line":83,"column":38},"end":{"line":83,"column":40}},{"start":{"line":83,"column":34},"end":{"line":83,"column":47}}]},"7":{"loc":{"start":{"line":83,"column":34},"end":{"line":83,"column":40}},"type":"binary-expr","locations":[{"start":{"line":83,"column":34},"end":{"line":83,"column":40}},{"start":{"line":83,"column":34},"end":{"line":83,"column":40}}]},"8":{"loc":{"start":{"line":87,"column":4},"end":{"line":87,"column":36}},"type":"if","locations":[{"start":{"line":87,"column":4},"end":{"line":87,"column":36}},{"start":{"line":87,"column":4},"end":{"line":87,"column":36}}]},"9":{"loc":{"start":{"line":94,"column":4},"end":{"line":94,"column":46}},"type":"if","locations":[{"start":{"line":94,"column":4},"end":{"line":94,"column":46}},{"start":{"line":94,"column":4},"end":{"line":94,"column":46}}]},"10":{"loc":{"start":{"line":112,"column":6},"end":{"line":112,"column":69}},"type":"if","locations":[{"start":{"line":112,"column":6},"end":{"line":112,"column":69}},{"start":{"line":112,"column":6},"end":{"line":112,"column":69}}]},"11":{"loc":{"start":{"line":116,"column":6},"end":{"line":116,"column":51}},"type":"if","locations":[{"start":{"line":116,"column":6},"end":{"line":116,"column":51}},{"start":{"line":116,"column":6},"end":{"line":116,"column":51}}]},"12":{"loc":{"start":{"line":144,"column":37},"end":{"line":144,"column":42}},"type":"cond-expr","locations":[{"start":{"line":144,"column":37},"end":{"line":144,"column":42}},{"start":{"line":144,"column":45},"end":{"line":144,"column":54}}]}},"s":{"0":9,"1":9,"2":9,"3":9,"4":9,"5":117,"6":117,"7":117,"8":9,"9":91,"10":91,"11":91,"12":91,"13":91,"14":91,"15":91,"16":91,"17":91,"18":91,"19":1,"20":90,"21":91,"22":91,"23":91,"24":0,"25":91,"26":10,"27":91,"28":91,"29":91,"30":79,"31":12,"32":12,"33":12,"34":0,"35":12,"36":12,"37":12,"38":10,"39":12,"40":9,"41":12,"42":18,"43":9,"44":3,"45":6,"46":6,"47":1,"48":6,"49":9,"50":79,"51":79,"52":79,"53":79,"54":79,"55":55,"56":9,"57":117,"58":117,"59":9,"60":9,"61":8,"62":9,"63":9},"f":{"0":9,"1":117,"2":91,"3":91,"4":10,"5":12,"6":9,"7":79,"8":55,"9":117,"10":8},"b":{"0":[0,91],"1":[1,90],"2":[91,0],"3":[91,91],"4":[0,91],"5":[10,81],"6":[12,79],"7":[91,91],"8":[79,12],"9":[0,12],"10":[3,6],"11":[1,5],"12":[117,0]}}
,"/work/hflabs-suggestions/src/classes/Disposable.ts": {"path":"/work/hflabs-suggestions/src/classes/Disposable.ts","statementMap":{"0":{"start":{"line":4,"column":0},"end":{"line":4,"column":null}},"1":{"start":{"line":5,"column":10},"end":{"line":5,"column":47}},"2":{"start":{"line":7,"column":9},"end":{"line":10,"column":null}},"3":{"start":{"line":8,"column":4},"end":{"line":8,"column":67}},"4":{"start":{"line":8,"column":56},"end":{"line":8,"column":66}},"5":{"start":{"line":9,"column":4},"end":{"line":9,"column":36}},"6":{"start":{"line":18,"column":12},"end":{"line":20,"column":null}},"7":{"start":{"line":19,"column":4},"end":{"line":19,"column":39}},"8":{"start":{"line":30,"column":12},"end":{"line":38,"column":null}},"9":{"start":{"line":33,"column":4},"end":{"line":33,"column":24}},"10":{"start":{"line":35,"column":22},"end":{"line":35,"column":51}},"11":{"start":{"line":36,"column":4},"end":{"line":36,"column":50}},"12":{"start":{"line":36,"column":25},"end":{"line":36,"column":49}},"13":{"start":{"line":37,"column":4},"end":{"line":37,"column":21}},"14":{"start":{"line":48,"column":12},"end":{"line":56,"column":null}},"15":{"start":{"line":51,"column":4},"end":{"line":51,"column":24}},"16":{"start":{"line":53,"column":23},"end":{"line":53,"column":53}},"17":{"start":{"line":54,"column":4},"end":{"line":54,"column":52}},"18":{"start":{"line":54,"column":25},"end":{"line":54,"column":51}},"19":{"start":{"line":55,"column":4},"end":{"line":55,"column":22}},"20":{"start":{"line":66,"column":12},"end":{"line":75,"column":null}},"21":{"start":{"line":71,"column":4},"end":{"line":71,"column":56}},"22":{"start":{"line":72,"column":4},"end":{"line":74,"column":6}},"23":{"start":{"line":73,"column":6},"end":{"line":73,"column":null}},"24":{"start":{"line":76,"column":0},"end":{"line":76,"column":null}},"25":{"start":{"line":78,"column":0},"end":{"line":78,"column":26}}},"fnMap":{"0":{"name":"(anonymous_1)","decl":{"start":{"line":4,"column":0},"end":{"line":4,"column":null}},"loc":{"start":{"line":4,"column":0},"end":{"line":76,"column":null}}},"1":{"name":"(anonymous_3)","decl":{"start":{"line":7,"column":2},"end":{"line":7,"column":9}},"loc":{"start":{"line":7,"column":2},"end":{"line":10,"column":3}}},"2":{"name":"(anonymous_4)","decl":{"start":{"line":8,"column":43},"end":{"line":8,"column":44}},"loc":{"start":{"line":8,"column":51},"end":{"line":8,"column":63}}},"3":{"name":"(anonymous_5)","decl":{"start":{"line":18,"column":2},"end":{"line":18,"column":12}},"loc":{"start":{"line":18,"column":41},"end":{"line":20,"column":3}}},"4":{"name":"(anonymous_6)","decl":{"start":{"line":30,"column":2},"end":{"line":30,"column":12}},"loc":{"start":{"line":32,"column":15},"end":{"line":38,"column":3}}},"5":{"name":"(anonymous_7)","decl":{"start":{"line":36,"column":19},"end":{"line":36,"column":25}},"loc":{"start":{"line":36,"column":19},"end":{"line":36,"column":37}}},"6":{"name":"(anonymous_8)","decl":{"start":{"line":48,"column":2},"end":{"line":48,"column":12}},"loc":{"start":{"line":50,"column":15},"end":{"line":56,"column":3}}},"7":{"name":"(anonymous_9)","decl":{"start":{"line":54,"column":19},"end":{"line":54,"column":25}},"loc":{"start":{"line":54,"column":19},"end":{"line":54,"column":38}}},"8":{"name":"(anonymous_10)","decl":{"start":{"line":66,"column":2},"end":{"line":66,"column":12}},"loc":{"start":{"line":69,"column":36},"end":{"line":75,"column":3}}},"9":{"name":"(anonymous_11)","decl":{"start":{"line":72,"column":19},"end":{"line":72,"column":null}},"loc":{"start":{"line":72,"column":19},"end":{"line":73,"column":8}}}},"branchMap":{},"s":{"0":12,"1":338,"2":12,"3":247,"4":1017,"5":247,"6":12,"7":1701,"8":12,"9":2,"10":1,"11":1,"12":1,"13":1,"14":12,"15":4,"16":2,"17":2,"18":2,"19":2,"20":12,"21":1080,"22":1080,"23":660,"24":12,"25":12},"f":{"0":350,"1":247,"2":1017,"3":1701,"4":1,"5":1,"6":2,"7":2,"8":1080,"9":660},"b":{}}
,"/work/hflabs-suggestions/src/classes/Input.ts": {"path":"/work/hflabs-suggestions/src/classes/Input.ts","statementMap":{"0":{"start":{"line":2,"column":0},"end":{"line":2,"column":38}},"1":{"start":{"line":3,"column":0},"end":{"line":3,"column":59}},"2":{"start":{"line":4,"column":0},"end":{"line":4,"column":35}},"3":{"start":{"line":5,"column":0},"end":{"line":5,"column":45}},"4":{"start":{"line":6,"column":0},"end":{"line":6,"column":45}},"5":{"start":{"line":8,"column":13},"end":{"line":8,"column":63}},"6":{"start":{"line":9,"column":13},"end":{"line":9,"column":61}},"7":{"start":{"line":13,"column":13},"end":{"line":18,"column":2}},"8":{"start":{"line":31,"column":0},"end":{"line":31,"column":null}},"9":{"start":{"line":31,"column":35},"end":{"line":31,"column":45}},"10":{"start":{"line":36,"column":4},"end":{"line":36,"column":null}},"11":{"start":{"line":35,"column":22},"end":{"line":35,"column":42}},"12":{"start":{"line":35,"column":52},"end":{"line":35,"column":77}},"13":{"start":{"line":32,"column":10},"end":{"line":32,"column":44}},"14":{"start":{"line":33,"column":10},"end":{"line":33,"column":47}},"15":{"start":{"line":153,"column":10},"end":{"line":156,"column":4}},"16":{"start":{"line":154,"column":10},"end":{"line":154,"column":null}},"17":{"start":{"line":37,"column":4},"end":{"line":37,"column":29}},"18":{"start":{"line":38,"column":4},"end":{"line":38,"column":27}},"19":{"start":{"line":39,"column":4},"end":{"line":39,"column":31}},"20":{"start":{"line":40,"column":4},"end":{"line":40,"column":29}},"21":{"start":{"line":43,"column":9},"end":{"line":45,"column":null}},"22":{"start":{"line":44,"column":4},"end":{"line":44,"column":26}},"23":{"start":{"line":47,"column":9},"end":{"line":50,"column":null}},"24":{"start":{"line":48,"column":4},"end":{"line":48,"column":27}},"25":{"start":{"line":49,"column":4},"end":{"line":49,"column":26}},"26":{"start":{"line":55,"column":9},"end":{"line":64,"column":null}},"27":{"start":{"line":56,"column":4},"end":{"line":56,"column":32}},"28":{"start":{"line":58,"column":4},"end":{"line":63,"column":null}},"29":{"start":{"line":59,"column":6},"end":{"line":59,"column":37}},"30":{"start":{"line":61,"column":6},"end":{"line":61,"column":37}},"31":{"start":{"line":62,"column":6},"end":{"line":62,"column":28}},"32":{"start":{"line":66,"column":10},"end":{"line":72,"column":null}},"33":{"start":{"line":66,"column":2},"end":{"line":66,"column":10}},"34":{"start":{"line":67,"column":19},"end":{"line":67,"column":52}},"35":{"start":{"line":69,"column":4},"end":{"line":69,"column":48}},"36":{"start":{"line":71,"column":4},"end":{"line":71,"column":73}},"37":{"start":{"line":71,"column":25},"end":{"line":71,"column":72}},"38":{"start":{"line":74,"column":10},"end":{"line":102,"column":null}},"39":{"start":{"line":74,"column":2},"end":{"line":74,"column":10}},"40":{"start":{"line":75,"column":61},"end":{"line":82,"column":null}},"41":{"start":{"line":78,"column":31},"end":{"line":81,"column":null}},"42":{"start":{"line":85,"column":4},"end":{"line":89,"column":6}},"43":{"start":{"line":87,"column":29},"end":{"line":87,"column":31}},"44":{"start":{"line":87,"column":45},"end":{"line":87,"column":46}},"45":{"start":{"line":88,"column":6},"end":{"line":88,"column":null}},"46":{"start":{"line":91,"column":4},"end":{"line":101,"column":7}},"47":{"start":{"line":92,"column":6},"end":{"line":100,"column":8}},"48":{"start":{"line":93,"column":23},"end":{"line":93,"column":25}},"49":{"start":{"line":93,"column":37},"end":{"line":93,"column":38}},"50":{"start":{"line":94,"column":10},"end":{"line":98,"column":null}},"51":{"start":{"line":95,"column":12},"end":{"line":95,"column":51}},"52":{"start":{"line":97,"column":12},"end":{"line":97,"column":62}},"53":{"start":{"line":104,"column":10},"end":{"line":151,"column":null}},"54":{"start":{"line":104,"column":2},"end":{"line":104,"column":10}},"55":{"start":{"line":105,"column":30},"end":{"line":105,"column":35}},"56":{"start":{"line":106,"column":30},"end":{"line":109,"column":5}},"57":{"start":{"line":107,"column":6},"end":{"line":107,"column":60}},"58":{"start":{"line":108,"column":6},"end":{"line":108,"column":33}},"59":{"start":{"line":112,"column":4},"end":{"line":150,"column":null}},"60":{"start":{"line":113,"column":23},"end":{"line":120,"column":8}},"61":{"start":{"line":114,"column":26},"end":{"line":114,"column":78}},"62":{"start":{"line":114,"column":50},"end":{"line":114,"column":78}},"63":{"start":{"line":116,"column":8},"end":{"line":119,"column":null}},"64":{"start":{"line":117,"column":10},"end":{"line":117,"column":30}},"65":{"start":{"line":118,"column":10},"end":{"line":118,"column":32}},"66":{"start":{"line":122,"column":6},"end":{"line":122,"column":32}},"67":{"start":{"line":124,"column":6},"end":{"line":126,"column":9}},"68":{"start":{"line":125,"column":8},"end":{"line":125,"column":56}},"69":{"start":{"line":125,"column":34},"end":{"line":125,"column":56}},"70":{"start":{"line":130,"column":38},"end":{"line":130,"column":42}},"71":{"start":{"line":132,"column":30},"end":{"line":139,"column":7}},"72":{"start":{"line":133,"column":26},"end":{"line":133,"column":55}},"73":{"start":{"line":135,"column":8},"end":{"line":138,"column":null}},"74":{"start":{"line":136,"column":10},"end":{"line":136,"column":30}},"75":{"start":{"line":137,"column":10},"end":{"line":137,"column":52}},"76":{"start":{"line":137,"column":26},"end":{"line":137,"column":52}},"77":{"start":{"line":141,"column":6},"end":{"line":141,"column":24}},"78":{"start":{"line":143,"column":6},"end":{"line":149,"column":null}},"79":{"start":{"line":144,"column":8},"end":{"line":144,"column":62}},"80":{"start":{"line":146,"column":8},"end":{"line":148,"column":11}},"81":{"start":{"line":147,"column":10},"end":{"line":147,"column":76}},"82":{"start":{"line":147,"column":50},"end":{"line":147,"column":76}},"83":{"start":{"line":158,"column":10},"end":{"line":167,"column":null}},"84":{"start":{"line":159,"column":22},"end":{"line":159,"column":30}},"85":{"start":{"line":161,"column":4},"end":{"line":161,"column":79}},"86":{"start":{"line":161,"column":72},"end":{"line":161,"column":79}},"87":{"start":{"line":163,"column":4},"end":{"line":166,"column":null}},"88":{"start":{"line":164,"column":6},"end":{"line":164,"column":29}},"89":{"start":{"line":165,"column":6},"end":{"line":165,"column":38}},"90":{"start":{"line":169,"column":10},"end":{"line":182,"column":null}},"91":{"start":{"line":169,"column":2},"end":{"line":169,"column":10}},"92":{"start":{"line":170,"column":24},"end":{"line":170,"column":69}},"93":{"start":{"line":170,"column":39},"end":{"line":170,"column":67}},"94":{"start":{"line":173,"column":4},"end":{"line":173,"column":67}},"95":{"start":{"line":174,"column":4},"end":{"line":174,"column":65}},"96":{"start":{"line":175,"column":4},"end":{"line":175,"column":67}},"97":{"start":{"line":176,"column":4},"end":{"line":176,"column":67}},"98":{"start":{"line":178,"column":4},"end":{"line":181,"column":7}},"99":{"start":{"line":180,"column":6},"end":{"line":180,"column":33}},"100":{"start":{"line":183,"column":0},"end":{"line":183,"column":null}}},"fnMap":{"0":{"name":"(anonymous_9)","decl":{"start":{"line":31,"column":0},"end":{"line":31,"column":35}},"loc":{"start":{"line":31,"column":0},"end":{"line":183,"column":null}}},"1":{"name":"Input","decl":{"start":{"line":35,"column":2},"end":{"line":35,"column":22}},"loc":{"start":{"line":35,"column":77},"end":{"line":41,"column":3}}},"2":{"name":"(anonymous_11)","decl":{"start":{"line":154,"column":4},"end":{"line":154,"column":10}},"loc":{"start":{"line":154,"column":4},"end":{"line":154,"column":14}}},"3":{"name":"(anonymous_12)","decl":{"start":{"line":43,"column":2},"end":{"line":43,"column":9}},"loc":{"start":{"line":43,"column":2},"end":{"line":45,"column":3}}},"4":{"name":"(anonymous_13)","decl":{"start":{"line":47,"column":2},"end":{"line":47,"column":9}},"loc":{"start":{"line":47,"column":31},"end":{"line":50,"column":3}}},"5":{"name":"(anonymous_14)","decl":{"start":{"line":55,"column":2},"end":{"line":55,"column":9}},"loc":{"start":{"line":55,"column":42},"end":{"line":64,"column":3}}},"6":{"name":"(anonymous_15)","decl":{"start":{"line":66,"column":2},"end":{"line":66,"column":10}},"loc":{"start":{"line":66,"column":2},"end":{"line":72,"column":3}}},"7":{"name":"(anonymous_16)","decl":{"start":{"line":71,"column":19},"end":{"line":71,"column":25}},"loc":{"start":{"line":71,"column":19},"end":{"line":71,"column":36}}},"8":{"name":"(anonymous_17)","decl":{"start":{"line":74,"column":2},"end":{"line":74,"column":10}},"loc":{"start":{"line":74,"column":2},"end":{"line":102,"column":3}}},"9":{"name":"(anonymous_18)","decl":{"start":{"line":78,"column":6},"end":{"line":78,"column":7}},"loc":{"start":{"line":78,"column":26},"end":{"line":78,"column":null}}},"10":{"name":"(anonymous_19)","decl":{"start":{"line":87,"column":14},"end":{"line":87,"column":15}},"loc":{"start":{"line":87,"column":46},"end":{"line":88,"column":10}}},"11":{"name":"(anonymous_20)","decl":{"start":{"line":91,"column":19},"end":{"line":91,"column":null}},"loc":{"start":{"line":91,"column":19},"end":{"line":101,"column":5}}},"12":{"name":"(anonymous_21)","decl":{"start":{"line":93,"column":8},"end":{"line":93,"column":9}},"loc":{"start":{"line":93,"column":38},"end":{"line":99,"column":9}}},"13":{"name":"(anonymous_22)","decl":{"start":{"line":104,"column":2},"end":{"line":104,"column":10}},"loc":{"start":{"line":104,"column":2},"end":{"line":151,"column":3}}},"14":{"name":"(anonymous_23)","decl":{"start":{"line":106,"column":30},"end":{"line":106,"column":null}},"loc":{"start":{"line":106,"column":30},"end":{"line":109,"column":5}}},"15":{"name":"(anonymous_24)","decl":{"start":{"line":113,"column":48},"end":{"line":113,"column":49}},"loc":{"start":{"line":113,"column":56},"end":{"line":120,"column":7}}},"16":{"name":"(anonymous_25)","decl":{"start":{"line":114,"column":39},"end":{"line":114,"column":40}},"loc":{"start":{"line":114,"column":45},"end":{"line":114,"column":55}}},"17":{"name":"(anonymous_26)","decl":{"start":{"line":124,"column":21},"end":{"line":124,"column":null}},"loc":{"start":{"line":124,"column":21},"end":{"line":126,"column":7}}},"18":{"name":"(anonymous_27)","decl":{"start":{"line":132,"column":30},"end":{"line":132,"column":null}},"loc":{"start":{"line":132,"column":30},"end":{"line":139,"column":7}}},"19":{"name":"(anonymous_28)","decl":{"start":{"line":146,"column":23},"end":{"line":146,"column":null}},"loc":{"start":{"line":146,"column":23},"end":{"line":148,"column":9}}},"20":{"name":"(anonymous_29)","decl":{"start":{"line":158,"column":2},"end":{"line":158,"column":10}},"loc":{"start":{"line":158,"column":2},"end":{"line":167,"column":3}}},"21":{"name":"(anonymous_30)","decl":{"start":{"line":169,"column":2},"end":{"line":169,"column":10}},"loc":{"start":{"line":169,"column":2},"end":{"line":182,"column":3}}},"22":{"name":"(anonymous_31)","decl":{"start":{"line":170,"column":33},"end":{"line":170,"column":39}},"loc":{"start":{"line":170,"column":33},"end":{"line":170,"column":43}}},"23":{"name":"(anonymous_32)","decl":{"start":{"line":178,"column":54},"end":{"line":178,"column":null}},"loc":{"start":{"line":178,"column":54},"end":{"line":181,"column":5}}}},"branchMap":{"0":{"loc":{"start":{"line":36,"column":4},"end":{"line":36,"column":11}},"type":"binary-expr","locations":[{"start":{"line":36,"column":4},"end":{"line":36,"column":11}},{"start":{"line":36,"column":11},"end":{"line":36,"column":null}}]},"1":{"loc":{"start":{"line":58,"column":4},"end":{"line":63,"column":null}},"type":"if","locations":[{"start":{"line":58,"column":4},"end":{"line":63,"column":null}},{"start":{"line":58,"column":4},"end":{"line":63,"column":null}}]},"2":{"loc":{"start":{"line":67,"column":45},"end":{"line":67,"column":47}},"type":"cond-expr","locations":[{"start":{"line":67,"column":45},"end":{"line":67,"column":47}},{"start":{"line":67,"column":45},"end":{"line":67,"column":52}}]},"3":{"loc":{"start":{"line":67,"column":19},"end":{"line":67,"column":47}},"type":"binary-expr","locations":[{"start":{"line":67,"column":19},"end":{"line":67,"column":47}},{"start":{"line":67,"column":45},"end":{"line":67,"column":47}}]},"4":{"loc":{"start":{"line":94,"column":10},"end":{"line":98,"column":null}},"type":"if","locations":[{"start":{"line":94,"column":10},"end":{"line":98,"column":null}},{"start":{"line":94,"column":10},"end":{"line":98,"column":null}}]},"5":{"loc":{"start":{"line":112,"column":4},"end":{"line":150,"column":null}},"type":"if","locations":[{"start":{"line":112,"column":4},"end":{"line":150,"column":null}},{"start":{"line":112,"column":4},"end":{"line":150,"column":null}}]},"6":{"loc":{"start":{"line":116,"column":8},"end":{"line":119,"column":null}},"type":"if","locations":[{"start":{"line":116,"column":8},"end":{"line":119,"column":null}},{"start":{"line":116,"column":8},"end":{"line":119,"column":null}}]},"7":{"loc":{"start":{"line":125,"column":8},"end":{"line":125,"column":56}},"type":"if","locations":[{"start":{"line":125,"column":8},"end":{"line":125,"column":56}},{"start":{"line":125,"column":8},"end":{"line":125,"column":56}}]},"8":{"loc":{"start":{"line":135,"column":8},"end":{"line":138,"column":null}},"type":"if","locations":[{"start":{"line":135,"column":8},"end":{"line":138,"column":null}},{"start":{"line":135,"column":8},"end":{"line":138,"column":null}}]},"9":{"loc":{"start":{"line":137,"column":10},"end":{"line":137,"column":52}},"type":"if","locations":[{"start":{"line":137,"column":10},"end":{"line":137,"column":52}},{"start":{"line":137,"column":10},"end":{"line":137,"column":52}}]},"10":{"loc":{"start":{"line":143,"column":6},"end":{"line":149,"column":null}},"type":"if","locations":[{"start":{"line":143,"column":6},"end":{"line":149,"column":null}},{"start":{"line":143,"column":6},"end":{"line":149,"column":null}}]},"11":{"loc":{"start":{"line":147,"column":10},"end":{"line":147,"column":76}},"type":"if","locations":[{"start":{"line":147,"column":10},"end":{"line":147,"column":76}},{"start":{"line":147,"column":10},"end":{"line":147,"column":76}}]},"12":{"loc":{"start":{"line":147,"column":14},"end":{"line":147,"column":34}},"type":"binary-expr","locations":[{"start":{"line":147,"column":14},"end":{"line":147,"column":34}},{"start":{"line":147,"column":38},"end":{"line":147,"column":48}}]},"13":{"loc":{"start":{"line":161,"column":4},"end":{"line":161,"column":79}},"type":"if","locations":[{"start":{"line":161,"column":4},"end":{"line":161,"column":79}},{"start":{"line":161,"column":4},"end":{"line":161,"column":79}}]},"14":{"loc":{"start":{"line":161,"column":8},"end":{"line":161,"column":37}},"type":"binary-expr","locations":[{"start":{"line":161,"column":8},"end":{"line":161,"column":37}},{"start":{"line":161,"column":41},"end":{"line":161,"column":70}}]},"15":{"loc":{"start":{"line":163,"column":4},"end":{"line":166,"column":null}},"type":"if","locations":[{"start":{"line":163,"column":4},"end":{"line":166,"column":null}},{"start":{"line":163,"column":4},"end":{"line":166,"column":null}}]}},"s":{"0":9,"1":9,"2":9,"3":9,"4":9,"5":9,"6":9,"7":9,"8":9,"9":9,"10":126,"11":126,"12":126,"13":126,"14":126,"15":126,"16":8,"17":126,"18":126,"19":126,"20":126,"21":9,"22":128,"23":9,"24":66,"25":66,"26":9,"27":69,"28":69,"29":52,"30":17,"31":17,"32":9,"33":126,"34":126,"35":126,"36":126,"37":42,"38":9,"39":126,"40":126,"41":504,"42":126,"43":504,"44":504,"45":504,"46":126,"47":42,"48":168,"49":168,"50":168,"51":167,"52":1,"53":9,"54":126,"55":126,"56":126,"57":3,"58":3,"59":126,"60":2,"61":2,"62":2,"63":2,"64":1,"65":1,"66":2,"67":2,"68":2,"69":1,"70":124,"71":124,"72":130,"73":130,"74":2,"75":2,"76":1,"77":124,"78":124,"79":123,"80":123,"81":39,"82":38,"83":9,"84":29,"85":29,"86":0,"87":29,"88":13,"89":13,"90":9,"91":126,"92":126,"93":7,"94":126,"95":126,"96":126,"97":126,"98":126,"99":22,"100":9},"f":{"0":9,"1":126,"2":8,"3":128,"4":66,"5":69,"6":126,"7":42,"8":126,"9":504,"10":504,"11":42,"12":168,"13":126,"14":3,"15":2,"16":2,"17":2,"18":130,"19":39,"20":29,"21":126,"22":7,"23":22},"b":{"0":[126,126],"1":[52,17],"2":[125,1],"3":[126,126],"4":[167,1],"5":[2,124],"6":[1,1],"7":[1,1],"8":[2,128],"9":[1,1],"10":[123,1],"11":[38,1],"12":[39,38],"13":[0,29],"14":[29,0],"15":[13,16]}}
,"/work/hflabs-suggestions/src/classes/Popover.ts": {"path":"/work/hflabs-suggestions/src/classes/Popover.ts","statementMap":{"0":{"start":{"line":1,"column":0},"end":{"line":1,"column":72}},"1":{"start":{"line":2,"column":0},"end":{"line":2,"column":37}},"2":{"start":{"line":3,"column":0},"end":{"line":3,"column":40}},"3":{"start":{"line":4,"column":0},"end":{"line":4,"column":55}},"4":{"start":{"line":6,"column":0},"end":{"line":6,"column":38}},"5":{"start":{"line":7,"column":0},"end":{"line":7,"column":53}},"6":{"start":{"line":8,"column":0},"end":{"line":8,"column":45}},"7":{"start":{"line":9,"column":0},"end":{"line":9,"column":61}},"8":{"start":{"line":10,"column":0},"end":{"line":10,"column":50}},"9":{"start":{"line":13,"column":2},"end":{"line":13,"column":102}},"10":{"start":{"line":30,"column":0},"end":{"line":30,"column":null}},"11":{"start":{"line":30,"column":37},"end":{"line":30,"column":47}},"12":{"start":{"line":42,"column":4},"end":{"line":42,"column":null}},"13":{"start":{"line":39,"column":12},"end":{"line":39,"column":36}},"14":{"start":{"line":40,"column":12},"end":{"line":40,"column":39}},"15":{"start":{"line":31,"column":10},"end":{"line":31,"column":45}},"16":{"start":{"line":32,"column":10},"end":{"line":34,"column":5}},"17":{"start":{"line":35,"column":10},"end":{"line":35,"column":72}},"18":{"start":{"line":36,"column":10},"end":{"line":36,"column":36}},"19":{"start":{"line":43,"column":4},"end":{"line":43,"column":17}},"20":{"start":{"line":44,"column":4},"end":{"line":44,"column":17}},"21":{"start":{"line":45,"column":4},"end":{"line":45,"column":32}},"22":{"start":{"line":46,"column":4},"end":{"line":46,"column":18}},"23":{"start":{"line":47,"column":4},"end":{"line":47,"column":29}},"24":{"start":{"line":48,"column":4},"end":{"line":48,"column":31}},"25":{"start":{"line":51,"column":9},"end":{"line":54,"column":null}},"26":{"start":{"line":52,"column":4},"end":{"line":52,"column":41}},"27":{"start":{"line":53,"column":4},"end":{"line":53,"column":18}},"28":{"start":{"line":56,"column":9},"end":{"line":64,"column":null}},"29":{"start":{"line":57,"column":4},"end":{"line":63,"column":7}},"30":{"start":{"line":58,"column":6},"end":{"line":62,"column":null}},"31":{"start":{"line":59,"column":8},"end":{"line":59,"column":44}},"32":{"start":{"line":61,"column":8},"end":{"line":61,"column":47}},"33":{"start":{"line":66,"column":10},"end":{"line":69,"column":null}},"34":{"start":{"line":66,"column":2},"end":{"line":66,"column":10}},"35":{"start":{"line":67,"column":4},"end":{"line":67,"column":40}},"36":{"start":{"line":68,"column":4},"end":{"line":68,"column":62}},"37":{"start":{"line":68,"column":25},"end":{"line":68,"column":61}},"38":{"start":{"line":71,"column":10},"end":{"line":78,"column":null}},"39":{"start":{"line":72,"column":19},"end":{"line":72,"column":54}},"40":{"start":{"line":73,"column":22},"end":{"line":73,"column":30}},"41":{"start":{"line":75,"column":4},"end":{"line":75,"column":64}},"42":{"start":{"line":76,"column":4},"end":{"line":76,"column":64}},"43":{"start":{"line":77,"column":4},"end":{"line":77,"column":38}},"44":{"start":{"line":80,"column":10},"end":{"line":87,"column":null}},"45":{"start":{"line":80,"column":2},"end":{"line":80,"column":10}},"46":{"start":{"line":81,"column":21},"end":{"line":83,"column":null}},"47":{"start":{"line":83,"column":21},"end":{"line":83,"column":35}},"48":{"start":{"line":86,"column":4},"end":{"line":86,"column":45}},"49":{"start":{"line":86,"column":25},"end":{"line":86,"column":44}},"50":{"start":{"line":89,"column":10},"end":{"line":124,"column":null}},"51":{"start":{"line":90,"column":63},"end":{"line":90,"column":75}},"52":{"start":{"line":90,"column":22},"end":{"line":90,"column":24}},"53":{"start":{"line":90,"column":28},"end":{"line":90,"column":30}},"54":{"start":{"line":90,"column":47},"end":{"line":90,"column":49}},"55":{"start":{"line":90,"column":58},"end":{"line":90,"column":63}},"56":{"start":{"line":91,"column":22},"end":{"line":91,"column":27}},"57":{"start":{"line":92,"column":21},"end":{"line":92,"column":54}},"58":{"start":{"line":94,"column":21},"end":{"line":94,"column":60}},"59":{"start":{"line":95,"column":4},"end":{"line":102,"column":null}},"60":{"start":{"line":96,"column":26},"end":{"line":99,"column":8}},"61":{"start":{"line":101,"column":6},"end":{"line":101,"column":40}},"62":{"start":{"line":104,"column":17},"end":{"line":106,"column":6}},"63":{"start":{"line":107,"column":4},"end":{"line":107,"column":26}},"64":{"start":{"line":108,"column":4},"end":{"line":108,"column":31}},"65":{"start":{"line":110,"column":4},"end":{"line":120,"column":null}},"66":{"start":{"line":111,"column":6},"end":{"line":119,"column":8}},"67":{"start":{"line":122,"column":4},"end":{"line":122,"column":27}},"68":{"start":{"line":123,"column":4},"end":{"line":123,"column":34}},"69":{"start":{"line":126,"column":10},"end":{"line":141,"column":null}},"70":{"start":{"line":127,"column":40},"end":{"line":127,"column":52}},"71":{"start":{"line":127,"column":22},"end":{"line":127,"column":24}},"72":{"start":{"line":127,"column":35},"end":{"line":127,"column":40}},"73":{"start":{"line":128,"column":18},"end":{"line":132,"column":null}},"74":{"start":{"line":129,"column":6},"end":{"line":132,"column":null}},"75":{"start":{"line":136,"column":4},"end":{"line":138,"column":6}},"76":{"start":{"line":137,"column":6},"end":{"line":137,"column":null}},"77":{"start":{"line":137,"column":41},"end":{"line":137,"column":56}},"78":{"start":{"line":140,"column":4},"end":{"line":140,"column":17}},"79":{"start":{"line":143,"column":10},"end":{"line":149,"column":null}},"80":{"start":{"line":144,"column":4},"end":{"line":148,"column":6}},"81":{"start":{"line":151,"column":10},"end":{"line":177,"column":null}},"82":{"start":{"line":151,"column":2},"end":{"line":151,"column":10}},"83":{"start":{"line":153,"column":31},"end":{"line":153,"column":44}},"84":{"start":{"line":155,"column":4},"end":{"line":176,"column":null}},"85":{"start":{"line":156,"column":22},"end":{"line":156,"column":27}},"86":{"start":{"line":157,"column":29},"end":{"line":168,"column":35}},"87":{"start":{"line":158,"column":25},"end":{"line":158,"column":65}},"88":{"start":{"line":160,"column":8},"end":{"line":167,"column":null}},"89":{"start":{"line":161,"column":10},"end":{"line":165,"column":null}},"90":{"start":{"line":162,"column":12},"end":{"line":162,"column":48}},"91":{"start":{"line":164,"column":12},"end":{"line":164,"column":51}},"92":{"start":{"line":166,"column":10},"end":{"line":166,"column":31}},"93":{"start":{"line":170,"column":6},"end":{"line":170,"column":23}},"94":{"start":{"line":172,"column":6},"end":{"line":175,"column":9}},"95":{"start":{"line":173,"column":8},"end":{"line":173,"column":17}},"96":{"start":{"line":174,"column":8},"end":{"line":174,"column":25}},"97":{"start":{"line":178,"column":0},"end":{"line":178,"column":null}}},"fnMap":{"0":{"name":"(anonymous_7)","decl":{"start":{"line":30,"column":0},"end":{"line":30,"column":37}},"loc":{"start":{"line":30,"column":0},"end":{"line":178,"column":null}}},"1":{"name":"Popover","decl":{"start":{"line":38,"column":2},"end":{"line":38,"column":null}},"loc":{"start":{"line":40,"column":39},"end":{"line":49,"column":3}}},"2":{"name":"(anonymous_9)","decl":{"start":{"line":51,"column":2},"end":{"line":51,"column":9}},"loc":{"start":{"line":51,"column":33},"end":{"line":54,"column":3}}},"3":{"name":"(anonymous_10)","decl":{"start":{"line":56,"column":2},"end":{"line":56,"column":9}},"loc":{"start":{"line":56,"column":36},"end":{"line":64,"column":3}}},"4":{"name":"(anonymous_11)","decl":{"start":{"line":57,"column":23},"end":{"line":57,"column":24}},"loc":{"start":{"line":57,"column":29},"end":{"line":63,"column":5}}},"5":{"name":"(anonymous_12)","decl":{"start":{"line":66,"column":2},"end":{"line":66,"column":10}},"loc":{"start":{"line":66,"column":2},"end":{"line":69,"column":3}}},"6":{"name":"(anonymous_13)","decl":{"start":{"line":68,"column":19},"end":{"line":68,"column":25}},"loc":{"start":{"line":68,"column":19},"end":{"line":68,"column":29}}},"7":{"name":"(anonymous_14)","decl":{"start":{"line":71,"column":2},"end":{"line":71,"column":10}},"loc":{"start":{"line":71,"column":2},"end":{"line":78,"column":3}}},"8":{"name":"(anonymous_15)","decl":{"start":{"line":80,"column":2},"end":{"line":80,"column":10}},"loc":{"start":{"line":80,"column":2},"end":{"line":87,"column":3}}},"9":{"name":"(anonymous_16)","decl":{"start":{"line":83,"column":15},"end":{"line":83,"column":21}},"loc":{"start":{"line":83,"column":15},"end":{"line":83,"column":25}}},"10":{"name":"(anonymous_17)","decl":{"start":{"line":86,"column":19},"end":{"line":86,"column":25}},"loc":{"start":{"line":86,"column":19},"end":{"line":86,"column":33}}},"11":{"name":"(anonymous_18)","decl":{"start":{"line":89,"column":2},"end":{"line":89,"column":10}},"loc":{"start":{"line":89,"column":2},"end":{"line":124,"column":3}}},"12":{"name":"(anonymous_19)","decl":{"start":{"line":126,"column":2},"end":{"line":126,"column":10}},"loc":{"start":{"line":126,"column":41},"end":{"line":141,"column":3}}},"13":{"name":"(anonymous_20)","decl":{"start":{"line":128,"column":32},"end":{"line":128,"column":33}},"loc":{"start":{"line":128,"column":42},"end":{"line":129,"column":19}}},"14":{"name":"(anonymous_21)","decl":{"start":{"line":136,"column":18},"end":{"line":136,"column":19}},"loc":{"start":{"line":136,"column":24},"end":{"line":137,"column":8}}},"15":{"name":"(anonymous_22)","decl":{"start":{"line":137,"column":35},"end":{"line":137,"column":41}},"loc":{"start":{"line":137,"column":35},"end":{"line":137,"column":52}}},"16":{"name":"(anonymous_23)","decl":{"start":{"line":143,"column":2},"end":{"line":143,"column":10}},"loc":{"start":{"line":143,"column":2},"end":{"line":149,"column":3}}},"17":{"name":"(anonymous_24)","decl":{"start":{"line":151,"column":2},"end":{"line":151,"column":10}},"loc":{"start":{"line":151,"column":2},"end":{"line":177,"column":3}}},"18":{"name":"(anonymous_25)","decl":{"start":{"line":157,"column":38},"end":{"line":157,"column":null}},"loc":{"start":{"line":157,"column":38},"end":{"line":168,"column":7}}},"19":{"name":"(anonymous_26)","decl":{"start":{"line":172,"column":56},"end":{"line":172,"column":null}},"loc":{"start":{"line":172,"column":56},"end":{"line":175,"column":7}}}},"branchMap":{"0":{"loc":{"start":{"line":42,"column":4},"end":{"line":42,"column":11}},"type":"binary-expr","locations":[{"start":{"line":42,"column":4},"end":{"line":42,"column":11}},{"start":{"line":42,"column":11},"end":{"line":42,"column":null}}]},"1":{"loc":{"start":{"line":33,"column":67},"end":{"line":33,"column":69}},"type":"cond-expr","locations":[{"start":{"line":33,"column":67},"end":{"line":33,"column":69}},{"start":{"line":33,"column":67},"end":{"line":33,"column":76}}]},"2":{"loc":{"start":{"line":33,"column":42},"end":{"line":33,"column":69}},"type":"binary-expr","locations":[{"start":{"line":33,"column":42},"end":{"line":33,"column":69}},{"start":{"line":33,"column":67},"end":{"line":33,"column":69}}]},"3":{"loc":{"start":{"line":58,"column":6},"end":{"line":62,"column":null}},"type":"if","locations":[{"start":{"line":58,"column":6},"end":{"line":62,"column":null}},{"start":{"line":58,"column":6},"end":{"line":62,"column":null}}]},"4":{"loc":{"start":{"line":94,"column":36},"end":{"line":94,"column":40}},"type":"cond-expr","locations":[{"start":{"line":94,"column":36},"end":{"line":94,"column":40}},{"start":{"line":94,"column":43},"end":{"line":94,"column":60}}]},"5":{"loc":{"start":{"line":95,"column":4},"end":{"line":102,"column":null}},"type":"if","locations":[{"start":{"line":95,"column":4},"end":{"line":102,"column":null}},{"start":{"line":95,"column":4},"end":{"line":102,"column":null}}]},"6":{"loc":{"start":{"line":97,"column":55},"end":{"line":97,"column":57}},"type":"cond-expr","locations":[{"start":{"line":97,"column":55},"end":{"line":97,"column":57}},{"start":{"line":97,"column":45},"end":{"line":97,"column":61}}]},"7":{"loc":{"start":{"line":97,"column":45},"end":{"line":97,"column":57}},"type":"binary-expr","locations":[{"start":{"line":97,"column":45},"end":{"line":97,"column":57}},{"start":{"line":97,"column":45},"end":{"line":97,"column":57}}]},"8":{"loc":{"start":{"line":105,"column":53},"end":{"line":105,"column":55}},"type":"cond-expr","locations":[{"start":{"line":105,"column":53},"end":{"line":105,"column":55}},{"start":{"line":105,"column":43},"end":{"line":105,"column":59}}]},"9":{"loc":{"start":{"line":105,"column":43},"end":{"line":105,"column":55}},"type":"binary-expr","locations":[{"start":{"line":105,"column":43},"end":{"line":105,"column":55}},{"start":{"line":105,"column":43},"end":{"line":105,"column":55}}]},"10":{"loc":{"start":{"line":110,"column":4},"end":{"line":120,"column":null}},"type":"if","locations":[{"start":{"line":110,"column":4},"end":{"line":120,"column":null}},{"start":{"line":110,"column":4},"end":{"line":120,"column":null}}]},"11":{"loc":{"start":{"line":130,"column":55},"end":{"line":130,"column":57}},"type":"cond-expr","locations":[{"start":{"line":130,"column":55},"end":{"line":130,"column":57}},{"start":{"line":130,"column":45},"end":{"line":130,"column":61}}]},"12":{"loc":{"start":{"line":130,"column":45},"end":{"line":130,"column":57}},"type":"binary-expr","locations":[{"start":{"line":130,"column":45},"end":{"line":130,"column":57}},{"start":{"line":130,"column":45},"end":{"line":130,"column":57}}]},"13":{"loc":{"start":{"line":155,"column":4},"end":{"line":176,"column":null}},"type":"if","locations":[{"start":{"line":155,"column":4},"end":{"line":176,"column":null}},{"start":{"line":155,"column":4},"end":{"line":176,"column":null}}]},"14":{"loc":{"start":{"line":160,"column":8},"end":{"line":167,"column":null}},"type":"if","locations":[{"start":{"line":160,"column":8},"end":{"line":167,"column":null}},{"start":{"line":160,"column":8},"end":{"line":167,"column":null}}]},"15":{"loc":{"start":{"line":161,"column":10},"end":{"line":165,"column":null}},"type":"if","locations":[{"start":{"line":161,"column":10},"end":{"line":165,"column":null}},{"start":{"line":161,"column":10},"end":{"line":165,"column":null}}]}},"s":{"0":3,"1":3,"2":3,"3":3,"4":3,"5":3,"6":3,"7":3,"8":3,"9":3,"10":3,"11":3,"12":40,"13":40,"14":40,"15":40,"16":40,"17":40,"18":40,"19":40,"20":40,"21":40,"22":40,"23":40,"24":40,"25":3,"26":3,"27":3,"28":3,"29":21,"30":101,"31":21,"32":80,"33":3,"34":40,"35":40,"36":40,"37":40,"38":3,"39":96,"40":96,"41":96,"42":96,"43":96,"44":3,"45":40,"46":40,"47":56,"48":40,"49":40,"50":3,"51":43,"52":43,"53":43,"54":43,"55":43,"56":43,"57":43,"58":43,"59":43,"60":42,"61":42,"62":43,"63":43,"64":43,"65":43,"66":2,"67":43,"68":43,"69":3,"70":43,"71":43,"72":43,"73":43,"74":156,"75":43,"76":156,"77":3,"78":43,"79":3,"80":40,"81":3,"82":40,"83":40,"84":40,"85":40,"86":40,"87":42,"88":42,"89":2,"90":1,"91":1,"92":2,"93":40,"94":40,"95":2,"96":2,"97":3},"f":{"0":3,"1":40,"2":3,"3":21,"4":101,"5":40,"6":40,"7":96,"8":40,"9":56,"10":40,"11":43,"12":43,"13":156,"14":156,"15":3,"16":40,"17":40,"18":42,"19":2},"b":{"0":[40,40],"1":[36,4],"2":[40,40],"3":[21,80],"4":[35,8],"5":[42,1],"6":[38,4],"7":[42,42],"8":[39,4],"9":[43,43],"10":[2,41],"11":[150,6],"12":[156,156],"13":[40,0],"14":[2,40],"15":[1,1]}}
,"/work/hflabs-suggestions/src/classes/PositionObserver.ts": {"path":"/work/hflabs-suggestions/src/classes/PositionObserver.ts","statementMap":{"0":{"start":{"line":1,"column":0},"end":{"line":1,"column":38}},"1":{"start":{"line":6,"column":0},"end":{"line":6,"column":null}},"2":{"start":{"line":6,"column":46},"end":{"line":6,"column":56}},"3":{"start":{"line":8,"column":4},"end":{"line":8,"column":null}},"4":{"start":{"line":7,"column":22},"end":{"line":7,"column":37}},"5":{"start":{"line":7,"column":47},"end":{"line":7,"column":72}},"6":{"start":{"line":9,"column":4},"end":{"line":9,"column":32}},"7":{"start":{"line":10,"column":4},"end":{"line":10,"column":29}},"8":{"start":{"line":11,"column":4},"end":{"line":11,"column":74}},"9":{"start":{"line":12,"column":4},"end":{"line":16,"column":6}},"10":{"start":{"line":23,"column":10},"end":{"line":35,"column":null}},"11":{"start":{"line":23,"column":2},"end":{"line":23,"column":10}},"12":{"start":{"line":24,"column":48},"end":{"line":24,"column":50}},"13":{"start":{"line":25,"column":33},"end":{"line":25,"column":58}},"14":{"start":{"line":27,"column":4},"end":{"line":30,"column":null}},"15":{"start":{"line":28,"column":6},"end":{"line":28,"column":33}},"16":{"start":{"line":29,"column":6},"end":{"line":29,"column":36}},"17":{"start":{"line":32,"column":4},"end":{"line":34,"column":6}},"18":{"start":{"line":33,"column":6},"end":{"line":33,"column":null}},"19":{"start":{"line":40,"column":10},"end":{"line":54,"column":null}},"20":{"start":{"line":41,"column":4},"end":{"line":53,"column":null}},"21":{"start":{"line":42,"column":23},"end":{"line":42,"column":63}},"22":{"start":{"line":44,"column":6},"end":{"line":48,"column":9}},"23":{"start":{"line":50,"column":6},"end":{"line":50,"column":50}},"24":{"start":{"line":50,"column":27},"end":{"line":50,"column":49}},"25":{"start":{"line":52,"column":6},"end":{"line":52,"column":59}},"26":{"start":{"line":55,"column":0},"end":{"line":55,"column":null}}},"fnMap":{"0":{"name":"(anonymous_7)","decl":{"start":{"line":6,"column":0},"end":{"line":6,"column":46}},"loc":{"start":{"line":6,"column":0},"end":{"line":55,"column":null}}},"1":{"name":"PositionObserver","decl":{"start":{"line":7,"column":2},"end":{"line":7,"column":22}},"loc":{"start":{"line":7,"column":72},"end":{"line":17,"column":3}}},"2":{"name":"(anonymous_9)","decl":{"start":{"line":23,"column":2},"end":{"line":23,"column":10}},"loc":{"start":{"line":23,"column":2},"end":{"line":35,"column":3}}},"3":{"name":"(anonymous_10)","decl":{"start":{"line":32,"column":26},"end":{"line":32,"column":27}},"loc":{"start":{"line":32,"column":29},"end":{"line":33,"column":10}}},"4":{"name":"(anonymous_11)","decl":{"start":{"line":40,"column":2},"end":{"line":40,"column":10}},"loc":{"start":{"line":40,"column":2},"end":{"line":54,"column":3}}},"5":{"name":"(anonymous_12)","decl":{"start":{"line":50,"column":21},"end":{"line":50,"column":27}},"loc":{"start":{"line":50,"column":21},"end":{"line":50,"column":35}}}},"branchMap":{"0":{"loc":{"start":{"line":8,"column":4},"end":{"line":8,"column":11}},"type":"binary-expr","locations":[{"start":{"line":8,"column":4},"end":{"line":8,"column":11}},{"start":{"line":8,"column":11},"end":{"line":8,"column":null}}]},"1":{"loc":{"start":{"line":41,"column":4},"end":{"line":53,"column":null}},"type":"if","locations":[{"start":{"line":41,"column":4},"end":{"line":53,"column":null}},{"start":{"line":41,"column":4},"end":{"line":53,"column":null}}]}},"s":{"0":4,"1":4,"2":4,"3":45,"4":45,"5":45,"6":45,"7":45,"8":45,"9":45,"10":4,"11":45,"12":45,"13":45,"14":45,"15":95,"16":95,"17":45,"18":95,"19":4,"20":45,"21":44,"22":44,"23":44,"24":44,"25":1,"26":4},"f":{"0":4,"1":45,"2":45,"3":95,"4":45,"5":44},"b":{"0":[45,45],"1":[44,1]}}
,"/work/hflabs-suggestions/src/classes/Suggestions.ts": {"path":"/work/hflabs-suggestions/src/classes/Suggestions.ts","statementMap":{"0":{"start":{"line":2,"column":0},"end":{"line":2,"column":53}},"1":{"start":{"line":3,"column":0},"end":{"line":3,"column":38}},"2":{"start":{"line":4,"column":0},"end":{"line":4,"column":24}},"3":{"start":{"line":5,"column":0},"end":{"line":5,"column":37}},"4":{"start":{"line":9,"column":0},"end":{"line":9,"column":43}},"5":{"start":{"line":24,"column":0},"end":{"line":27,"column":null}},"6":{"start":{"line":27,"column":10},"end":{"line":27,"column":20}},"7":{"start":{"line":43,"column":4},"end":{"line":43,"column":null}},"8":{"start":{"line":39,"column":12},"end":{"line":39,"column":32}},"9":{"start":{"line":40,"column":12},"end":{"line":40,"column":78}},"10":{"start":{"line":41,"column":12},"end":{"line":41,"column":48}},"11":{"start":{"line":33,"column":10},"end":{"line":33,"column":75}},"12":{"start":{"line":34,"column":10},"end":{"line":34,"column":58}},"13":{"start":{"line":35,"column":10},"end":{"line":35,"column":77}},"14":{"start":{"line":44,"column":4},"end":{"line":44,"column":47}},"15":{"start":{"line":44,"column":25},"end":{"line":44,"column":46}},"16":{"start":{"line":45,"column":4},"end":{"line":45,"column":33}},"17":{"start":{"line":51,"column":9},"end":{"line":67,"column":null}},"18":{"start":{"line":51,"column":2},"end":{"line":51,"column":9}},"19":{"start":{"line":55,"column":4},"end":{"line":55,"column":42}},"20":{"start":{"line":57,"column":4},"end":{"line":66,"column":7}},"21":{"start":{"line":58,"column":6},"end":{"line":65,"column":null}},"22":{"start":{"line":59,"column":8},"end":{"line":59,"column":54}},"23":{"start":{"line":61,"column":8},"end":{"line":61,"column":61}},"24":{"start":{"line":62,"column":8},"end":{"line":64,"column":11}},"25":{"start":{"line":63,"column":10},"end":{"line":63,"column":44}},"26":{"start":{"line":73,"column":10},"end":{"line":84,"column":null}},"27":{"start":{"line":73,"column":2},"end":{"line":73,"column":10}},"28":{"start":{"line":74,"column":33},"end":{"line":78,"column":5}},"29":{"start":{"line":75,"column":6},"end":{"line":77,"column":15}},"30":{"start":{"line":76,"column":8},"end":{"line":76,"column":62}},"31":{"start":{"line":80,"column":4},"end":{"line":80,"column":72}},"32":{"start":{"line":81,"column":4},"end":{"line":83,"column":6}},"33":{"start":{"line":82,"column":6},"end":{"line":82,"column":null}},"34":{"start":{"line":86,"column":10},"end":{"line":102,"column":null}},"35":{"start":{"line":86,"column":2},"end":{"line":86,"column":10}},"36":{"start":{"line":87,"column":45},"end":{"line":87,"column":57}},"37":{"start":{"line":87,"column":19},"end":{"line":87,"column":21}},"38":{"start":{"line":87,"column":25},"end":{"line":87,"column":27}},"39":{"start":{"line":87,"column":40},"end":{"line":87,"column":45}},"40":{"start":{"line":88,"column":27},"end":{"line":88,"column":57}},"41":{"start":{"line":90,"column":4},"end":{"line":90,"column":75}},"42":{"start":{"line":90,"column":36},"end":{"line":90,"column":75}},"43":{"start":{"line":92,"column":20},"end":{"line":92,"column":37}},"44":{"start":{"line":94,"column":4},"end":{"line":99,"column":6}},"45":{"start":{"line":96,"column":8},"end":{"line":96,"column":48}},"46":{"start":{"line":98,"column":12},"end":{"line":98,"column":54}},"47":{"start":{"line":101,"column":4},"end":{"line":101,"column":19}},"48":{"start":{"line":104,"column":10},"end":{"line":126,"column":null}},"49":{"start":{"line":105,"column":27},"end":{"line":112,"column":null}},"50":{"start":{"line":115,"column":4},"end":{"line":115,"column":51}},"51":{"start":{"line":115,"column":25},"end":{"line":115,"column":50}},"52":{"start":{"line":117,"column":4},"end":{"line":123,"column":7}},"53":{"start":{"line":117,"column":35},"end":{"line":117,"column":37}},"54":{"start":{"line":117,"column":41},"end":{"line":117,"column":43}},"55":{"start":{"line":117,"column":50},"end":{"line":117,"column":52}},"56":{"start":{"line":117,"column":58},"end":{"line":117,"column":59}},"57":{"start":{"line":118,"column":6},"end":{"line":122,"column":null}},"58":{"start":{"line":119,"column":8},"end":{"line":119,"column":49}},"59":{"start":{"line":121,"column":8},"end":{"line":121,"column":22}},"60":{"start":{"line":125,"column":4},"end":{"line":125,"column":26}},"61":{"start":{"line":28,"column":17},"end":{"line":28,"column":70}},"62":{"start":{"line":29,"column":16},"end":{"line":31,"column":4}},"63":{"start":{"line":30,"column":4},"end":{"line":30,"column":34}},"64":{"start":{"line":127,"column":0},"end":{"line":127,"column":null}},"65":{"start":{"line":24,"column":21},"end":{"line":24,"column":null}}},"fnMap":{"0":{"name":"(anonymous_15)","decl":{"start":{"line":24,"column":0},"end":{"line":24,"column":21}},"loc":{"start":{"line":24,"column":0},"end":{"line":24,"column":21}}},"1":{"name":"Suggestions","decl":{"start":{"line":38,"column":2},"end":{"line":38,"column":null}},"loc":{"start":{"line":41,"column":48},"end":{"line":46,"column":3}}},"2":{"name":"(anonymous_17)","decl":{"start":{"line":44,"column":19},"end":{"line":44,"column":25}},"loc":{"start":{"line":44,"column":19},"end":{"line":44,"column":29}}},"3":{"name":"(anonymous_18)","decl":{"start":{"line":51,"column":2},"end":{"line":51,"column":9}},"loc":{"start":{"line":54,"column":13},"end":{"line":67,"column":3}}},"4":{"name":"(anonymous_19)","decl":{"start":{"line":57,"column":54},"end":{"line":57,"column":55}},"loc":{"start":{"line":57,"column":70},"end":{"line":66,"column":5}}},"5":{"name":"(anonymous_20)","decl":{"start":{"line":62,"column":23},"end":{"line":62,"column":null}},"loc":{"start":{"line":62,"column":23},"end":{"line":64,"column":9}}},"6":{"name":"(anonymous_21)","decl":{"start":{"line":73,"column":2},"end":{"line":73,"column":10}},"loc":{"start":{"line":73,"column":2},"end":{"line":84,"column":3}}},"7":{"name":"(anonymous_22)","decl":{"start":{"line":74,"column":33},"end":{"line":74,"column":null}},"loc":{"start":{"line":74,"column":33},"end":{"line":78,"column":5}}},"8":{"name":"(anonymous_23)","decl":{"start":{"line":75,"column":30},"end":{"line":75,"column":31}},"loc":{"start":{"line":75,"column":37},"end":{"line":77,"column":7}}},"9":{"name":"(anonymous_24)","decl":{"start":{"line":81,"column":19},"end":{"line":81,"column":null}},"loc":{"start":{"line":81,"column":19},"end":{"line":82,"column":10}}},"10":{"name":"(anonymous_25)","decl":{"start":{"line":86,"column":2},"end":{"line":86,"column":10}},"loc":{"start":{"line":86,"column":2},"end":{"line":102,"column":3}}},"11":{"name":"(anonymous_26)","decl":{"start":{"line":95,"column":6},"end":{"line":95,"column":7}},"loc":{"start":{"line":95,"column":13},"end":{"line":97,"column":7}}},"12":{"name":"(anonymous_27)","decl":{"start":{"line":98,"column":6},"end":{"line":98,"column":7}},"loc":{"start":{"line":98,"column":12},"end":{"line":98,"column":54}}},"13":{"name":"(anonymous_28)","decl":{"start":{"line":104,"column":2},"end":{"line":104,"column":10}},"loc":{"start":{"line":104,"column":43},"end":{"line":126,"column":3}}},"14":{"name":"(anonymous_29)","decl":{"start":{"line":115,"column":19},"end":{"line":115,"column":25}},"loc":{"start":{"line":115,"column":19},"end":{"line":115,"column":39}}},"15":{"name":"(anonymous_30)","decl":{"start":{"line":117,"column":27},"end":{"line":117,"column":28}},"loc":{"start":{"line":117,"column":59},"end":{"line":123,"column":5}}},"16":{"name":"(anonymous_31)","decl":{"start":{"line":29,"column":35},"end":{"line":29,"column":null}},"loc":{"start":{"line":29,"column":35},"end":{"line":31,"column":3}}}},"branchMap":{"0":{"loc":{"start":{"line":43,"column":4},"end":{"line":43,"column":11}},"type":"binary-expr","locations":[{"start":{"line":43,"column":4},"end":{"line":43,"column":11}},{"start":{"line":43,"column":11},"end":{"line":43,"column":null}}]},"1":{"loc":{"start":{"line":58,"column":6},"end":{"line":65,"column":null}},"type":"if","locations":[{"start":{"line":58,"column":6},"end":{"line":65,"column":null}},{"start":{"line":58,"column":6},"end":{"line":65,"column":null}}]},"2":{"loc":{"start":{"line":90,"column":4},"end":{"line":90,"column":75}},"type":"if","locations":[{"start":{"line":90,"column":4},"end":{"line":90,"column":75}},{"start":{"line":90,"column":4},"end":{"line":90,"column":75}}]},"3":{"loc":{"start":{"line":90,"column":8},"end":{"line":90,"column":22}},"type":"binary-expr","locations":[{"start":{"line":90,"column":8},"end":{"line":90,"column":22}},{"start":{"line":90,"column":26},"end":{"line":90,"column":34}}]},"4":{"loc":{"start":{"line":98,"column":30},"end":{"line":98,"column":33}},"type":"cond-expr","locations":[{"start":{"line":98,"column":30},"end":{"line":98,"column":33}},{"start":{"line":98,"column":17},"end":{"line":98,"column":54}}]},"5":{"loc":{"start":{"line":98,"column":17},"end":{"line":98,"column":33}},"type":"binary-expr","locations":[{"start":{"line":98,"column":17},"end":{"line":98,"column":33}},{"start":{"line":98,"column":17},"end":{"line":98,"column":33}}]},"6":{"loc":{"start":{"line":108,"column":8},"end":{"line":108,"column":35}},"type":"binary-expr","locations":[{"start":{"line":108,"column":8},"end":{"line":108,"column":35}},{"start":{"line":108,"column":39},"end":{"line":108,"column":41}}]}},"s":{"0":4,"1":4,"2":4,"3":4,"4":4,"5":4,"6":4,"7":29,"8":29,"9":29,"10":29,"11":29,"12":29,"13":29,"14":29,"15":23,"16":29,"17":4,"18":5,"19":15,"20":5,"21":5,"22":1,"23":4,"24":4,"25":4,"26":4,"27":29,"28":29,"29":17,"30":14,"31":29,"32":29,"33":23,"34":4,"35":17,"36":17,"37":17,"38":17,"39":17,"40":17,"41":17,"42":9,"43":8,"44":8,"45":5,"46":2,"47":8,"48":4,"49":14,"50":14,"51":14,"52":14,"53":2,"54":2,"55":2,"56":2,"57":2,"58":2,"59":1,"60":14,"61":4,"62":4,"63":1,"64":4,"65":4},"f":{"0":4,"1":29,"2":23,"3":5,"4":5,"5":4,"6":29,"7":17,"8":14,"9":23,"10":17,"11":5,"12":2,"13":14,"14":14,"15":2,"16":1},"b":{"0":[29,29],"1":[1,4],"2":[9,8],"3":[17,14],"4":[1,1],"5":[2,2],"6":[14,14]}}
,"/work/hflabs-suggestions/src/classes/Implementations/ImplementationBase.ts": {"path":"/work/hflabs-suggestions/src/classes/Implementations/ImplementationBase.ts","statementMap":{"0":{"start":{"line":1,"column":0},"end":{"line":1,"column":39}},"1":{"start":{"line":11,"column":0},"end":{"line":11,"column":50}},"2":{"start":{"line":12,"column":0},"end":{"line":12,"column":56}},"3":{"start":{"line":13,"column":0},"end":{"line":13,"column":48}},"4":{"start":{"line":14,"column":0},"end":{"line":14,"column":67}},"5":{"start":{"line":29,"column":0},"end":{"line":29,"column":null}},"6":{"start":{"line":29,"column":45},"end":{"line":29,"column":55}},"7":{"start":{"line":37,"column":4},"end":{"line":37,"column":null}},"8":{"start":{"line":34,"column":14},"end":{"line":34,"column":34}},"9":{"start":{"line":35,"column":14},"end":{"line":35,"column":51}},"10":{"start":{"line":30,"column":12},"end":{"line":30,"column":76}},"11":{"start":{"line":31,"column":10},"end":{"line":31,"column":57}},"12":{"start":{"line":43,"column":9},"end":{"line":64,"column":null}},"13":{"start":{"line":43,"column":2},"end":{"line":43,"column":9}},"14":{"start":{"line":44,"column":22},"end":{"line":44,"column":35}},"15":{"start":{"line":45,"column":18},"end":{"line":45,"column":41}},"16":{"start":{"line":47,"column":4},"end":{"line":63,"column":7}},"17":{"start":{"line":48,"column":6},"end":{"line":48,"column":62}},"18":{"start":{"line":48,"column":27},"end":{"line":48,"column":61}},"19":{"start":{"line":50,"column":6},"end":{"line":62,"column":23}},"20":{"start":{"line":53,"column":14},"end":{"line":53,"column":65}},"21":{"start":{"line":54,"column":14},"end":{"line":54,"column":32}},"22":{"start":{"line":59,"column":10},"end":{"line":59,"column":48}},"23":{"start":{"line":60,"column":10},"end":{"line":60,"column":30}},"24":{"start":{"line":66,"column":12},"end":{"line":74,"column":null}},"25":{"start":{"line":67,"column":46},"end":{"line":67,"column":58}},"26":{"start":{"line":67,"column":30},"end":{"line":67,"column":32}},"27":{"start":{"line":67,"column":41},"end":{"line":67,"column":46}},"28":{"start":{"line":69,"column":4},"end":{"line":71,"column":null}},"29":{"start":{"line":70,"column":6},"end":{"line":70,"column":39}},"30":{"start":{"line":73,"column":4},"end":{"line":73,"column":69}},"31":{"start":{"line":81,"column":12},"end":{"line":102,"column":null}},"32":{"start":{"line":87,"column":8},"end":{"line":87,"column":20}},"33":{"start":{"line":83,"column":11},"end":{"line":83,"column":null}},"34":{"start":{"line":84,"column":27},"end":{"line":84,"column":null}},"35":{"start":{"line":85,"column":14},"end":{"line":85,"column":null}},"36":{"start":{"line":86,"column":21},"end":{"line":86,"column":null}},"37":{"start":{"line":89,"column":4},"end":{"line":99,"column":null}},"38":{"start":{"line":90,"column":6},"end":{"line":92,"column":null}},"39":{"start":{"line":91,"column":8},"end":{"line":91,"column":46}},"40":{"start":{"line":94,"column":6},"end":{"line":98,"column":null}},"41":{"start":{"line":95,"column":8},"end":{"line":95,"column":65}},"42":{"start":{"line":97,"column":8},"end":{"line":97,"column":53}},"43":{"start":{"line":101,"column":4},"end":{"line":101,"column":40}},"44":{"start":{"line":104,"column":12},"end":{"line":106,"column":null}},"45":{"start":{"line":105,"column":4},"end":{"line":105,"column":34}},"46":{"start":{"line":112,"column":12},"end":{"line":124,"column":null}},"47":{"start":{"line":116,"column":20},"end":{"line":116,"column":33}},"48":{"start":{"line":118,"column":4},"end":{"line":123,"column":53}},"49":{"start":{"line":123,"column":29},"end":{"line":123,"column":52}},"50":{"start":{"line":126,"column":12},"end":{"line":166,"column":null}},"51":{"start":{"line":126,"column":2},"end":{"line":126,"column":12}},"52":{"start":{"line":135,"column":63},"end":{"line":135,"column":75}},"53":{"start":{"line":135,"column":25},"end":{"line":135,"column":27}},"54":{"start":{"line":135,"column":40},"end":{"line":135,"column":42}},"55":{"start":{"line":135,"column":58},"end":{"line":135,"column":63}},"56":{"start":{"line":137,"column":4},"end":{"line":165,"column":6}},"57":{"start":{"line":138,"column":32},"end":{"line":138,"column":63}},"58":{"start":{"line":139,"column":28},"end":{"line":141,"column":15}},"59":{"start":{"line":143,"column":22},"end":{"line":143,"column":58}},"60":{"start":{"line":145,"column":6},"end":{"line":162,"column":8}},"61":{"start":{"line":147,"column":10},"end":{"line":154,"column":null}},"62":{"start":{"line":158,"column":10},"end":{"line":160,"column":null}},"63":{"start":{"line":159,"column":12},"end":{"line":159,"column":59}},"64":{"start":{"line":164,"column":6},"end":{"line":164,"column":21}},"65":{"start":{"line":167,"column":0},"end":{"line":167,"column":null}},"66":{"start":{"line":169,"column":0},"end":{"line":169,"column":34}}},"fnMap":{"0":{"name":"(anonymous_9)","decl":{"start":{"line":29,"column":0},"end":{"line":29,"column":45}},"loc":{"start":{"line":29,"column":0},"end":{"line":167,"column":null}}},"1":{"name":"ImplementationBase","decl":{"start":{"line":33,"column":2},"end":{"line":33,"column":null}},"loc":{"start":{"line":35,"column":51},"end":{"line":38,"column":3}}},"2":{"name":"(anonymous_11)","decl":{"start":{"line":43,"column":2},"end":{"line":43,"column":9}},"loc":{"start":{"line":43,"column":2},"end":{"line":64,"column":3}}},"3":{"name":"(anonymous_12)","decl":{"start":{"line":47,"column":45},"end":{"line":47,"column":46}},"loc":{"start":{"line":47,"column":61},"end":{"line":63,"column":5}}},"4":{"name":"(anonymous_13)","decl":{"start":{"line":48,"column":21},"end":{"line":48,"column":27}},"loc":{"start":{"line":48,"column":21},"end":{"line":48,"column":33}}},"5":{"name":"(anonymous_14)","decl":{"start":{"line":52,"column":45},"end":{"line":52,"column":46}},"loc":{"start":{"line":52,"column":56},"end":{"line":55,"column":13}}},"6":{"name":"(anonymous_15)","decl":{"start":{"line":58,"column":14},"end":{"line":58,"column":15}},"loc":{"start":{"line":58,"column":25},"end":{"line":61,"column":9}}},"7":{"name":"(anonymous_16)","decl":{"start":{"line":66,"column":2},"end":{"line":66,"column":12}},"loc":{"start":{"line":66,"column":44},"end":{"line":74,"column":3}}},"8":{"name":"(anonymous_17)","decl":{"start":{"line":81,"column":2},"end":{"line":81,"column":12}},"loc":{"start":{"line":81,"column":65},"end":{"line":102,"column":3}}},"9":{"name":"(anonymous_18)","decl":{"start":{"line":104,"column":2},"end":{"line":104,"column":12}},"loc":{"start":{"line":104,"column":2},"end":{"line":106,"column":3}}},"10":{"name":"(anonymous_19)","decl":{"start":{"line":112,"column":2},"end":{"line":112,"column":12}},"loc":{"start":{"line":114,"column":36},"end":{"line":124,"column":3}}},"11":{"name":"(anonymous_20)","decl":{"start":{"line":123,"column":12},"end":{"line":123,"column":13}},"loc":{"start":{"line":123,"column":24},"end":{"line":123,"column":40}}},"12":{"name":"(anonymous_21)","decl":{"start":{"line":126,"column":2},"end":{"line":126,"column":12}},"loc":{"start":{"line":133,"column":19},"end":{"line":166,"column":3}}},"13":{"name":"(anonymous_22)","decl":{"start":{"line":137,"column":11},"end":{"line":137,"column":12}},"loc":{"start":{"line":137,"column":59},"end":{"line":165,"column":5}}},"14":{"name":"(anonymous_23)","decl":{"start":{"line":146,"column":8},"end":{"line":146,"column":9}},"loc":{"start":{"line":146,"column":15},"end":{"line":156,"column":9}}},"15":{"name":"(anonymous_24)","decl":{"start":{"line":157,"column":8},"end":{"line":157,"column":9}},"loc":{"start":{"line":157,"column":14},"end":{"line":161,"column":9}}}},"branchMap":{"0":{"loc":{"start":{"line":37,"column":4},"end":{"line":37,"column":11}},"type":"binary-expr","locations":[{"start":{"line":37,"column":4},"end":{"line":37,"column":11}},{"start":{"line":37,"column":11},"end":{"line":37,"column":null}}]},"1":{"loc":{"start":{"line":52,"column":12},"end":{"line":55,"column":14}},"type":"cond-expr","locations":[{"start":{"line":52,"column":12},"end":{"line":55,"column":14}},{"start":{"line":56,"column":12},"end":{"line":56,"column":16}}]},"2":{"loc":{"start":{"line":53,"column":42},"end":{"line":53,"column":58}},"type":"cond-expr","locations":[{"start":{"line":53,"column":42},"end":{"line":53,"column":58}},{"start":{"line":53,"column":61},"end":{"line":53,"column":63}}]},"3":{"loc":{"start":{"line":69,"column":4},"end":{"line":71,"column":null}},"type":"if","locations":[{"start":{"line":69,"column":4},"end":{"line":71,"column":null}},{"start":{"line":69,"column":4},"end":{"line":71,"column":null}}]},"4":{"loc":{"start":{"line":73,"column":11},"end":{"line":73,"column":39}},"type":"binary-expr","locations":[{"start":{"line":73,"column":11},"end":{"line":73,"column":39}},{"start":{"line":73,"column":43},"end":{"line":73,"column":68}}]},"5":{"loc":{"start":{"line":89,"column":4},"end":{"line":99,"column":null}},"type":"if","locations":[{"start":{"line":89,"column":4},"end":{"line":99,"column":null}},{"start":{"line":89,"column":4},"end":{"line":99,"column":null}}]},"6":{"loc":{"start":{"line":90,"column":6},"end":{"line":92,"column":null}},"type":"if","locations":[{"start":{"line":90,"column":6},"end":{"line":92,"column":null}},{"start":{"line":90,"column":6},"end":{"line":92,"column":null}}]},"7":{"loc":{"start":{"line":91,"column":16},"end":{"line":91,"column":19}},"type":"cond-expr","locations":[{"start":{"line":91,"column":16},"end":{"line":91,"column":19}},{"start":{"line":91,"column":8},"end":{"line":91,"column":46}}]},"8":{"loc":{"start":{"line":91,"column":8},"end":{"line":91,"column":19}},"type":"binary-expr","locations":[{"start":{"line":91,"column":8},"end":{"line":91,"column":19}},{"start":{"line":91,"column":8},"end":{"line":91,"column":19}}]},"9":{"loc":{"start":{"line":94,"column":6},"end":{"line":98,"column":null}},"type":"if","locations":[{"start":{"line":94,"column":6},"end":{"line":98,"column":null}},{"start":{"line":94,"column":6},"end":{"line":98,"column":null}}]},"10":{"loc":{"start":{"line":95,"column":29},"end":{"line":95,"column":32}},"type":"cond-expr","locations":[{"start":{"line":95,"column":29},"end":{"line":95,"column":32}},{"start":{"line":95,"column":8},"end":{"line":95,"column":65}}]},"11":{"loc":{"start":{"line":95,"column":8},"end":{"line":95,"column":32}},"type":"binary-expr","locations":[{"start":{"line":95,"column":8},"end":{"line":95,"column":32}},{"start":{"line":95,"column":8},"end":{"line":95,"column":32}}]},"12":{"loc":{"start":{"line":97,"column":23},"end":{"line":97,"column":26}},"type":"cond-expr","locations":[{"start":{"line":97,"column":23},"end":{"line":97,"column":26}},{"start":{"line":97,"column":8},"end":{"line":97,"column":53}}]},"13":{"loc":{"start":{"line":97,"column":8},"end":{"line":97,"column":26}},"type":"binary-expr","locations":[{"start":{"line":97,"column":8},"end":{"line":97,"column":26}},{"start":{"line":97,"column":8},"end":{"line":97,"column":26}}]},"14":{"loc":{"start":{"line":123,"column":29},"end":{"line":123,"column":43}},"type":"binary-expr","locations":[{"start":{"line":123,"column":29},"end":{"line":123,"column":43}},{"start":{"line":123,"column":47},"end":{"line":123,"column":51}}]},"15":{"loc":{"start":{"line":138,"column":45},"end":{"line":138,"column":48}},"type":"cond-expr","locations":[{"start":{"line":138,"column":45},"end":{"line":138,"column":48}},{"start":{"line":138,"column":32},"end":{"line":138,"column":63}}]},"16":{"loc":{"start":{"line":138,"column":32},"end":{"line":138,"column":48}},"type":"binary-expr","locations":[{"start":{"line":138,"column":32},"end":{"line":138,"column":48}},{"start":{"line":138,"column":32},"end":{"line":138,"column":48}}]},"17":{"loc":{"start":{"line":140,"column":10},"end":{"line":140,"column":27}},"type":"cond-expr","locations":[{"start":{"line":140,"column":10},"end":{"line":140,"column":27}},{"start":{"line":141,"column":10},"end":{"line":141,"column":15}}]},"18":{"loc":{"start":{"line":147,"column":26},"end":{"line":147,"column":null}},"type":"cond-expr","locations":[{"start":{"line":147,"column":26},"end":{"line":147,"column":null}},{"start":{"line":147,"column":10},"end":{"line":154,"column":null}}]},"19":{"loc":{"start":{"line":147,"column":10},"end":{"line":147,"column":null}},"type":"binary-expr","locations":[{"start":{"line":147,"column":10},"end":{"line":147,"column":null}},{"start":{"line":147,"column":10},"end":{"line":147,"column":null}}]},"20":{"loc":{"start":{"line":149,"column":16},"end":{"line":149,"column":22}},"type":"cond-expr","locations":[{"start":{"line":149,"column":16},"end":{"line":149,"column":22}},{"start":{"line":150,"column":16},"end":{"line":152,"column":18}}]},"21":{"loc":{"start":{"line":151,"column":16},"end":{"line":151,"column":41}},"type":"cond-expr","locations":[{"start":{"line":151,"column":16},"end":{"line":151,"column":41}},{"start":{"line":152,"column":16},"end":{"line":152,"column":18}}]},"22":{"loc":{"start":{"line":158,"column":10},"end":{"line":160,"column":null}},"type":"if","locations":[{"start":{"line":158,"column":10},"end":{"line":160,"column":null}},{"start":{"line":158,"column":10},"end":{"line":160,"column":null}}]},"23":{"loc":{"start":{"line":159,"column":25},"end":{"line":159,"column":28}},"type":"cond-expr","locations":[{"start":{"line":159,"column":25},"end":{"line":159,"column":28}},{"start":{"line":159,"column":12},"end":{"line":159,"column":59}}]
[...]
:93,"column":63}},{"start":{"line":93,"column":66},"end":{"line":93,"column":70}}]},"8":{"loc":{"start":{"line":93,"column":13},"end":{"line":93,"column":17}},"type":"binary-expr","locations":[{"start":{"line":93,"column":13},"end":{"line":93,"column":17}},{"start":{"line":93,"column":21},"end":{"line":93,"column":34}}]},"9":{"loc":{"start":{"line":116,"column":4},"end":{"line":173,"column":null}},"type":"if","locations":[{"start":{"line":116,"column":4},"end":{"line":173,"column":null}},{"start":{"line":116,"column":4},"end":{"line":173,"column":null}}]},"10":{"loc":{"start":{"line":117,"column":6},"end":{"line":117,"column":17}},"type":"binary-expr","locations":[{"start":{"line":117,"column":6},"end":{"line":117,"column":17}},{"start":{"line":118,"column":6},"end":{"line":118,"column":20}},{"start":{"line":119,"column":7},"end":{"line":119,"column":50}},{"start":{"line":121,"column":8},"end":{"line":121,"column":32}}]},"11":{"loc":{"start":{"line":119,"column":27},"end":{"line":119,"column":29}},"type":"cond-expr","locations":[{"start":{"line":119,"column":27},"end":{"line":119,"column":29}},{"start":{"line":119,"column":8},"end":{"line":119,"column":50}}]},"12":{"loc":{"start":{"line":119,"column":8},"end":{"line":119,"column":29}},"type":"binary-expr","locations":[{"start":{"line":119,"column":8},"end":{"line":119,"column":29}},{"start":{"line":119,"column":8},"end":{"line":119,"column":29}}]},"13":{"loc":{"start":{"line":128,"column":6},"end":{"line":172,"column":null}},"type":"if","locations":[{"start":{"line":128,"column":6},"end":{"line":172,"column":null}},{"start":{"line":128,"column":6},"end":{"line":172,"column":null}}]},"14":{"loc":{"start":{"line":133,"column":29},"end":{"line":133,"column":43}},"type":"binary-expr","locations":[{"start":{"line":133,"column":29},"end":{"line":133,"column":43}},{"start":{"line":133,"column":47},"end":{"line":133,"column":48}}]},"15":{"loc":{"start":{"line":133,"column":35},"end":{"line":133,"column":37}},"type":"cond-expr","locations":[{"start":{"line":133,"column":35},"end":{"line":133,"column":37}},{"start":{"line":133,"column":29},"end":{"line":133,"column":43}}]},"16":{"loc":{"start":{"line":133,"column":29},"end":{"line":133,"column":37}},"type":"binary-expr","locations":[{"start":{"line":133,"column":29},"end":{"line":133,"column":37}},{"start":{"line":133,"column":29},"end":{"line":133,"column":37}}]},"17":{"loc":{"start":{"line":139,"column":8},"end":{"line":155,"column":null}},"type":"if","locations":[{"start":{"line":139,"column":8},"end":{"line":155,"column":null}},{"start":{"line":139,"column":8},"end":{"line":155,"column":null}}]},"18":{"loc":{"start":{"line":141,"column":10},"end":{"line":147,"column":null}},"type":"if","locations":[{"start":{"line":141,"column":10},"end":{"line":147,"column":null}},{"start":{"line":141,"column":10},"end":{"line":147,"column":null}}]},"19":{"loc":{"start":{"line":163,"column":8},"end":{"line":169,"column":null}},"type":"if","locations":[{"start":{"line":163,"column":8},"end":{"line":169,"column":null}},{"start":{"line":163,"column":8},"end":{"line":169,"column":null}}]},"20":{"loc":{"start":{"line":180,"column":6},"end":{"line":180,"column":16}},"type":"cond-expr","locations":[{"start":{"line":180,"column":6},"end":{"line":180,"column":16}},{"start":{"line":182,"column":6},"end":{"line":186,"column":null}}]},"21":{"loc":{"start":{"line":198,"column":50},"end":{"line":198,"column":52}},"type":"cond-expr","locations":[{"start":{"line":198,"column":50},"end":{"line":198,"column":52}},{"start":{"line":198,"column":43},"end":{"line":198,"column":71}}]},"22":{"loc":{"start":{"line":198,"column":43},"end":{"line":198,"column":52}},"type":"binary-expr","locations":[{"start":{"line":198,"column":43},"end":{"line":198,"column":52}},{"start":{"line":198,"column":43},"end":{"line":198,"column":52}}]},"23":{"loc":{"start":{"line":213,"column":11},"end":{"line":213,"column":13}},"type":"cond-expr","locations":[{"start":{"line":213,"column":11},"end":{"line":213,"column":13}},{"start":{"line":213,"column":4},"end":{"line":213,"column":32}}]},"24":{"loc":{"start":{"line":213,"column":4},"end":{"line":213,"column":13}},"type":"binary-expr","locations":[{"start":{"line":213,"column":4},"end":{"line":213,"column":13}},{"start":{"line":213,"column":4},"end":{"line":213,"column":13}}]},"25":{"loc":{"start":{"line":216,"column":2},"end":{"line":243,"column":null}},"type":"if","locations":[{"start":{"line":216,"column":2},"end":{"line":243,"column":null}},{"start":{"line":216,"column":2},"end":{"line":243,"column":null}}]},"26":{"loc":{"start":{"line":216,"column":6},"end":{"line":216,"column":13}},"type":"binary-expr","locations":[{"start":{"line":216,"column":6},"end":{"line":216,"column":13}},{"start":{"line":216,"column":17},"end":{"line":216,"column":52}}]},"27":{"loc":{"start":{"line":221,"column":8},"end":{"line":221,"column":46}},"type":"if","locations":[{"start":{"line":221,"column":8},"end":{"line":221,"column":46}},{"start":{"line":221,"column":8},"end":{"line":221,"column":46}}]},"28":{"loc":{"start":{"line":225,"column":8},"end":{"line":228,"column":null}},"type":"if","locations":[{"start":{"line":225,"column":8},"end":{"line":228,"column":null}},{"start":{"line":225,"column":8},"end":{"line":228,"column":null}}]}},"s":{"0":3,"1":3,"2":3,"3":3,"4":3,"5":3,"6":3,"7":3,"8":610,"9":3,"10":150,"11":150,"12":294,"13":294,"14":150,"15":2,"16":5,"17":5,"18":5,"19":2,"20":3,"21":150,"22":3,"23":2,"24":3,"25":152,"26":152,"27":152,"28":634,"29":317,"30":316,"31":317,"32":171,"33":152,"34":3,"35":149,"36":462,"37":462,"38":3,"39":183,"40":593,"41":340,"42":637,"43":340,"44":44,"45":44,"46":44,"47":44,"48":44,"49":44,"50":44,"51":44,"52":44,"53":44,"54":44,"55":2,"56":1,"57":2,"58":44,"59":44,"60":4,"61":44,"62":549,"63":183,"64":600,"65":183,"66":3,"67":147,"68":147,"69":290,"70":147,"71":147,"72":2,"73":2,"74":24,"75":11,"76":13,"77":13,"78":12,"79":12,"80":1,"81":1,"82":1,"83":145},"f":{"0":610,"1":150,"2":294,"3":5,"4":2,"5":152,"6":149,"7":462,"8":183,"9":593,"10":637,"11":600,"12":147,"13":290,"14":24},"b":{"0":[3,291],"1":[2,148],"2":[2,3],"3":[1,2],"4":[469,469],"5":[316,1],"6":[171,146],"7":[43,419],"8":[462,462],"9":[340,253],"10":[593,387,342,2],"11":[338,4],"12":[342,342],"13":[44,296],"14":[44,42],"15":[42,2],"16":[44,44],"17":[2,42],"18":[1,1],"19":[4,40],"20":[147,36],"21":[7,140],"22":[147,147],"23":[7,140],"24":[147,147],"25":[2,145],"26":[147,140],"27":[11,13],"28":[12,1]}}
,"/work/hflabs-suggestions/src/utils/isMobileViewport.ts": {"path":"/work/hflabs-suggestions/src/utils/isMobileViewport.ts","statementMap":{"0":{"start":{"line":1,"column":0},"end":{"line":1,"column":46}},"1":{"start":{"line":3,"column":13},"end":{"line":8,"column":46}},"2":{"start":{"line":7,"column":2},"end":{"line":8,"column":46}}},"fnMap":{"0":{"name":"(anonymous_0)","decl":{"start":{"line":3,"column":32},"end":{"line":3,"column":null}},"loc":{"start":{"line":5,"column":37},"end":{"line":7,"column":18}}}},"branchMap":{"0":{"loc":{"start":{"line":7,"column":2},"end":{"line":7,"column":40}},"type":"binary-expr","locations":[{"start":{"line":7,"column":2},"end":{"line":7,"column":40}},{"start":{"line":8,"column":2},"end":{"line":8,"column":45}}]}},"s":{"0":4,"1":4,"2":61},"f":{"0":61},"b":{"0":[61,60]}}
,"/work/hflabs-suggestions/src/utils/isNumber.ts": {"path":"/work/hflabs-suggestions/src/utils/isNumber.ts","statementMap":{"0":{"start":{"line":1,"column":13},"end":{"line":1,"column":75}},"1":{"start":{"line":1,"column":53},"end":{"line":1,"column":75}},"2":{"start":{"line":3,"column":13},"end":{"line":4,"column":29}},"3":{"start":{"line":4,"column":2},"end":{"line":4,"column":29}},"4":{"start":{"line":6,"column":13},"end":{"line":7,"column":29}},"5":{"start":{"line":7,"column":2},"end":{"line":7,"column":29}}},"fnMap":{"0":{"name":"(anonymous_0)","decl":{"start":{"line":1,"column":24},"end":{"line":1,"column":25}},"loc":{"start":{"line":1,"column":35},"end":{"line":1,"column":60}}},"1":{"name":"(anonymous_1)","decl":{"start":{"line":3,"column":30},"end":{"line":3,"column":31}},"loc":{"start":{"line":3,"column":41},"end":{"line":4,"column":10}}},"2":{"name":"(anonymous_2)","decl":{"start":{"line":6,"column":32},"end":{"line":6,"column":33}},"loc":{"start":{"line":6,"column":43},"end":{"line":7,"column":16}}}},"branchMap":{"0":{"loc":{"start":{"line":4,"column":2},"end":{"line":4,"column":13}},"type":"binary-expr","locations":[{"start":{"line":4,"column":2},"end":{"line":4,"column":13}},{"start":{"line":4,"column":17},"end":{"line":4,"column":28}}]},"1":{"loc":{"start":{"line":7,"column":2},"end":{"line":7,"column":19}},"type":"binary-expr","locations":[{"start":{"line":7,"column":2},"end":{"line":7,"column":19}},{"start":{"line":7,"column":23},"end":{"line":7,"column":28}}]}},"s":{"0":16,"1":559,"2":16,"3":539,"4":16,"5":535},"f":{"0":559,"1":539,"2":535},"b":{"0":[539,376],"1":[535,370]}}
,"/work/hflabs-suggestions/src/utils/isString.ts": {"path":"/work/hflabs-suggestions/src/utils/isString.ts","statementMap":{"0":{"start":{"line":1,"column":13},"end":{"line":1,"column":75}},"1":{"start":{"line":1,"column":53},"end":{"line":1,"column":75}}},"fnMap":{"0":{"name":"(anonymous_0)","decl":{"start":{"line":1,"column":24},"end":{"line":1,"column":25}},"loc":{"start":{"line":1,"column":35},"end":{"line":1,"column":60}}}},"branchMap":{},"s":{"0":12,"1":1111},"f":{"0":1111},"b":{}}
,"/work/hflabs-suggestions/src/utils/noop.ts": {"path":"/work/hflabs-suggestions/src/utils/noop.ts","statementMap":{"0":{"start":{"line":1,"column":13},"end":{"line":3,"column":2}}},"fnMap":{"0":{"name":"(anonymous_0)","decl":{"start":{"line":1,"column":20},"end":{"line":1,"column":null}},"loc":{"start":{"line":1,"column":20},"end":{"line":3,"column":1}}}},"branchMap":{},"s":{"0":14},"f":{"0":24},"b":{}}
,"/work/hflabs-suggestions/src/utils/queuedPromiseFactory.ts": {"path":"/work/hflabs-suggestions/src/utils/queuedPromiseFactory.ts","statementMap":{"0":{"start":{"line":5,"column":0},"end":{"line":5,"column":40}},"1":{"start":{"line":12,"column":13},"end":{"line":48,"column":2}},"2":{"start":{"line":17,"column":2},"end":{"line":17,"column":null}},"3":{"start":{"line":17,"column":55},"end":{"line":17,"column":null}},"4":{"start":{"line":19,"column":46},"end":{"line":19,"column":50}},"5":{"start":{"line":20,"column":59},"end":{"line":20,"column":63}},"6":{"start":{"line":22,"column":2},"end":{"line":47,"column":4}},"7":{"start":{"line":22,"column":10},"end":{"line":22,"column":20}},"8":{"start":{"line":23,"column":4},"end":{"line":27,"column":null}},"9":{"start":{"line":24,"column":6},"end":{"line":26,"column":null}},"10":{"start":{"line":25,"column":8},"end":{"line":25,"column":35}},"11":{"start":{"line":29,"column":4},"end":{"line":29,"column":39}},"12":{"start":{"line":29,"column":23},"end":{"line":29,"column":39}},"13":{"start":{"line":31,"column":4},"end":{"line":44,"column":6}},"14":{"start":{"line":35,"column":8},"end":{"line":35,"column":67}},"15":{"start":{"line":35,"column":30},"end":{"line":35,"column":67}},"16":{"start":{"line":37,"column":8},"end":{"line":42,"column":33}},"17":{"start":{"line":39,"column":12},"end":{"line":39,"column":31}},"18":{"start":{"line":40,"column":12},"end":{"line":40,"column":33}},"19":{"start":{"line":46,"column":4},"end":{"line":46,"column":31}}},"fnMap":{"0":{"name":"(anonymous_0)","decl":{"start":{"line":12,"column":36},"end":{"line":12,"column":null}},"loc":{"start":{"line":17,"column":66},"end":{"line":48,"column":1}}},"1":{"name":"(anonymous_1)","decl":{"start":{"line":17,"column":2},"end":{"line":17,"column":55}},"loc":{"start":{"line":17,"column":2},"end":{"line":17,"column":59}}},"2":{"name":"(anonymous_2)","decl":{"start":{"line":22,"column":9},"end":{"line":22,"column":10}},"loc":{"start":{"line":22,"column":9},"end":{"line":47,"column":3}}},"3":{"name":"(anonymous_3)","decl":{"start":{"line":33,"column":30},"end":{"line":33,"column":31}},"loc":{"start":{"line":33,"column":46},"end":{"line":43,"column":7}}},"4":{"name":"(anonymous_4)","decl":{"start":{"line":35,"column":24},"end":{"line":35,"column":30}},"loc":{"start":{"line":35,"column":24},"end":{"line":35,"column":36}}},"5":{"name":"(anonymous_5)","decl":{"start":{"line":38,"column":19},"end":{"line":38,"column":null}},"loc":{"start":{"line":38,"column":19},"end":{"line":41,"column":11}}}},"branchMap":{"0":{"loc":{"start":{"line":17,"column":2},"end":{"line":17,"column":null}},"type":"if","locations":[{"start":{"line":17,"column":2},"end":{"line":17,"column":null}},{"start":{"line":17,"column":2},"end":{"line":17,"column":null}}]},"1":{"loc":{"start":{"line":23,"column":4},"end":{"line":27,"column":null}},"type":"if","locations":[{"start":{"line":23,"column":4},"end":{"line":27,"column":null}},{"start":{"line":23,"column":4},"end":{"line":27,"column":null}}]},"2":{"loc":{"start":{"line":24,"column":6},"end":{"line":26,"column":null}},"type":"if","locations":[{"start":{"line":24,"column":6},"end":{"line":26,"column":null}},{"start":{"line":24,"column":6},"end":{"line":26,"column":null}}]},"3":{"loc":{"start":{"line":29,"column":4},"end":{"line":29,"column":39}},"type":"if","locations":[{"start":{"line":29,"column":4},"end":{"line":29,"column":39}},{"start":{"line":29,"column":4},"end":{"line":29,"column":39}}]}},"s":{"0":6,"1":6,"2":56,"3":0,"4":51,"5":51,"6":51,"7":273,"8":72,"9":11,"10":5,"11":67,"12":6,"13":67,"14":67,"15":6,"16":67,"17":57,"18":57,"19":67},"f":{"0":51,"1":0,"2":72,"3":67,"4":6,"5":57},"b":{"0":[5,46],"1":[11,61],"2":[5,6],"3":[6,61]}}
,"/work/hflabs-suggestions/src/utils/scrollToTop.ts": {"path":"/work/hflabs-suggestions/src/utils/scrollToTop.ts","statementMap":{"0":{"start":{"line":1,"column":13},"end":{"line":25,"column":2}},"1":{"start":{"line":2,"column":27},"end":{"line":2,"column":57}},"2":{"start":{"line":3,"column":35},"end":{"line":3,"column":51}},"3":{"start":{"line":5,"column":2},"end":{"line":24,"column":null}},"4":{"start":{"line":7,"column":6},"end":{"line":11,"column":11}},"5":{"start":{"line":13,"column":4},"end":{"line":21,"column":null}},"6":{"start":{"line":14,"column":34},"end":{"line":16,"column":null}},"7":{"start":{"line":19,"column":6},"end":{"line":19,"column":46}},"8":{"start":{"line":20,"column":6},"end":{"line":20,"column":48}},"9":{"start":{"line":23,"column":4},"end":{"line":23,"column":34}}},"fnMap":{"0":{"name":"(anonymous_0)","decl":{"start":{"line":1,"column":27},"end":{"line":1,"column":28}},"loc":{"start":{"line":1,"column":43},"end":{"line":25,"column":1}}}},"branchMap":{"0":{"loc":{"start":{"line":5,"column":9},"end":{"line":5,"column":27}},"type":"binary-expr","locations":[{"start":{"line":5,"column":9},"end":{"line":5,"column":27}},{"start":{"line":5,"column":31},"end":{"line":5,"column":37}}]},"1":{"loc":{"start":{"line":8,"column":10},"end":{"line":8,"column":51}},"type":"cond-expr","locations":[{"start":{"line":8,"column":10},"end":{"line":8,"column":51}},{"start":{"line":9,"column":10},"end":{"line":11,"column":11}}]},"2":{"loc":{"start":{"line":7,"column":6},"end":{"line":7,"column":31}},"type":"binary-expr","locations":[{"start":{"line":7,"column":6},"end":{"line":7,"column":31}},{"start":{"line":7,"column":35},"end":{"line":7,"column":60}}]},"3":{"loc":{"start":{"line":10,"column":10},"end":{"line":10,"column":51}},"type":"cond-expr","locations":[{"start":{"line":10,"column":10},"end":{"line":10,"column":51}},{"start":{"line":11,"column":10},"end":{"line":11,"column":11}}]},"4":{"loc":{"start":{"line":13,"column":4},"end":{"line":21,"column":null}},"type":"if","locations":[{"start":{"line":13,"column":4},"end":{"line":21,"column":null}},{"start":{"line":13,"column":4},"end":{"line":21,"column":null}}]}},"s":{"0":2,"1":0,"2":0,"3":0,"4":0,"5":0,"6":0,"7":0,"8":0,"9":0},"f":{"0":0},"b":{"0":[0,0],"1":[0,0],"2":[0,0],"3":[0,0],"4":[0,0]}}
,"/work/hflabs-suggestions/src/utils/suggestion.ts": {"path":"/work/hflabs-suggestions/src/utils/suggestion.ts","statementMap":{"0":{"start":{"line":5,"column":13},"end":{"line":6,"column":60}},"1":{"start":{"line":6,"column":2},"end":{"line":6,"column":60}},"2":{"start":{"line":8,"column":13},"end":{"line":9,"column":38}},"3":{"start":{"line":9,"column":2},"end":{"line":9,"column":38}}},"fnMap":{"0":{"name":"(anonymous_0)","decl":{"start":{"line":5,"column":26},"end":{"line":5,"column":27}},"loc":{"start":{"line":5,"column":40},"end":{"line":6,"column":9}}},"1":{"name":"(anonymous_1)","decl":{"start":{"line":8,"column":30},"end":{"line":8,"column":31}},"loc":{"start":{"line":8,"column":44},"end":{"line":9,"column":12}}}},"branchMap":{"0":{"loc":{"start":{"line":6,"column":10},"end":{"line":6,"column":14}},"type":"binary-expr","locations":[{"start":{"line":6,"column":10},"end":{"line":6,"column":14}},{"start":{"line":6,"column":18},"end":{"line":6,"column":42}},{"start":{"line":6,"column":46},"end":{"line":6,"column":58}}]},"1":{"loc":{"start":{"line":9,"column":2},"end":{"line":9,"column":18}},"type":"binary-expr","locations":[{"start":{"line":9,"column":2},"end":{"line":9,"column":18}},{"start":{"line":9,"column":22},"end":{"line":9,"column":37}}]}},"s":{"0":3,"1":21,"2":3,"3":16},"f":{"0":21,"1":16},"b":{"0":[21,8,5],"1":[16,3]}}
,"/work/hflabs-suggestions/src/utils/throttle.ts": {"path":"/work/hflabs-suggestions/src/utils/throttle.ts","statementMap":{"0":{"start":{"line":6,"column":13},"end":{"line":33,"column":2}},"1":{"start":{"line":11,"column":30},"end":{"line":11,"column":34}},"2":{"start":{"line":13,"column":20},"end":{"line":24,"column":3}},"3":{"start":{"line":13,"column":21},"end":{"line":13,"column":31}},"4":{"start":{"line":14,"column":4},"end":{"line":23,"column":null}},"5":{"start":{"line":15,"column":6},"end":{"line":15,"column":25}},"6":{"start":{"line":17,"column":6},"end":{"line":21,"column":15}},"7":{"start":{"line":18,"column":8},"end":{"line":18,"column":21}},"8":{"start":{"line":19,"column":8},"end":{"line":19,"column":44}},"9":{"start":{"line":19,"column":25},"end":{"line":19,"column":44}},"10":{"start":{"line":20,"column":8},"end":{"line":20,"column":27}},"11":{"start":{"line":22,"column":6},"end":{"line":22,"column":25}},"12":{"start":{"line":26,"column":2},"end":{"line":30,"column":4}},"13":{"start":{"line":27,"column":4},"end":{"line":29,"column":null}},"14":{"start":{"line":28,"column":6},"end":{"line":28,"column":26}},"15":{"start":{"line":32,"column":2},"end":{"line":32,"column":19}}},"fnMap":{"0":{"name":"(anonymous_0)","decl":{"start":{"line":6,"column":24},"end":{"line":6,"column":null}},"loc":{"start":{"line":8,"column":14},"end":{"line":33,"column":1}}},"1":{"name":"(anonymous_1)","decl":{"start":{"line":13,"column":20},"end":{"line":13,"column":21}},"loc":{"start":{"line":13,"column":20},"end":{"line":24,"column":3}}},"2":{"name":"(anonymous_2)","decl":{"start":{"line":17,"column":32},"end":{"line":17,"column":null}},"loc":{"start":{"line":17,"column":32},"end":{"line":21,"column":7}}},"3":{"name":"(anonymous_3)","decl":{"start":{"line":26,"column":21},"end":{"line":26,"column":null}},"loc":{"start":{"line":26,"column":21},"end":{"line":30,"column":3}}}},"branchMap":{"0":{"loc":{"start":{"line":14,"column":4},"end":{"line":23,"column":null}},"type":"if","locations":[{"start":{"line":14,"column":4},"end":{"line":23,"column":null}},{"start":{"line":14,"column":4},"end":{"line":23,"column":null}}]},"1":{"loc":{"start":{"line":19,"column":8},"end":{"line":19,"column":44}},"type":"if","locations":[{"start":{"line":19,"column":8},"end":{"line":19,"column":44}},{"start":{"line":19,"column":8},"end":{"line":19,"column":44}}]},"2":{"loc":{"start":{"line":27,"column":4},"end":{"line":29,"column":null}},"type":"if","locations":[{"start":{"line":27,"column":4},"end":{"line":29,"column":null}},{"start":{"line":27,"column":4},"end":{"line":29,"column":null}}]}},"s":{"0":4,"1":86,"2":86,"3":395,"4":123,"5":46,"6":77,"7":59,"8":59,"9":28,"10":59,"11":77,"12":86,"13":2,"14":1,"15":86},"f":{"0":86,"1":123,"2":59,"3":2},"b":{"0":[46,77],"1":[28,31],"2":[1,1]}}
}
