TN:
SF:src/declarations.d.ts
FNF:0
FNH:0
LF:0
LH:0
BRF:0
BRH:0
end_of_record
TN:
SF:src/defaultOption.ts
FNF:0
FNH:0
DA:3,9
DA:26,9
LF:2
LH:2
BRF:0
BRH:0
end_of_record
TN:
SF:src/errors.ts
FNF:0
FNH:0
DA:1,10
DA:2,10
DA:4,10
DA:5,10
DA:6,10
DA:7,10
DA:8,10
LF:7
LH:7
BRF:0
BRH:0
end_of_record
TN:
SF:src/instances.ts
FN:19,(anonymous_4)
FN:32,(anonymous_5)
FN:35,(anonymous_6)
FN:50,(anonymous_7)
FN:63,(anonymous_8)
FN:88,(anonymous_9)
FN:98,(anonymous_10)
FNF:7
FNH:7
FNDA:5,(anonymous_4)
FNDA:10,(anonymous_5)
FNDA:100,(anonymous_6)
FNDA:3,(anonymous_7)
FNDA:11,(anonymous_8)
FNDA:1,(anonymous_9)
FNDA:4,(anonymous_10)
DA:7,3
DA:16,3
DA:17,3
DA:19,3
DA:21,5
DA:26,3
DA:32,3
DA:35,10
DA:36,100
DA:37,100
DA:50,3
DA:51,3
DA:52,3
DA:63,3
DA:68,11
DA:69,2
DA:72,9
DA:74,9
DA:83,9
DA:88,9
DA:98,3
DA:105,10
DA:107,4
DA:109,4
LF:24
LH:24
BRDA:21,0,0,5
BRDA:21,0,1,1
BRDA:38,1,0,1
BRDA:38,1,1,99
BRDA:51,2,0,1
BRDA:51,2,1,2
BRDA:51,3,0,3
BRDA:51,3,1,3
BRDA:68,4,0,2
BRDA:68,4,1,9
BRDA:68,5,0,1
BRDA:68,5,1,10
BRDA:68,6,0,11
BRDA:68,6,1,11
BRDA:72,7,0,8
BRDA:72,7,1,1
BRDA:72,8,0,9
BRDA:72,8,1,9
BRDA:110,9,0,1
BRDA:110,9,1,3
BRF:20
BRH:20
end_of_record
TN:
SF:src/types.d.ts
FNF:0
FNH:0
LF:0
LH:0
BRF:0
BRH:0
end_of_record
TN:
SF:src/classes/Api.ts
FN:33,(anonymous_2)
FN:45,Api
FN:47,(anonymous_4)
FN:80,(anonymous_5)
FN:100,(anonymous_6)
FN:108,(anonymous_7)
FN:109,(anonymous_8)
FN:122,(anonymous_9)
FN:138,(anonymous_10)
FN:141,(anonymous_11)
FN:38,(anonymous_12)
FNF:11
FNH:11
FNDA:9,(anonymous_2)
FNDA:117,Api
FNDA:91,(anonymous_4)
FNDA:91,(anonymous_5)
FNDA:10,(anonymous_6)
FNDA:12,(anonymous_7)
FNDA:9,(anonymous_8)
FNDA:79,(anonymous_9)
FNDA:55,(anonymous_10)
FNDA:117,(anonymous_11)
FNDA:8,(anonymous_12)
DA:8,9
DA:9,9
DA:10,9
DA:11,9
DA:33,9
DA:34,9
DA:38,9
DA:39,8
DA:42,117
DA:43,117
DA:45,117
DA:47,9
DA:52,91
DA:53,91
DA:54,91
DA:55,91
DA:56,91
DA:57,91
DA:58,91
DA:59,91
DA:62,91
DA:63,1
DA:65,90
DA:68,91
DA:69,91
DA:77,91
DA:78,91
DA:80,91
DA:81,91
DA:87,91
DA:89,12
DA:90,12
DA:94,12
DA:96,12
DA:98,12
DA:99,12
DA:101,10
DA:105,12
DA:108,9
DA:109,12
DA:110,18
DA:112,9
DA:114,6
DA:116,6
DA:118,6
DA:122,9
DA:127,79
DA:129,79
DA:138,55
DA:141,9
DA:142,117
DA:144,117
DA:146,9
LF:53
LH:53
BRDA:58,0,0,0
BRDA:58,0,1,91
BRDA:62,1,0,1
BRDA:62,1,1,90
BRDA:68,2,0,91
BRDA:68,2,1,0
BRDA:68,3,0,91
BRDA:68,3,1,91
BRDA:77,4,0,0
BRDA:77,4,1,91
BRDA:78,5,0,10
BRDA:78,5,1,81
BRDA:83,6,0,12
BRDA:83,6,1,79
BRDA:83,7,0,91
BRDA:83,7,1,91
BRDA:87,8,0,79
BRDA:87,8,1,12
BRDA:94,9,0,0
BRDA:94,9,1,12
BRDA:112,10,0,3
BRDA:112,10,1,6
BRDA:116,11,0,1
BRDA:116,11,1,5
BRDA:144,12,0,117
BRDA:144,12,1,0
BRF:26
BRH:21
end_of_record
TN:
SF:src/classes/Disposable.ts
FN:4,(anonymous_1)
FN:7,(anonymous_3)
FN:8,(anonymous_4)
FN:18,(anonymous_5)
FN:30,(anonymous_6)
FN:36,(anonymous_7)
FN:48,(anonymous_8)
FN:54,(anonymous_9)
FN:66,(anonymous_10)
FN:72,(anonymous_11)
FNF:10
FNH:10
FNDA:350,(anonymous_1)
FNDA:247,(anonymous_3)
FNDA:1017,(anonymous_4)
FNDA:1701,(anonymous_5)
FNDA:1,(anonymous_6)
FNDA:1,(anonymous_7)
FNDA:2,(anonymous_8)
FNDA:2,(anonymous_9)
FNDA:1080,(anonymous_10)
FNDA:660,(anonymous_11)
DA:4,12
DA:5,338
DA:7,12
DA:8,1017
DA:9,247
DA:18,12
DA:19,1701
DA:30,12
DA:33,2
DA:35,1
DA:36,1
DA:37,1
DA:48,12
DA:51,4
DA:53,2
DA:54,2
DA:55,2
DA:66,12
DA:71,1080
DA:72,1080
DA:73,660
DA:76,12
DA:78,12
LF:23
LH:23
BRF:0
BRH:0
end_of_record
TN:
SF:src/classes/Input.ts
FN:31,(anonymous_9)
FN:35,Input
FN:154,(anonymous_11)
FN:43,(anonymous_12)
FN:47,(anonymous_13)
FN:55,(anonymous_14)
FN:66,(anonymous_15)
FN:71,(anonymous_16)
FN:74,(anonymous_17)
FN:78,(anonymous_18)
FN:87,(anonymous_19)
FN:91,(anonymous_20)
FN:93,(anonymous_21)
FN:104,(anonymous_22)
FN:106,(anonymous_23)
FN:113,(anonymous_24)
FN:114,(anonymous_25)
FN:124,(anonymous_26)
FN:132,(anonymous_27)
FN:146,(anonymous_28)
FN:158,(anonymous_29)
FN:169,(anonymous_30)
FN:170,(anonymous_31)
FN:178,(anonymous_32)
FNF:24
FNH:24
FNDA:9,(anonymous_9)
FNDA:126,Input
FNDA:8,(anonymous_11)
FNDA:128,(anonymous_12)
FNDA:66,(anonymous_13)
FNDA:69,(anonymous_14)
FNDA:126,(anonymous_15)
FNDA:42,(anonymous_16)
FNDA:126,(anonymous_17)
FNDA:504,(anonymous_18)
FNDA:504,(anonymous_19)
FNDA:42,(anonymous_20)
FNDA:168,(anonymous_21)
FNDA:126,(anonymous_22)
FNDA:3,(anonymous_23)
FNDA:2,(anonymous_24)
FNDA:2,(anonymous_25)
FNDA:2,(anonymous_26)
FNDA:130,(anonymous_27)
FNDA:39,(anonymous_28)
FNDA:29,(anonymous_29)
FNDA:126,(anonymous_30)
FNDA:7,(anonymous_31)
FNDA:22,(anonymous_32)
DA:2,9
DA:3,9
DA:4,9
DA:5,9
DA:6,9
DA:8,9
DA:9,9
DA:13,9
DA:31,9
DA:32,126
DA:33,126
DA:35,126
DA:36,126
DA:37,126
DA:38,126
DA:39,126
DA:40,126
DA:43,9
DA:44,128
DA:47,9
DA:48,66
DA:49,66
DA:55,9
DA:56,69
DA:58,69
DA:59,52
DA:61,17
DA:62,17
DA:66,126
DA:67,126
DA:69,126
DA:71,126
DA:74,126
DA:75,126
DA:78,504
DA:85,126
DA:87,504
DA:88,504
DA:91,126
DA:92,42
DA:93,168
DA:94,168
DA:95,167
DA:97,1
DA:104,126
DA:105,126
DA:106,126
DA:107,3
DA:108,3
DA:112,126
DA:113,2
DA:114,2
DA:116,2
DA:117,1
DA:118,1
DA:122,2
DA:124,2
DA:125,2
DA:130,124
DA:132,124
DA:133,130
DA:135,130
DA:136,2
DA:137,2
DA:141,124
DA:143,124
DA:144,123
DA:146,123
DA:147,39
DA:153,126
DA:154,8
DA:158,9
DA:159,29
DA:161,29
DA:163,29
DA:164,13
DA:165,13
DA:169,126
DA:170,126
DA:173,126
DA:174,126
DA:175,126
DA:176,126
DA:178,126
DA:180,22
DA:183,9
LF:86
LH:86
BRDA:36,0,0,126
BRDA:36,0,1,126
BRDA:58,1,0,52
BRDA:58,1,1,17
BRDA:67,2,0,125
BRDA:67,2,1,1
BRDA:67,3,0,126
BRDA:67,3,1,126
BRDA:94,4,0,167
BRDA:94,4,1,1
BRDA:112,5,0,2
BRDA:112,5,1,124
BRDA:116,6,0,1
BRDA:116,6,1,1
BRDA:125,7,0,1
BRDA:125,7,1,1
BRDA:135,8,0,2
BRDA:135,8,1,128
BRDA:137,9,0,1
BRDA:137,9,1,1
BRDA:143,10,0,123
BRDA:143,10,1,1
BRDA:147,11,0,38
BRDA:147,11,1,1
BRDA:147,12,0,39
BRDA:147,12,1,38
BRDA:161,13,0,0
BRDA:161,13,1,29
BRDA:161,14,0,29
BRDA:161,14,1,0
BRDA:163,15,0,13
BRDA:163,15,1,16
BRF:32
BRH:30
end_of_record
TN:
SF:src/classes/Popover.ts
FN:30,(anonymous_7)
FN:38,Popover
FN:51,(anonymous_9)
FN:56,(anonymous_10)
FN:57,(anonymous_11)
FN:66,(anonymous_12)
FN:68,(anonymous_13)
FN:71,(anonymous_14)
FN:80,(anonymous_15)
FN:83,(anonymous_16)
FN:86,(anonymous_17)
FN:89,(anonymous_18)
FN:126,(anonymous_19)
FN:128,(anonymous_20)
FN:136,(anonymous_21)
FN:137,(anonymous_22)
FN:143,(anonymous_23)
FN:151,(anonymous_24)
FN:157,(anonymous_25)
FN:172,(anonymous_26)
FNF:20
FNH:20
FNDA:3,(anonymous_7)
FNDA:40,Popover
FNDA:3,(anonymous_9)
FNDA:21,(anonymous_10)
FNDA:101,(anonymous_11)
FNDA:40,(anonymous_12)
FNDA:40,(anonymous_13)
FNDA:96,(anonymous_14)
FNDA:40,(anonymous_15)
FNDA:56,(anonymous_16)
FNDA:40,(anonymous_17)
FNDA:43,(anonymous_18)
FNDA:43,(anonymous_19)
FNDA:156,(anonymous_20)
FNDA:156,(anonymous_21)
FNDA:3,(anonymous_22)
FNDA:40,(anonymous_23)
FNDA:40,(anonymous_24)
FNDA:42,(anonymous_25)
FNDA:2,(anonymous_26)
DA:1,3
DA:2,3
DA:3,3
DA:4,3
DA:6,3
DA:7,3
DA:8,3
DA:9,3
DA:10,3
DA:13,3
DA:30,3
DA:31,40
DA:32,40
DA:35,40
DA:36,40
DA:39,40
DA:40,40
DA:42,40
DA:43,40
DA:44,40
DA:45,40
DA:46,40
DA:47,40
DA:48,40
DA:51,3
DA:52,3
DA:53,3
DA:56,3
DA:57,21
DA:58,101
DA:59,21
DA:61,80
DA:66,40
DA:67,40
DA:68,40
DA:71,3
DA:72,96
DA:73,96
DA:75,96
DA:76,96
DA:77,96
DA:80,40
DA:81,40
DA:83,56
DA:86,40
DA:89,3
DA:90,43
DA:91,43
DA:92,43
DA:94,43
DA:95,43
DA:96,42
DA:101,42
DA:104,43
DA:107,43
DA:108,43
DA:110,43
DA:111,2
DA:122,43
DA:123,43
DA:126,3
DA:127,43
DA:128,43
DA:129,156
DA:136,43
DA:137,156
DA:140,43
DA:143,3
DA:144,40
DA:151,40
DA:153,40
DA:155,40
DA:156,40
DA:157,40
DA:158,42
DA:160,42
DA:161,2
DA:162,1
DA:164,1
DA:166,2
DA:170,40
DA:172,40
DA:173,2
DA:174,2
DA:178,3
LF:85
LH:85
BRDA:42,0,0,40
BRDA:42,0,1,40
BRDA:33,1,0,36
BRDA:33,1,1,4
BRDA:33,2,0,40
BRDA:33,2,1,40
BRDA:58,3,0,21
BRDA:58,3,1,80
BRDA:94,4,0,35
BRDA:94,4,1,8
BRDA:95,5,0,42
BRDA:95,5,1,1
BRDA:97,6,0,38
BRDA:97,6,1,4
BRDA:97,7,0,42
BRDA:97,7,1,42
BRDA:105,8,0,39
BRDA:105,8,1,4
BRDA:105,9,0,43
BRDA:105,9,1,43
BRDA:110,10,0,2
BRDA:110,10,1,41
BRDA:130,11,0,150
BRDA:130,11,1,6
BRDA:130,12,0,156
BRDA:130,12,1,156
BRDA:155,13,0,40
BRDA:155,13,1,0
BRDA:160,14,0,2
BRDA:160,14,1,40
BRDA:161,15,0,1
BRDA:161,15,1,1
BRF:32
BRH:31
end_of_record
TN:
SF:src/classes/PositionObserver.ts
FN:6,(anonymous_7)
FN:7,PositionObserver
FN:23,(anonymous_9)
FN:32,(anonymous_10)
FN:40,(anonymous_11)
FN:50,(anonymous_12)
FNF:6
FNH:6
FNDA:4,(anonymous_7)
FNDA:45,PositionObserver
FNDA:45,(anonymous_9)
FNDA:95,(anonymous_10)
FNDA:45,(anonymous_11)
FNDA:44,(anonymous_12)
DA:1,4
DA:6,4
DA:7,45
DA:8,45
DA:9,45
DA:10,45
DA:11,45
DA:12,45
DA:23,45
DA:24,45
DA:25,45
DA:27,45
DA:28,95
DA:29,95
DA:32,45
DA:33,95
DA:40,4
DA:41,45
DA:42,44
DA:44,44
DA:50,44
DA:52,1
DA:55,4
LF:23
LH:23
BRDA:8,0,0,45
BRDA:8,0,1,45
BRDA:41,1,0,44
BRDA:41,1,1,1
BRF:4
BRH:4
end_of_record
TN:
SF:src/classes/Suggestions.ts
FN:24,(anonymous_15)
FN:38,Suggestions
FN:44,(anonymous_17)
FN:51,(anonymous_18)
FN:57,(anonymous_19)
FN:62,(anonymous_20)
FN:73,(anonymous_21)
FN:74,(anonymous_22)
FN:75,(anonymous_23)
FN:81,(anonymous_24)
FN:86,(anonymous_25)
FN:95,(anonymous_26)
FN:98,(anonymous_27)
FN:104,(anonymous_28)
FN:115,(anonymous_29)
FN:117,(anonymous_30)
FN:29,(anonymous_31)
FNF:17
FNH:17
FNDA:4,(anonymous_15)
FNDA:29,Suggestions
FNDA:23,(anonymous_17)
FNDA:5,(anonymous_18)
FNDA:5,(anonymous_19)
FNDA:4,(anonymous_20)
FNDA:29,(anonymous_21)
FNDA:17,(anonymous_22)
FNDA:14,(anonymous_23)
FNDA:23,(anonymous_24)
FNDA:17,(anonymous_25)
FNDA:5,(anonymous_26)
FNDA:2,(anonymous_27)
FNDA:14,(anonymous_28)
FNDA:14,(anonymous_29)
FNDA:2,(anonymous_30)
FNDA:1,(anonymous_31)
DA:2,4
DA:3,4
DA:4,4
DA:5,4
DA:9,4
DA:24,4
DA:27,4
DA:28,4
DA:29,4
DA:30,1
DA:33,29
DA:34,29
DA:35,29
DA:39,29
DA:40,29
DA:41,29
DA:43,29
DA:44,29
DA:45,29
DA:51,5
DA:55,15
DA:57,5
DA:58,5
DA:59,1
DA:61,4
DA:62,4
DA:63,4
DA:73,29
DA:74,29
DA:75,17
DA:76,14
DA:80,29
DA:81,29
DA:82,23
DA:86,17
DA:87,17
DA:88,17
DA:90,17
DA:92,8
DA:94,8
DA:96,5
DA:98,2
DA:101,8
DA:104,4
DA:105,14
DA:115,14
DA:117,14
DA:118,2
DA:119,2
DA:121,1
DA:125,14
DA:127,4
LF:52
LH:52
BRDA:43,0,0,29
BRDA:43,0,1,29
BRDA:58,1,0,1
BRDA:58,1,1,4
BRDA:90,2,0,9
BRDA:90,2,1,8
BRDA:90,3,0,17
BRDA:90,3,1,14
BRDA:98,4,0,1
BRDA:98,4,1,1
BRDA:98,5,0,2
BRDA:98,5,1,2
BRDA:108,6,0,14
BRDA:108,6,1,14
BRF:14
BRH:14
end_of_record
TN:
SF:src/classes/Implementations/ImplementationBase.ts
FN:29,(anonymous_9)
FN:33,ImplementationBase
FN:43,(anonymous_11)
FN:47,(anonymous_12)
FN:48,(anonymous_13)
FN:52,(anonymous_14)
FN:58,(anonymous_15)
FN:66,(anonymous_16)
FN:81,(anonymous_17)
FN:104,(anonymous_18)
FN:112,(anonymous_19)
FN:123,(anonymous_20)
FN:126,(anonymous_21)
FN:137,(anonymous_22)
FN:146,(anonymous_23)
FN:157,(anonymous_24)
FNF:16
FNH:16
FNDA:8,(anonymous_9)
FNDA:92,ImplementationBase
FNDA:10,(anonymous_11)
FNDA:10,(anonymous_12)
FNDA:10,(anonymous_13)
FNDA:6,(anonymous_14)
FNDA:8,(anonymous_15)
FNDA:69,(anonymous_16)
FNDA:34,(anonymous_17)
FNDA:74,(anonymous_18)
FNDA:20,(anonymous_19)
FNDA:12,(anonymous_20)
FNDA:78,(anonymous_21)
FNDA:62,(anonymous_22)
FNDA:43,(anonymous_23)
FNDA:9,(anonymous_24)
DA:1,8
DA:11,8
DA:12,8
DA:13,8
DA:14,8
DA:29,8
DA:30,92
DA:31,92
DA:34,92
DA:35,92
DA:37,92
DA:43,10
DA:44,10
DA:45,10
DA:47,10
DA:48,10
DA:50,10
DA:53,6
DA:54,6
DA:59,8
DA:60,8
DA:66,8
DA:67,69
DA:69,69
DA:70,4
DA:73,65
DA:81,8
DA:83,34
DA:84,34
DA:85,34
DA:86,34
DA:87,34
DA:89,34
DA:90,21
DA:91,19
DA:94,13
DA:95,3
DA:97,10
DA:101,34
DA:104,8
DA:105,74
DA:112,8
DA:116,20
DA:118,20
DA:123,12
DA:126,78
DA:135,78
DA:137,78
DA:138,62
DA:139,62
DA:143,62
DA:145,62
DA:147,43
DA:158,9
DA:159,7
DA:164,62
DA:167,8
DA:169,8
LF:58
LH:58
BRDA:37,0,0,92
BRDA:37,0,1,92
BRDA:52,1,0,8
BRDA:52,1,1,2
BRDA:53,2,0,3
BRDA:53,2,1,3
BRDA:69,3,0,4
BRDA:69,3,1,65
BRDA:73,4,0,65
BRDA:73,4,1,63
BRDA:89,5,0,21
BRDA:89,5,1,13
BRDA:90,6,0,19
BRDA:90,6,1,2
BRDA:91,7,0,8
BRDA:91,7,1,11
BRDA:91,8,0,19
BRDA:91,8,1,19
BRDA:94,9,0,3
BRDA:94,9,1,10
BRDA:95,10,0,1
BRDA:95,10,1,2
BRDA:95,11,0,3
BRDA:95,11,1,3
BRDA:97,12,0,5
BRDA:97,12,1,5
BRDA:97,13,0,10
BRDA:97,13,1,10
BRDA:123,14,0,12
BRDA:123,14,1,6
BRDA:138,15,0,59
BRDA:138,15,1,3
BRDA:138,16,0,62
BRDA:138,16,1,62
BRDA:140,17,0,1
BRDA:140,17,1,61
BRDA:147,18,0,42
BRDA:147,18,1,1
BRDA:147,19,0,43
BRDA:147,19,1,43
BRDA:149,20,0,0
BRDA:149,20,1,1
BRDA:151,21,0,0
BRDA:151,21,1,1
BRDA:158,22,0,7
BRDA:158,22,1,2
BRDA:159,23,0,6
BRDA:159,23,1,1
BRDA:159,24,0,7
BRDA:159,24,1,7
BRF:50
BRH:48
end_of_record
TN:
SF:src/classes/Implementations/ImplementationFindById.ts
FN:8,(anonymous_7)
FN:13,ImplementationFindById
FN:21,(anonymous_9)
FN:22,(anonymous_10)
FN:27,(anonymous_11)
FN:34,(anonymous_12)
FNF:6
FNH:6
FNDA:2,(anonymous_7)
FNDA:4,ImplementationFindById
FNDA:4,(anonymous_9)
FNDA:5,(anonymous_10)
FNDA:5,(anonymous_11)
FNDA:2,(anonymous_12)
DA:1,2
DA:2,2
DA:5,2
DA:6,2
DA:8,2
DA:9,4
DA:14,4
DA:15,4
DA:17,4
DA:18,4
DA:21,4
DA:22,4
DA:23,5
DA:27,5
DA:28,5
DA:30,5
DA:32,5
DA:33,4
DA:36,2
DA:38,1
DA:43,2
LF:21
LH:21
BRDA:17,0,0,4
BRDA:17,0,1,0
BRDA:32,1,0,4
BRDA:32,1,1,1
BRDA:36,2,0,1
BRDA:36,2,1,1
BRF:6
BRH:5
end_of_record
TN:
SF:src/classes/Implementations/ImplementationSuggest.ts
FN:14,(anonymous_9)
FN:21,(anonymous_10)
FN:30,ImplementationSuggest
FN:37,(anonymous_12)
FN:46,(anonymous_13)
FN:55,(anonymous_14)
FN:73,(anonymous_15)
FN:78,(anonymous_16)
FN:89,(anonymous_17)
FN:102,(anonymous_18)
FN:113,(anonymous_19)
FN:122,(anonymous_20)
FN:169,(anonymous_21)
FN:180,(anonymous_22)
FN:188,(anonymous_23)
FN:215,(anonymous_24)
FN:223,(anonymous_25)
FN:229,(anonymous_26)
FN:240,(anonymous_27)
FN:244,(anonymous_28)
FN:254,(anonymous_29)
FN:259,(anonymous_30)
FN:260,(anonymous_31)
FN:271,(anonymous_32)
FN:274,(anonymous_33)
FN:284,(anonymous_34)
FN:291,(anonymous_35)
FN:299,(anonymous_36)
FN:312,(anonymous_37)
FN:339,(anonymous_38)
FN:380,(anonymous_39)
FN:393,(anonymous_40)
FN:395,(anonymous_41)
FN:396,(anonymous_42)
FNF:34
FNH:34
FNDA:2,(anonymous_9)
FNDA:2,(anonymous_10)
FNDA:36,ImplementationSuggest
FNDA:10,(anonymous_12)
FNDA:3,(anonymous_13)
FNDA:71,(anonymous_14)
FNDA:30,(anonymous_15)
FNDA:5,(anonymous_16)
FNDA:116,(anonymous_17)
FNDA:36,(anonymous_18)
FNDA:31,(anonymous_19)
FNDA:29,(anonymous_20)
FNDA:16,(anonymous_21)
FNDA:7,(anonymous_22)
FNDA:1,(anonymous_23)
FNDA:36,(anonymous_24)
FNDA:2,(anonymous_25)
FNDA:1,(anonymous_26)
FNDA:107,(anonymous_27)
FNDA:43,(anonymous_28)
FNDA:28,(anonymous_29)
FNDA:1,(anonymous_30)
FNDA:2,(anonymous_31)
FNDA:28,(anonymous_32)
FNDA:44,(anonymous_33)
FNDA:2,(anonymous_34)
FNDA:39,(anonymous_35)
FNDA:31,(anonymous_36)
FNDA:137,(anonymous_37)
FNDA:14,(anonymous_38)
FNDA:12,(anonymous_39)
FNDA:11,(anonymous_40)
FNDA:12,(anonymous_41)
FNDA:12,(anonymous_42)
DA:1,2
DA:2,2
DA:4,2
DA:5,2
DA:6,2
DA:7,2
DA:8,2
DA:9,2
DA:11,2
DA:12,2
DA:14,2
DA:15,2
DA:16,2
DA:17,2
DA:18,2
DA:21,2
DA:23,2
DA:24,36
DA:25,36
DA:26,36
DA:27,36
DA:28,36
DA:31,36
DA:32,36
DA:33,36
DA:34,36
DA:37,2
DA:38,10
DA:40,10
DA:41,10
DA:42,10
DA:46,2
DA:47,3
DA:49,3
DA:50,3
DA:51,3
DA:55,2
DA:56,71
DA:58,71
DA:60,71
DA:61,20
DA:63,20
DA:64,15
DA:67,20
DA:69,51
DA:73,2
DA:74,30
DA:75,29
DA:77,29
DA:78,3
DA:79,5
DA:82,3
DA:83,3
DA:87,26
DA:88,26
DA:89,116
DA:92,26
DA:93,3
DA:96,23
DA:99,23
DA:102,36
DA:104,36
DA:105,36
DA:106,36
DA:107,36
DA:108,36
DA:109,36
DA:110,36
DA:111,36
DA:113,36
DA:115,31
DA:116,1
DA:119,31
DA:122,36
DA:123,29
DA:125,11
DA:126,11
DA:128,1
DA:129,1
DA:131,10
DA:132,10
DA:134,11
DA:137,3
DA:138,3
DA:139,3
DA:141,3
DA:144,1
DA:145,1
DA:147,1
DA:150,6
DA:151,4
DA:152,4
DA:154,6
DA:157,8
DA:162,6
DA:163,6
DA:165,8
DA:169,36
DA:170,16
DA:171,6
DA:174,16
DA:175,1
DA:176,1
DA:180,36
DA:181,7
DA:183,7
DA:189,1
DA:193,7
DA:194,4
DA:200,2
DA:203,4
DA:206,7
DA:209,36
DA:210,36
DA:211,36
DA:212,36
DA:215,36
DA:216,36
DA:218,36
DA:220,36
DA:224,2
DA:226,2
DA:230,1
DA:233,1
DA:240,2
DA:241,107
DA:244,2
DA:245,43
DA:247,43
DA:248,39
DA:250,4
DA:254,28
DA:255,28
DA:259,1
DA:262,2
DA:264,2
DA:265,2
DA:269,28
DA:270,28
DA:271,28
DA:274,2
DA:275,44
DA:276,28
DA:277,28
DA:278,28
DA:280,28
DA:284,2
DA:285,2
DA:291,39
DA:292,39
DA:294,39
DA:295,34
DA:298,39
DA:300,31
DA:303,31
DA:308,1
DA:309,1
DA:312,30
DA:313,137
DA:315,137
DA:323,30
DA:324,2
DA:325,2
DA:327,28
DA:339,14
DA:341,14
DA:342,14
DA:343,14
DA:344,14
DA:345,14
DA:348,14
DA:352,14
DA:356,2
DA:357,1
DA:359,1
DA:360,1
DA:363,2
DA:367,12
DA:368,12
DA:372,12
DA:376,12
DA:377,9
DA:380,12
DA:381,12
DA:387,1
DA:389,11
DA:393,11
DA:395,12
DA:397,12
DA:400,12
DA:401,9
DA:405,12
DA:413,12
DA:415,12
DA:419,12
DA:423,12
DA:426,12
DA:428,5
DA:429,5
DA:432,5
DA:435,7
DA:436,5
DA:441,2
LF:203
LH:203
BRDA:14,0,0,2
BRDA:14,0,1,2
BRDA:31,1,0,36
BRDA:31,1,1,0
BRDA:40,2,0,10
BRDA:40,2,1,0
BRDA:42,3,0,10
BRDA:42,3,1,0
BRDA:49,4,0,3
BRDA:49,4,1,0
BRDA:51,5,0,1
BRDA:51,5,1,2
BRDA:60,6,0,20
BRDA:60,6,1,51
BRDA:63,7,0,15
BRDA:63,7,1,5
BRDA:67,8,0,0
BRDA:67,8,1,20
BRDA:67,9,0,20
BRDA:67,9,1,20
BRDA:74,10,0,29
BRDA:74,10,1,1
BRDA:77,11,0,3
BRDA:77,11,1,26
BRDA:82,12,0,3
BRDA:82,12,1,0
BRDA:92,13,0,3
BRDA:92,13,1,23
BRDA:96,14,0,1
BRDA:96,14,1,22
BRDA:115,15,0,1
BRDA:115,15,1,30
BRDA:124,16,0,11
BRDA:124,16,1,3
BRDA:124,16,2,1
BRDA:124,16,3,6
BRDA:124,16,4,8
BRDA:127,17,0,1
BRDA:127,17,1,10
BRDA:138,18,0,3
BRDA:138,18,1,0
BRDA:144,19,0,1
BRDA:144,19,1,0
BRDA:150,20,0,4
BRDA:150,20,1,2
BRDA:150,21,0,6
BRDA:150,21,1,5
BRDA:157,22,0,6
BRDA:157,22,1,2
BRDA:158,23,0,8
BRDA:158,23,1,6
BRDA:158,23,2,6
BRDA:170,24,0,6
BRDA:170,24,1,10
BRDA:174,25,0,1
BRDA:174,25,1,15
BRDA:176,26,0,0
BRDA:176,26,1,1
BRDA:183,27,0,7
BRDA:183,27,1,5
BRDA:183,27,2,5
BRDA:183,27,3,5
BRDA:189,28,0,1
BRDA:189,28,1,0
BRDA:193,29,0,4
BRDA:193,29,1,3
BRDA:194,30,0,2
BRDA:194,30,1,2
BRDA:195,31,0,4
BRDA:195,31,1,3
BRDA:195,31,2,2
BRDA:195,31,3,2
BRDA:218,32,0,36
BRDA:218,32,1,0
BRDA:226,33,0,1
BRDA:226,33,1,1
BRDA:227,34,0,2
BRDA:227,34,1,2
BRDA:230,35,0,1
BRDA:230,35,1,0
BRDA:247,36,0,39
BRDA:247,36,1,4
BRDA:264,37,0,2
BRDA:264,37,1,0
BRDA:275,38,0,28
BRDA:275,38,1,16
BRDA:294,39,0,34
BRDA:294,39,1,5
BRDA:303,40,0,1
BRDA:303,40,1,30
BRDA:304,41,0,31
BRDA:304,41,1,3
BRDA:304,41,2,1
BRDA:316,42,0,137
BRDA:316,42,1,137
BRDA:316,43,0,137
BRDA:316,43,1,0
BRDA:316,44,0,137
BRDA:316,44,1,137
BRDA:323,45,0,2
BRDA:323,45,1,28
BRDA:348,46,0,14
BRDA:348,46,1,3
BRDA:352,47,0,2
BRDA:352,47,1,12
BRDA:353,48,0,14
BRDA:353,48,1,11
BRDA:356,49,0,1
BRDA:356,49,1,1
BRDA:356,50,0,1
BRDA:356,50,1,1
BRDA:356,51,0,2
BRDA:356,51,1,2
BRDA:359,52,0,1
BRDA:359,52,1,0
BRDA:367,53,0,12
BRDA:367,53,1,0
BRDA:372,54,0,12
BRDA:372,54,1,9
BRDA:372,54,2,9
BRDA:373,55,0,9
BRDA:373,55,1,0
BRDA:373,56,0,9
BRDA:373,56,1,9
BRDA:376,57,0,9
BRDA:376,57,1,3
BRDA:381,58,0,1
BRDA:381,58,1,11
BRDA:382,59,0,12
BRDA:382,59,1,9
BRDA:382,59,2,9
BRDA:382,59,3,1
BRDA:385,60,0,1
BRDA:385,60,1,0
BRDA:385,61,0,1
BRDA:385,61,1,1
BRDA:395,62,0,12
BRDA:395,62,1,3
BRDA:400,63,0,9
BRDA:400,63,1,3
BRDA:405,64,0,12
BRDA:405,64,1,5
BRDA:405,65,0,7
BRDA:405,65,1,5
BRDA:405,66,0,12
BRDA:405,66,1,12
BRDA:408,67,0,5
BRDA:408,67,1,4
BRDA:408,68,0,4
BRDA:408,68,1,0
BRDA:408,69,0,4
BRDA:408,69,1,4
BRDA:415,70,0,12
BRDA:415,70,1,0
BRDA:416,71,0,12
BRDA:416,71,1,9
BRDA:420,72,0,9
BRDA:420,72,1,3
BRDA:420,73,0,9
BRDA:420,73,1,9
BRDA:420,74,0,9
BRDA:420,74,1,0
BRDA:420,75,0,9
BRDA:420,75,1,9
BRDA:423,76,0,5
BRDA:423,76,1,7
BRDA:426,77,0,5
BRDA:426,77,1,7
BRDA:428,78,0,5
BRDA:428,78,1,0
BRDA:435,79,0,5
BRDA:435,79,1,2
BRF:172
BRH:150
end_of_record
TN:
SF:src/classes/Implementations/ImplementationSuggestionsBase.ts
FN:6,(anonymous_7)
FN:16,(anonymous_9)
FN:22,(anonymous_10)
FN:29,(anonymous_11)
FN:50,(anonymous_12)
FN:61,(anonymous_13)
FNF:6
FNH:6
FNDA:47,(anonymous_7)
FNDA:53,(anonymous_9)
FNDA:2,(anonymous_10)
FNDA:55,(anonymous_11)
FNDA:2,(anonymous_12)
FNDA:6,(anonymous_13)
DA:2,3
DA:3,3
DA:4,3
DA:6,44
DA:7,44
DA:9,44
DA:14,44
DA:17,53
DA:22,2
DA:29,55
DA:33,55
DA:35,55
DA:36,42
DA:39,13
DA:40,13
DA:42,13
DA:43,4
DA:45,4
DA:46,1
DA:49,3
DA:50,2
DA:52,2
DA:55,2
DA:56,1
DA:61,11
DA:62,6
DA:65,6
DA:68,3
DA:70,3
LF:29
LH:29
BRDA:6,0,0,44
BRDA:6,0,1,44
BRDA:6,0,2,0
BRDA:35,1,0,42
BRDA:35,1,1,13
BRDA:42,2,0,4
BRDA:42,2,1,9
BRDA:45,3,0,1
BRDA:45,3,1,3
BRDA:49,4,0,2
BRDA:49,4,1,1
BRDA:52,5,0,2
BRDA:52,5,1,2
BRDA:55,6,0,1
BRDA:55,6,1,1
BRDA:62,7,0,6
BRDA:62,7,1,6
BRF:17
BRH:16
end_of_record
TN:
SF:src/entrypoints/findById.ts
FN:21,(anonymous_2)
FN:33,(anonymous_3)
FNF:2
FNH:2
FNDA:1,(anonymous_2)
FNDA:1,(anonymous_3)
DA:8,1
DA:9,1
DA:21,1
DA:24,1
DA:33,1
DA:41,2
DA:43,1
DA:53,1
LF:8
LH:8
BRF:0
BRH:0
end_of_record
TN:
SF:src/entrypoints/suggest.ts
FN:21,(anonymous_2)
FN:34,(anonymous_3)
FNF:2
FNH:2
FNDA:1,(anonymous_2)
FNDA:1,(anonymous_3)
DA:8,1
DA:13,1
DA:21,1
DA:25,1
DA:34,1
DA:42,2
DA:44,1
DA:54,1
LF:8
LH:8
BRF:0
BRH:0
end_of_record
TN:
SF:src/utils/IntersectionObserverMock.ts
FN:3,(anonymous_2)
FN:18,(anonymous_3)
FN:34,IntersectionObserverMock
FN:44,(anonymous_5)
FN:58,(anonymous_6)
FN:62,(anonymous_7)
FN:66,(anonymous_8)
FN:70,(anonymous_9)
FN:20,(anonymous_10)
FN:24,(anonymous_11)
FNF:10
FNH:10
FNDA:18,(anonymous_2)
FNDA:2,(anonymous_3)
FNDA:11,IntersectionObserverMock
FNDA:7,(anonymous_5)
FNDA:2,(anonymous_6)
FNDA:4,(anonymous_7)
FNDA:1,(anonymous_8)
FNDA:41,(anonymous_9)
FNDA:8,(anonymous_10)
FNDA:41,(anonymous_11)
DA:1,2
DA:3,2
DA:7,18
DA:8,18
DA:9,18
DA:18,2
DA:19,2
DA:20,2
DA:24,8
DA:25,41
DA:28,11
DA:35,11
DA:38,11
DA:39,11
DA:40,11
DA:41,11
DA:44,2
DA:45,7
DA:47,7
DA:58,2
DA:59,2
DA:62,2
DA:63,4
DA:66,2
DA:67,1
DA:70,2
DA:74,41
DA:76,41
DA:77,11
DA:79,11
DA:92,11
DA:94,11
DA:97,2
LF:33
LH:33
BRDA:39,0,0,11
BRDA:39,0,1,10
BRDA:39,1,0,7
BRDA:39,1,1,4
BRDA:39,2,0,11
BRDA:39,2,1,11
BRDA:40,3,0,11
BRDA:40,3,1,10
BRDA:40,4,0,7
BRDA:40,4,1,4
BRDA:40,5,0,11
BRDA:40,5,1,11
BRDA:41,6,0,7
BRDA:41,6,1,4
BRDA:41,7,0,11
BRDA:41,7,1,11
BRDA:76,8,0,11
BRDA:76,8,1,30
BRF:18
BRH:18
end_of_record
TN:
SF:src/utils/ajax.ts
FN:20,(anonymous_2)
FN:24,(anonymous_3)
FN:38,(anonymous_4)
FN:42,(anonymous_5)
FN:59,(anonymous_6)
FN:71,(anonymous_7)
FN:74,(anonymous_8)
FN:76,(anonymous_9)
FNF:8
FNH:8
FNDA:90,(anonymous_2)
FNDA:73,(anonymous_3)
FNDA:106,(anonymous_4)
FNDA:106,(anonymous_5)
FNDA:203,(anonymous_6)
FNDA:2,(anonymous_7)
FNDA:2,(anonymous_8)
FNDA:90,(anonymous_9)
DA:1,10
DA:2,10
DA:20,10
DA:21,90
DA:25,73
DA:26,73
DA:38,10
DA:40,115
DA:42,106
DA:43,106
DA:44,1
DA:47,105
DA:48,315
DA:49,105
DA:51,105
DA:55,105
DA:58,105
DA:59,92
DA:60,203
DA:65,105
DA:66,80
DA:67,80
DA:70,105
DA:71,2
DA:74,105
DA:76,105
DA:77,90
DA:78,90
DA:80,270
DA:82,90
DA:83,15
DA:86,90
DA:90,90
DA:99,1
DA:103,105
LF:35
LH:35
BRDA:40,0,0,9
BRDA:40,0,1,97
BRDA:43,1,0,1
BRDA:43,1,1,105
BRDA:51,2,0,105
BRDA:51,2,1,23
BRDA:58,3,0,92
BRDA:58,3,1,13
BRDA:65,4,0,80
BRDA:65,4,1,25
BRDA:71,5,0,83
BRDA:71,5,1,22
BRDA:78,6,0,68
BRDA:78,6,1,22
BRDA:82,7,0,15
BRDA:82,7,1,75
BRDA:82,8,0,90
BRDA:82,8,1,90
BRDA:95,9,0,67
BRDA:95,9,1,23
BRDA:94,10,0,19
BRDA:94,10,1,71
BRDA:94,11,0,90
BRDA:94,11,1,90
BRDA:103,12,0,24
BRDA:103,12,1,81
BRDA:103,13,0,105
BRDA:103,13,1,105
BRF:28
BRH:28
end_of_record
TN:
SF:src/utils/as.ts
FN:5,(anonymous_0)
FNF:1
FNH:1
FNDA:29,(anonymous_0)
DA:5,29
LF:1
LH:1
BRF:0
BRH:0
end_of_record
TN:
SF:src/utils/className.ts
FN:11,(anonymous_1)
FN:14,(anonymous_2)
FN:16,(anonymous_3)
FN:18,(anonymous_4)
FN:20,(anonymous_5)
FN:22,(anonymous_6)
FN:27,(anonymous_7)
FNF:7
FNH:7
FNDA:564,(anonymous_1)
FNDA:577,(anonymous_2)
FNDA:154,(anonymous_3)
FNDA:156,(anonymous_4)
FNDA:127,(anonymous_5)
FNDA:130,(anonymous_6)
FNDA:283,(anonymous_7)
DA:5,11
DA:6,11
DA:11,11
DA:12,564
DA:14,577
DA:16,589
DA:18,156
DA:20,424
DA:22,130
DA:27,1132
DA:28,283
LF:11
LH:11
BRF:0
BRH:0
end_of_record
TN:
SF:src/utils/createElement.ts
FN:6,(anonymous_0)
FNF:1
FNH:1
FNDA:285,(anonymous_0)
DA:6,4
DA:10,285
DA:12,285
DA:13,284
DA:16,285
LF:5
LH:5
BRDA:12,0,0,284
BRDA:12,0,1,1
BRF:2
BRH:2
end_of_record
TN:
SF:src/utils/cursor.ts
FN:1,(anonymous_0)
FN:22,(anonymous_1)
FNF:2
FNH:2
FNDA:12,(anonymous_0)
FNDA:8,(anonymous_1)
DA:1,3
DA:5,12
DA:8,11
DA:9,11
DA:11,11
DA:12,9
DA:13,9
DA:19,2
DA:22,3
DA:23,8
DA:26,8
DA:27,8
DA:28,7
DA:31,1
LF:14
LH:14
BRDA:5,0,0,1
BRDA:5,0,1,11
BRDA:11,1,0,9
BRDA:11,1,1,2
BRF:4
BRH:4
end_of_record
TN:
SF:src/utils/debounce.ts
FN:15,(anonymous_0)
FN:22,(anonymous_1)
FN:26,(anonymous_2)
FN:32,(anonymous_3)
FNF:4
FNH:4
FNDA:255,(anonymous_0)
FNDA:32,(anonymous_1)
FNDA:16,(anonymous_2)
FNDA:2,(anonymous_3)
DA:15,10
DA:22,255
DA:23,32
DA:24,32
DA:26,32
DA:27,16
DA:28,16
DA:32,255
DA:33,2
DA:34,1
DA:38,255
LF:11
LH:11
BRDA:24,0,0,11
BRDA:24,0,1,21
BRDA:33,1,0,1
BRDA:33,1,1,1
BRF:4
BRH:4
end_of_record
TN:
SF:src/utils/deepEqual.ts
FN:4,(anonymous_0)
FN:20,(anonymous_1)
FNF:2
FNH:2
FNDA:159,(anonymous_0)
FNDA:46,(anonymous_1)
DA:4,10
DA:5,159
DA:7,149
DA:9,78
DA:10,67
DA:12,38
DA:13,21
DA:14,18
DA:15,29
DA:17,10
DA:20,17
DA:21,46
DA:28,26
DA:29,25
DA:31,3
DA:34,67
LF:16
LH:16
BRDA:5,0,0,10
BRDA:5,0,1,149
BRDA:8,1,0,78
BRDA:8,1,1,26
BRDA:8,1,2,3
BRDA:9,2,0,11
BRDA:9,2,1,67
BRDA:9,3,0,78
BRDA:9,3,1,12
BRDA:10,4,0,29
BRDA:10,4,1,38
BRDA:10,5,0,67
BRDA:10,5,1,66
BRDA:12,6,0,21
BRDA:12,6,1,17
BRDA:13,7,0,3
BRDA:13,7,1,18
BRDA:13,8,0,21
BRDA:13,8,1,21
BRDA:15,9,0,8
BRDA:15,9,1,21
BRDA:28,10,0,1
BRDA:28,10,1,25
BRF:23
BRH:23
end_of_record
TN:
SF:src/utils/escape.ts
FN:13,(anonymous_0)
FN:15,(anonymous_1)
FN:22,(anonymous_2)
FNF:3
FNH:3
FNDA:755,(anonymous_0)
FNDA:4530,(anonymous_1)
FNDA:290,(anonymous_2)
DA:1,12
DA:13,12
DA:14,755
DA:15,4530
DA:22,12
DA:23,290
LF:6
LH:6
BRF:0
BRH:0
end_of_record
TN:
SF:src/utils/highlightMatches.ts
FN:17,(anonymous_3)
FN:24,(anonymous_4)
FN:34,(anonymous_5)
FN:42,(anonymous_6)
FN:53,(anonymous_7)
FN:61,(anonymous_8)
FN:89,(anonymous_9)
FN:91,(anonymous_10)
FN:109,(anonymous_11)
FN:115,(anonymous_12)
FN:124,(anonymous_13)
FN:177,(anonymous_14)
FN:190,(anonymous_15)
FN:200,(anonymous_16)
FN:220,(anonymous_17)
FNF:15
FNH:15
FNDA:610,(anonymous_3)
FNDA:150,(anonymous_4)
FNDA:294,(anonymous_5)
FNDA:5,(anonymous_6)
FNDA:2,(anonymous_7)
FNDA:152,(anonymous_8)
FNDA:149,(anonymous_9)
FNDA:462,(anonymous_10)
FNDA:183,(anonymous_11)
FNDA:593,(anonymous_12)
FNDA:637,(anonymous_13)
FNDA:600,(anonymous_14)
FNDA:147,(anonymous_15)
FNDA:290,(anonymous_16)
FNDA:24,(anonymous_17)
DA:1,3
DA:2,3
DA:4,3
DA:5,3
DA:6,3
DA:7,3
DA:8,3
DA:17,3
DA:18,610
DA:24,3
DA:28,150
DA:34,150
DA:35,294
DA:36,294
DA:41,150
DA:42,2
DA:43,5
DA:44,5
DA:45,5
DA:46,3
DA:50,150
DA:53,3
DA:61,3
DA:62,152
DA:65,152
DA:66,152
DA:67,634
DA:69,317
DA:70,316
DA:77,317
DA:78,171
DA:86,152
DA:89,3
DA:90,149
DA:92,462
DA:93,462
DA:109,3
DA:115,183
DA:116,593
DA:124,340
DA:125,637
DA:128,340
DA:129,44
DA:132,44
DA:133,44
DA:134,44
DA:135,44
DA:137,44
DA:139,44
DA:141,2
DA:142,1
DA:150,2
DA:157,44
DA:163,44
DA:164,4
DA:171,44
DA:175,549
DA:177,600
DA:179,183
DA:190,3
DA:198,147
DA:199,147
DA:201,290
DA:209,147
DA:216,147
DA:217,2
DA:219,2
DA:221,24
DA:223,13
DA:225,13
DA:226,12
DA:227,12
DA:230,1
DA:238,1
DA:240,1
DA:245,145
LF:76
LH:76
BRDA:36,0,0,3
BRDA:36,0,1,291
BRDA:41,1,0,2
BRDA:41,1,1,148
BRDA:45,2,0,2
BRDA:45,2,1,3
BRDA:46,3,0,1
BRDA:46,3,1,2
BRDA:66,4,0,469
BRDA:66,4,1,469
BRDA:69,5,0,316
BRDA:69,5,1,1
BRDA:77,6,0,171
BRDA:77,6,1,146
BRDA:93,7,0,43
BRDA:93,7,1,419
BRDA:93,8,0,462
BRDA:93,8,1,462
BRDA:116,9,0,340
BRDA:116,9,1,253
BRDA:117,10,0,593
BRDA:117,10,1,387
BRDA:117,10,2,342
BRDA:117,10,3,2
BRDA:119,11,0,338
BRDA:119,11,1,4
BRDA:119,12,0,342
BRDA:119,12,1,342
BRDA:128,13,0,44
BRDA:128,13,1,296
BRDA:133,14,0,44
BRDA:133,14,1,42
BRDA:133,15,0,42
BRDA:133,15,1,2
BRDA:133,16,0,44
BRDA:133,16,1,44
BRDA:139,17,0,2
BRDA:139,17,1,42
BRDA:141,18,0,1
BRDA:141,18,1,1
BRDA:163,19,0,4
BRDA:163,19,1,40
BRDA:180,20,0,147
BRDA:180,20,1,36
BRDA:198,21,0,7
BRDA:198,21,1,140
BRDA:198,22,0,147
BRDA:198,22,1,147
BRDA:213,23,0,7
BRDA:213,23,1,140
BRDA:213,24,0,147
BRDA:213,24,1,147
BRDA:216,25,0,2
BRDA:216,25,1,145
BRDA:216,26,0,147
BRDA:216,26,1,140
BRDA:221,27,0,11
BRDA:221,27,1,13
BRDA:225,28,0,12
BRDA:225,28,1,1
BRF:60
BRH:60
end_of_record
TN:
SF:src/utils/isMobileViewport.ts
FN:3,(anonymous_0)
FNF:1
FNH:1
FNDA:61,(anonymous_0)
DA:1,4
DA:3,4
DA:7,61
LF:3
LH:3
BRDA:7,0,0,61
BRDA:7,0,1,60
BRF:2
BRH:2
end_of_record
TN:
SF:src/utils/isNumber.ts
FN:1,(anonymous_0)
FN:3,(anonymous_1)
FN:6,(anonymous_2)
FNF:3
FNH:3
FNDA:559,(anonymous_0)
FNDA:539,(anonymous_1)
FNDA:535,(anonymous_2)
DA:1,559
DA:3,16
DA:4,539
DA:6,16
DA:7,535
LF:5
LH:5
BRDA:4,0,0,539
BRDA:4,0,1,376
BRDA:7,1,0,535
BRDA:7,1,1,370
BRF:4
BRH:4
end_of_record
TN:
SF:src/utils/isString.ts
FN:1,(anonymous_0)
FNF:1
FNH:1
FNDA:1111,(anonymous_0)
DA:1,1111
LF:1
LH:1
BRF:0
BRH:0
end_of_record
TN:
SF:src/utils/noop.ts
FN:1,(anonymous_0)
FNF:1
FNH:1
FNDA:24,(anonymous_0)
DA:1,14
LF:1
LH:1
BRF:0
BRH:0
end_of_record
TN:
SF:src/utils/queuedPromiseFactory.ts
FN:12,(anonymous_0)
FN:17,(anonymous_1)
FN:22,(anonymous_2)
FN:33,(anonymous_3)
FN:35,(anonymous_4)
FN:38,(anonymous_5)
FNF:6
FNH:5
FNDA:51,(anonymous_0)
FNDA:0,(anonymous_1)
FNDA:72,(anonymous_2)
FNDA:67,(anonymous_3)
FNDA:6,(anonymous_4)
FNDA:57,(anonymous_5)
DA:5,6
DA:12,6
DA:17,56
DA:19,51
DA:20,51
DA:22,273
DA:23,72
DA:24,11
DA:25,5
DA:29,67
DA:31,67
DA:35,67
DA:37,67
DA:39,57
DA:40,57
DA:46,67
LF:16
LH:16
BRDA:17,0,0,5
BRDA:17,0,1,46
BRDA:23,1,0,11
BRDA:23,1,1,61
BRDA:24,2,0,5
BRDA:24,2,1,6
BRDA:29,3,0,6
BRDA:29,3,1,61
BRF:8
BRH:8
end_of_record
TN:
SF:src/utils/scrollToTop.ts
FN:1,(anonymous_0)
FNF:1
FNH:0
FNDA:0,(anonymous_0)
DA:1,2
DA:2,0
DA:3,0
DA:5,0
DA:7,0
DA:13,0
DA:14,0
DA:19,0
DA:20,0
DA:23,0
LF:10
LH:1
BRDA:5,0,0,0
BRDA:5,0,1,0
BRDA:8,1,0,0
BRDA:8,1,1,0
BRDA:7,2,0,0
BRDA:7,2,1,0
BRDA:10,3,0,0
BRDA:10,3,1,0
BRDA:13,4,0,0
BRDA:13,4,1,0
BRF:10
BRH:0
end_of_record
TN:
SF:src/utils/suggestion.ts
FN:5,(anonymous_0)
FN:8,(anonymous_1)
FNF:2
FNH:2
FNDA:21,(anonymous_0)
FNDA:16,(anonymous_1)
DA:5,3
DA:6,21
DA:8,3
DA:9,16
LF:4
LH:4
BRDA:6,0,0,21
BRDA:6,0,1,8
BRDA:6,0,2,5
BRDA:9,1,0,16
BRDA:9,1,1,3
BRF:5
BRH:5
end_of_record
TN:
SF:src/utils/throttle.ts
FN:6,(anonymous_0)
FN:13,(anonymous_1)
FN:17,(anonymous_2)
FN:26,(anonymous_3)
FNF:4
FNH:4
FNDA:86,(anonymous_0)
FNDA:123,(anonymous_1)
FNDA:59,(anonymous_2)
FNDA:2,(anonymous_3)
DA:6,4
DA:11,86
DA:13,395
DA:14,123
DA:15,46
DA:17,77
DA:18,59
DA:19,59
DA:20,59
DA:22,77
DA:26,86
DA:27,2
DA:28,1
DA:32,86
LF:14
LH:14
BRDA:14,0,0,46
BRDA:14,0,1,77
BRDA:19,1,0,28
BRDA:19,1,1,31
BRDA:27,2,0,1
BRDA:27,2,1,1
BRF:6
BRH:6
end_of_record
